0,1,0,0,1,0,7,n,2562.170,1648.061
0,1,0,0,1,0,7,c,2564.175,1653.884
0,1,0,0,1,0,7,t,2564.161,1663.891
0,1,0,0,1,1,7,n,2363.314,1295.124
0,1,0,0,1,1,7,t,2365.239,1314.586
0,1,0,1,1,0,7,n,2431.575,1572.029
0,1,0,0,1,1,7,c,2365.246,1306.630
0,1,0,0,1,2,7,n,2252.497,1277.935
0,1,0,1,1,0,7,c,2433.555,1577.500
0,1,0,1,1,0,7,t,2433.544,1586.906
0,1,0,0,1,2,7,t,2254.469,1297.926
0,1,0,1,1,1,7,n,2364.378,1282.988
0,1,0,0,1,2,7,c,2254.485,1290.430
0,1,0,1,1,1,7,t,2366.303,1302.237
0,1,0,1,1,1,7,c,2366.310,1294.385
0,1,0,1,1,2,7,n,2248.018,1240.019
0,1,0,1,1,2,7,t,2249.962,1258.414
0,1,0,2,1,0,7,n,2316.359,1549.009
0,1,0,1,1,2,7,c,2251.962,1251.353
0,1,0,2,1,0,7,c,2318.339,1554.539
0,1,0,2,1,0,7,t,2318.329,1563.688
0,1,0,2,1,1,7,n,2267.160,1269.758
0,1,0,2,1,1,7,t,2269.131,1289.223
0,1,0,2,1,1,7,c,2269.142,1281.727
0,1,0,2,1,2,7,n,2249.990,1240.002
0,1,0,2,1,2,7,c,2246.082,1267.950
0,1,0,2,1,2,7,t,2251.934,1256.077
0,1,0,7,1,0,7,n,1673.271,1165.178
0,1,0,0,1,7,7,t,4781.239,911228729.469
0,1,0,0,1,7,7,c,3553.621,923700261.622
0,1,0,1,1,7,7,c,3913.851,13195172082166832.000
0,1,0,1,1,7,7,t,4147.414,626900058280442112.000
0,1,0,7,1,0,7,c,1675.249,1169.970
0,1,0,7,1,1,7,n,1668.028,1086.885
0,1,0,7,1,0,7,t,1675.247,1176.151
0,1,0,2,1,7,7,c,4374.230,798133308247313152.000
0,1,0,2,1,7,7,t,4321.444,1008735983553891840.000
0,1,0,7,1,2,7,n,1670.001,1121.189
0,1,1,0,1,0,7,n,2395.667,934.161
0,1,1,0,1,0,7,c,2393.022,942.692
0,1,1,0,1,0,7,t,2397.635,948.844
0,1,1,0,1,1,7,n,2200.763,742.463
0,1,0,7,1,1,7,c,1670.882,1093.908
0,1,1,0,1,1,7,c,2202.716,753.957
0,1,1,0,1,1,7,t,2202.711,756.444
0,1,0,7,1,1,7,t,1669.695,1116.134
0,1,1,0,1,2,7,n,2095.909,734.886
0,1,1,0,1,2,7,c,2097.869,750.860
0,1,1,0,1,2,7,t,2097.859,749.038
0,1,0,7,1,2,7,c,1679.463,1025.612
0,1,1,1,1,0,7,n,2280.579,873.667
0,1,1,1,1,0,7,c,2282.464,880.087
0,1,1,1,1,0,7,t,2282.474,885.146
0,1,0,7,1,2,7,t,1675.670,1078.875
0,1,1,1,1,1,7,n,2201.953,738.189
0,1,1,1,1,1,7,t,2246.259,744.470
0,1,1,1,1,1,7,c,2203.859,750.033
0,1,1,1,1,2,7,n,2093.568,728.108
0,1,1,1,1,2,7,c,2096.818,777.134
0,1,1,1,1,2,7,t,2095.589,730.100
0,1,0,7,1,7,7,c,1704.084,1124.237
0,1,1,2,1,0,7,n,2170.226,856.403
0,1,1,0,1,7,7,t,377.993,14625246075594058.000
0,1,1,2,1,0,7,c,2172.111,862.388
0,1,1,2,1,0,7,t,2172.116,867.673
0,1,1,0,1,7,7,n,191.418,1020725315216004224.000
0,1,1,2,1,1,7,n,2126.288,736.388
0,1,1,0,1,7,7,c,20.000,75490173657872112.000
0,1,1,2,1,1,7,c,2128.223,737.426
0,1,1,2,1,1,7,t,2128.240,745.990
0,1,1,2,1,2,7,n,2095.532,731.601
0,1,1,2,1,2,7,t,2098.697,755.968
0,1,0,7,1,7,7,t,1704.095,1124.625
0,1,1,2,1,2,7,c,2097.552,726.357
0,1,1,1,1,7,7,n,831.645,915979719814407799057158817443216292650680320.000
0,1,1,1,1,7,7,c,6021.967,12611784158258778.000
0,1,1,1,1,7,7,t,178.132,912730903750189440.000
0,1,1,7,1,0,7,n,1568.501,674.534
0,1,1,2,1,7,7,c,447.306,3483619960412642816.000
0,1,1,7,1,0,7,c,1608.822,716.231
0,1,1,2,1,7,7,n,1615.111,1797697953772636173500416.000
0,1,1,7,1,0,7,t,1570.449,684.387
0,1,1,2,1,7,7,t,24.000,13197492742978740505366411340774629179392.000
0,1,1,7,1,1,7,n,1564.982,645.688
0,1,1,7,1,1,7,c,1598.258,678.499
0,1,2,0,1,0,7,n,2315.731,934.790
0,1,2,0,1,0,7,c,2322.314,956.543
0,1,2,0,1,0,7,t,2321.887,957.086
0,1,2,0,1,1,7,n,2126.017,615.990
0,1,2,0,1,1,7,c,2128.403,646.460
0,1,1,7,1,1,7,t,1572.349,754.507
0,1,2,0,1,1,7,t,2167.944,652.882
0,1,1,7,1,2,7,n,1593.366,601.915
0,1,2,0,1,2,7,n,2011.677,661.588
0,1,2,0,1,2,7,c,2058.874,707.255
0,1,1,7,1,2,7,c,1617.030,696.862
0,1,2,0,1,2,7,t,2059.148,647.112
0,1,1,7,1,2,7,t,1619.547,656.903
0,1,2,1,1,0,7,n,2216.435,864.817
0,1,2,1,1,0,7,c,2227.900,803.826
0,1,2,1,1,0,7,t,2233.655,807.896
0,1,2,1,1,1,7,n,2121.670,657.166
0,1,2,1,1,1,7,c,2166.964,686.171
0,1,2,1,1,1,7,t,2167.252,675.847
0,1,2,1,1,2,7,n,2011.407,651.998
0,1,1,7,1,7,7,n,1600.004,675.572
0,1,1,7,1,7,7,c,1601.927,717.249
0,1,2,1,1,2,7,c,2060.770,676.276
0,1,2,1,1,2,7,t,2061.097,684.946
0,1,2,2,1,0,7,n,2099.506,784.637
0,1,1,7,1,7,7,t,1601.933,678.045
0,1,2,2,1,0,7,c,2122.272,773.658
0,1,2,2,1,0,7,t,2122.412,764.701
0,1,2,2,1,1,7,n,2078.948,618.018
0,1,2,2,1,1,7,c,2105.344,693.966
0,1,2,2,1,1,7,t,2107.893,668.167
0,1,2,2,1,2,7,n,2046.381,610.964
0,1,2,0,1,7,7,n,4433.365,18848251113578940.000
0,1,2,0,1,7,7,c,4180.605,724737393563687.875
0,1,2,2,1,2,7,c,2060.539,679.865
0,1,2,0,1,7,7,t,4228.785,23340384950366960.000
0,1,2,2,1,2,7,t,2061.098,678.601
0,1,2,1,1,7,7,n,4100.468,45045115509276188672.000
0,1,2,1,1,7,7,t,4180.110,11058697143331839051935857189021589785358456777805374945351669836672925696.000
0,1,2,1,1,7,7,c,624.365,39794503488351608.000
0,1,2,7,1,0,7,c,1574.446,613.592
0,1,2,7,1,0,7,n,1569.314,524.989
0,1,2,2,1,7,7,t,4293.825,46217270524740587831164928.000
0,1,2,2,1,7,7,c,4293.825,1255588076136472202232987648.000
0,1,2,2,1,7,7,n,2071.679,32154443073988490421872885760.000
0,1,2,7,1,0,7,t,1576.277,598.138
0,1,2,7,1,1,7,n,1575.395,575.465
0,1,2,7,1,1,7,c,1576.534,621.670
0,1,3,0,1,0,7,n,2329.003,877.639
0,1,3,0,1,0,7,c,2330.236,797.649
0,1,3,0,1,0,7,t,2330.641,886.762
0,1,3,0,1,1,7,n,2109.349,651.122
0,1,3,0,1,1,7,c,2159.760,555.818
0,1,3,0,1,1,7,t,2159.472,730.689
0,1,3,0,1,2,7,n,2001.061,810.446
0,1,3,0,1,2,7,c,2085.206,844.029
0,1,2,7,1,1,7,t,1578.237,590.987
0,1,2,7,1,2,7,c,1588.419,604.939
0,1,2,7,1,2,7,n,1577.312,553.894
0,1,3,0,1,2,7,t,2086.035,702.239
0,1,3,1,1,0,7,n,2218.185,790.861
0,1,2,7,1,2,7,t,1579.434,595.775
0,1,3,1,1,0,7,c,2266.797,825.908
0,1,3,1,1,0,7,t,2268.295,865.913
0,1,3,1,1,1,7,n,2107.610,648.227
0,1,3,1,1,1,7,c,2193.452,761.463
0,1,3,1,1,1,7,t,2194.186,827.920
0,1,2,7,1,7,7,c,1555.853,641.883
0,1,3,1,1,2,7,n,2003.593,721.721
0,1,3,1,1,2,7,c,2086.631,610.163
0,1,2,7,1,7,7,n,1554.426,619.895
0,1,3,1,1,2,7,t,2087.377,704.801
0,1,3,2,1,0,7,n,2110.312,751.145
0,1,3,2,1,0,7,c,2156.494,802.743
0,1,3,0,1,7,7,n,4986.835,14729710753511626.000
0,1,2,7,1,7,7,t,1597.210,634.804
0,1,3,2,1,0,7,t,2158.175,769.075
0,1,3,0,1,7,7,c,4083.048,11885957097535104.000
0,1,3,2,1,1,7,n,2102.640,614.907
0,1,3,2,1,1,7,c,2148.479,721.420
0,1,3,2,1,1,7,t,2149.871,697.116
0,1,3,2,1,2,7,n,2018.557,612.364
0,1,3,2,1,2,7,c,2087.174,737.568
0,1,3,0,1,7,7,t,4369.844,448081174859670.625
0,1,3,2,1,2,7,t,2088.001,698.795
0,1,3,1,1,7,7,c,6810.755,1708764416850101248.000
0,1,3,1,1,7,7,t,4228.678,21238787410589474023230317214253568699027481274627138420473856.000
0,1,3,1,1,7,7,n,7269.360,14680928369174670.000
0,1,3,2,1,7,7,n,3809.688,176575106237556064256.000
0,1,3,2,1,7,7,c,197.107,3045573420002531252109312.000
0,1,3,7,1,0,7,n,1609.491,587.003
0,1,3,2,1,7,7,t,4215.194,4079618450177670971664616875098112.000
0,1,3,7,1,0,7,c,1637.990,677.138
0,1,3,7,1,0,7,t,1611.546,628.110
0,1,3,7,1,1,7,n,1610.765,592.116
0,1,3,7,1,1,7,c,1616.292,712.946
0,1,4,0,1,0,7,n,2311.182,814.664
0,1,4,0,1,0,7,c,2312.772,808.893
0,1,4,0,1,0,7,t,2312.929,843.799
0,1,3,7,1,1,7,t,1613.544,634.611
0,1,3,7,1,2,7,n,1612.996,649.851
0,1,4,0,1,1,7,n,2093.083,677.204
0,1,4,0,1,1,7,c,2180.222,843.647
0,1,3,7,1,2,7,c,1637.848,719.626
0,1,4,0,1,1,7,t,2181.458,755.737
0,1,3,7,1,2,7,t,1615.046,632.899
0,1,4,0,1,2,7,n,2015.032,682.895
0,1,4,0,1,2,7,c,2073.239,771.710
0,1,4,0,1,2,7,t,2073.662,605.491
0,1,4,1,1,0,7,n,2268.730,744.713
0,1,4,1,1,0,7,t,2270.432,815.366
0,1,4,1,1,0,7,c,2269.810,799.766
0,1,4,1,1,1,7,n,2100.375,654.997
0,1,4,1,1,1,7,c,2181.524,717.913
0,1,4,1,1,1,7,t,2182.206,714.907
0,1,4,1,1,2,7,n,2060.420,722.646
0,1,4,1,1,2,7,c,2074.228,694.067
0,1,3,7,1,7,7,n,1588.743,604.564
0,1,4,1,1,2,7,t,2075.060,716.990
0,1,3,7,1,7,7,c,1583.806,669.899
0,1,4,2,1,0,7,n,2159.145,675.724
0,1,4,2,1,0,7,c,2160.127,737.961
0,1,4,0,1,7,7,c,4007.416,182745609828461568.000
0,1,4,0,1,7,7,n,4313.530,79858650150472.188
0,1,4,2,1,0,7,t,2160.894,771.645
0,1,4,0,1,7,7,t,4345.040,11048066270760510.000
0,1,4,2,1,1,7,n,2150.410,646.051
0,1,4,2,1,1,7,c,2152.120,758.973
0,1,4,2,1,1,7,t,2152.782,716.232
0,1,4,2,1,2,7,n,2073.384,672.883
0,1,4,2,1,2,7,c,2074.246,671.110
0,1,3,7,1,7,7,t,1621.938,742.011
0,1,4,2,1,2,7,t,2075.216,704.891
0,1,4,1,1,7,7,n,4155.108,6322835426553359.000
0,1,4,1,1,7,7,c,4228.339,65836162399271432.000
0,1,4,1,1,7,7,t,3352.814,31964333746602708.000
0,1,4,2,1,7,7,n,356.665,18791996593328910336.000
0,1,4,7,1,0,7,c,1612.948,625.622
0,1,4,7,1,0,7,n,1607.980,600.838
0,1,4,2,1,7,7,t,30.000,398942181163836013171492796568132648960.000
0,1,4,7,1,0,7,t,1614.498,631.151
0,1,4,2,1,7,7,c,6242.299,66444805977701564416.000
0,1,4,7,1,1,7,n,1613.972,616.597
0,1,4,7,1,1,7,c,1614.731,624.114
1,1,0,0,1,0,7,n,2474.689,1114.627
1,1,0,0,1,0,7,c,2476.683,1118.244
1,1,0,0,1,0,7,t,2476.676,1125.384
1,1,0,0,1,1,7,n,2273.849,868.448
1,1,0,0,1,1,7,c,2275.828,873.658
1,1,0,0,1,1,7,t,2275.846,878.423
1,1,0,0,1,2,7,n,2164.671,856.291
1,1,0,0,1,2,7,c,2166.648,863.803
1,1,0,0,1,2,7,t,2166.649,868.010
0,1,4,7,1,2,7,n,1615.992,620.003
0,1,4,7,1,1,7,t,1616.506,621.109
0,1,4,7,1,2,7,c,1618.099,699.610
1,1,0,1,1,0,7,n,2321.386,939.877
1,1,0,1,1,0,7,c,2323.383,942.664
1,1,0,1,1,0,7,t,2323.385,947.831
1,1,0,1,1,1,7,n,2275.624,864.686
1,1,0,1,1,1,7,c,2277.601,869.810
1,1,0,1,1,1,7,t,2277.621,874.504
0,1,4,7,1,2,7,t,1618.000,625.579
1,1,0,1,1,2,7,n,2160.161,850.979
1,1,0,1,1,2,7,c,2162.930,833.119
1,1,0,1,1,2,7,t,2162.160,854.025
1,1,0,0,1,7,7,t,4406.223,60280040.384
1,1,0,0,1,7,7,n,4476.128,68447819.555
1,1,0,2,1,0,7,n,2205.908,921.591
1,1,0,2,1,0,7,c,2207.908,924.432
1,1,0,0,1,7,7,c,4424.054,906071666.486
0,1,4,7,1,7,7,n,1591.163,645.580
1,1,0,2,1,0,7,t,2207.906,929.294
1,1,0,2,1,1,7,n,2165.630,876.152
1,1,0,2,1,1,7,c,2167.624,883.527
1,1,0,2,1,1,7,t,2167.618,888.000
1,1,0,2,1,2,7,n,2162.068,846.663
1,1,0,2,1,2,7,c,2164.240,874.814
1,1,0,2,1,2,7,t,2164.067,863.120
0,1,4,7,1,7,7,c,1570.346,709.867
1,1,0,1,1,7,7,n,4057.861,829005537626652032.000
1,1,0,1,1,7,7,c,4276.360,3235997189874177061458804736.000
0,1,4,7,1,7,7,t,1633.681,837.797
1,1,0,1,1,7,7,t,3937.055,28031826314907296.000
1,1,0,7,1,0,7,n,1600.158,832.213
1,1,0,2,1,7,7,n,4322.558,2545655686291208192.000
1,1,0,7,1,0,7,c,1602.159,834.903
1,1,0,2,1,7,7,c,4362.453,28428659488000909312.000
1,1,0,2,1,7,7,t,4165.874,154230646227344916480.000
1,1,0,7,1,0,7,t,1602.142,839.169
1,1,0,7,1,1,7,n,1597.970,792.728
1,1,0,7,1,1,7,c,1600.666,801.116
1,1,1,0,1,0,7,n,2358.839,796.524
1,1,1,0,1,0,7,c,2360.798,803.123
1,1,1,0,1,0,7,t,2369.299,808.861
1,1,1,0,1,1,7,n,2163.619,617.028
1,1,1,0,1,1,7,c,2165.531,620.751
1,1,1,0,1,1,7,t,2165.553,623.949
1,1,0,7,1,1,7,t,1599.943,856.535
1,1,1,0,1,2,7,n,2058.377,603.361
1,1,1,0,1,2,7,c,2060.350,613.037
1,1,1,0,1,2,7,t,2060.345,613.939
1,1,0,7,1,2,7,n,1600.328,801.749
1,1,0,7,1,2,7,c,1615.861,800.472
1,1,1,1,1,0,7,n,2227.032,695.202
1,1,0,7,1,2,7,t,1602.872,851.617
1,1,1,1,1,0,7,c,2228.972,698.870
1,1,1,1,1,0,7,t,2228.980,702.394
1,1,1,1,1,1,7,n,2164.814,611.865
1,1,1,1,1,1,7,c,2170.614,624.807
1,1,1,1,1,1,7,t,2166.757,619.170
1,1,1,1,1,2,7,n,2060.247,608.361
1,1,1,1,1,2,7,c,2096.976,614.938
1,1,1,1,1,2,7,t,2063.174,619.326
1,1,0,7,1,7,7,n,1645.508,822.486
1,1,0,7,1,7,7,c,1647.472,838.538
1,1,1,2,1,0,7,n,2113.623,663.885
1,1,0,7,1,7,7,t,1647.513,830.449
1,1,1,0,1,7,7,t,4910.181,1633645692784107489366290283855470426103687637697877271595532730218829005238389941179378661384622977012358116036034371642017189986304.000
1,1,1,0,1,7,7,c,3931.072,29703803143904856463376384.000
1,1,1,2,1,0,7,c,2115.571,667.441
1,1,1,2,1,0,7,t,2115.570,670.482
1,1,1,2,1,1,7,n,2076.609,613.219
1,1,1,0,1,7,7,n,5273.839,2282277167.451
1,1,1,2,1,1,7,c,2098.850,629.209
1,1,1,2,1,2,7,n,2054.553,556.275
1,1,1,2,1,1,7,t,2092.323,633.959
1,1,1,2,1,2,7,c,2111.623,644.041
1,1,1,2,1,2,7,t,2113.407,652.775
1,1,1,1,1,7,7,n,4333.749,37937296820530968.000
1,1,1,1,1,7,7,c,3998.440,28529973673052340.000
1,1,1,1,1,7,7,t,3121.496,35480198876538492.000
1,1,1,7,1,0,7,n,1532.031,583.692
1,1,1,2,1,7,7,n,4522.473,81699754879177456573174193633551909346001929380249799056742227165731555745502981824524967111676011409695759026441040013439018165522661376.000
1,1,1,7,1,0,7,c,1567.099,662.730
1,1,1,2,1,7,7,c,4261.363,74250361625873448739264819306042817209420997754646584987949549675322515277875937979391803392.000
1,1,1,2,1,7,7,t,3668.193,56913987491064516182016.000
1,1,1,7,1,0,7,t,1534.010,606.965
1,1,1,7,1,1,7,n,1530.602,593.427
1,1,1,7,1,1,7,c,1572.613,569.312
1,1,2,0,1,0,7,n,2315.129,836.803
1,1,1,7,1,1,7,t,1544.647,578.631
1,1,2,0,1,0,7,c,2316.962,854.958
1,1,2,0,1,0,7,t,2316.454,848.902
1,1,2,0,1,1,7,n,2126.631,702.758
1,1,2,0,1,1,7,c,2159.765,716.209
1,1,2,0,1,1,7,t,2162.528,703.083
1,1,1,7,1,2,7,n,1536.229,609.667
1,1,2,0,1,2,7,n,2015.970,559.298
1,1,1,7,1,2,7,c,1591.284,605.598
1,1,2,0,1,2,7,c,2053.174,703.938
1,1,2,0,1,2,7,t,2053.523,688.847
1,1,1,7,1,2,7,t,1591.579,651.746
1,1,2,1,1,0,7,n,2212.611,776.988
1,1,2,1,1,0,7,c,2213.806,780.671
1,1,2,1,1,0,7,t,2213.844,785.334
1,1,2,1,1,1,7,n,2153.806,558.519
1,1,2,1,1,1,7,c,2161.109,702.955
1,1,2,1,1,1,7,t,2161.444,707.400
1,1,1,7,1,7,7,c,1588.389,627.536
1,1,2,1,1,2,7,n,2054.011,648.970
1,1,1,7,1,7,7,n,1585.719,599.067
1,1,2,1,1,2,7,c,2055.203,704.507
1,1,2,1,1,2,7,t,2056.127,714.421
1,1,1,7,1,7,7,t,1588.066,597.194
1,1,2,2,1,0,7,n,2092.403,762.604
1,1,2,0,1,7,7,n,4475.040,4473107524550.577
1,1,2,2,1,0,7,t,2103.304,766.297
1,1,2,2,1,0,7,c,2103.281,761.823
1,1,2,2,1,1,7,n,2060.392,644.818
1,1,2,0,1,7,7,t,4475.274,7815687607209.814
1,1,2,0,1,7,7,c,4637.609,19528953268987.414
1,1,2,2,1,1,7,c,2087.231,692.616
1,1,2,2,1,1,7,t,2087.539,692.523
1,1,2,2,1,2,7,n,2051.320,604.779
1,1,2,2,1,2,7,c,2055.762,697.012
1,1,2,2,1,2,7,t,2055.698,677.754
1,1,2,1,1,7,7,n,4392.692,80629424465085424.000
1,1,2,1,1,7,7,t,4315.579,416572910225342400.000
1,1,2,1,1,7,7,c,4315.783,40701349551492960.000
1,1,2,2,1,7,7,n,4706.710,1807715508553509120.000
1,1,2,2,1,7,7,c,4779.548,5177458845873645568.000
1,1,2,7,1,0,7,n,1555.166,609.607
1,1,2,2,1,7,7,t,4872.533,6262253599590699008.000
1,1,2,7,1,0,7,c,1555.348,609.633
1,1,2,7,1,0,7,t,1556.960,594.583
1,1,2,7,1,1,7,n,1556.788,606.532
1,1,2,7,1,1,7,c,1561.163,618.358
1,1,3,0,1,0,7,n,2317.219,868.021
1,1,3,0,1,0,7,c,2321.443,883.715
1,1,3,0,1,0,7,t,2320.474,908.167
1,1,2,7,1,1,7,t,1558.695,596.170
1,1,3,0,1,1,7,n,2113.297,713.707
1,1,2,7,1,2,7,n,1558.242,607.721
1,1,3,0,1,1,7,c,2176.308,726.148
1,1,2,7,1,2,7,c,1570.540,613.509
1,1,2,7,1,2,7,t,1560.036,595.285
1,1,3,0,1,1,7,t,2178.101,724.023
1,1,3,0,1,2,7,n,2003.211,693.547
1,1,3,0,1,2,7,c,2069.453,719.288
1,1,3,0,1,2,7,t,2070.488,693.181
1,1,3,1,1,0,7,n,2203.791,760.168
1,1,3,1,1,0,7,c,2237.827,851.222
1,1,3,1,1,0,7,t,2239.163,848.013
1,1,3,1,1,1,7,n,2155.384,680.462
1,1,3,1,1,1,7,c,2177.488,689.445
1,1,3,1,1,1,7,t,2178.557,695.652
1,1,3,1,1,2,7,n,2070.498,527.353
1,1,2,7,1,7,7,n,1541.863,648.809
1,1,3,1,1,2,7,c,2070.836,708.994
1,1,3,1,1,2,7,t,2072.383,704.076
1,1,2,7,1,7,7,c,1549.942,608.712
1,1,3,2,1,0,7,n,2127.039,674.250
1,1,3,2,1,0,7,c,2127.132,750.633
1,1,3,0,1,7,7,t,4377.396,37808245138324646570240555299058350744410798219328770923731553038191407806354219038209237157815039936892625237380347062124677219956547092112998400.000
1,1,3,2,1,0,7,t,2128.984,798.009
1,1,2,7,1,7,7,t,1561.406,626.319
1,1,3,0,1,7,7,n,4348.288,46609474183746464010067662787846340608.000
1,1,3,2,1,1,7,n,2117.498,751.070
1,1,3,2,1,1,7,c,2117.788,682.168
1,1,3,2,1,1,7,t,2119.604,701.214
1,1,3,0,1,7,7,c,4168.151,1693025899802639104.000
1,1,3,2,1,2,7,n,2070.430,678.541
1,1,3,2,1,2,7,c,2070.889,672.586
1,1,3,2,1,2,7,t,2072.820,690.148
1,1,3,1,1,7,7,n,3854.962,1185761823567802793984.000
1,1,3,1,1,7,7,t,3960.798,331446956047251278898277155704683777389276052328932129097125201163250779029504.000
1,1,3,1,1,7,7,c,3854.661,5333786974272937.000
1,1,3,7,1,0,7,n,1581.523,536.126
1,1,3,7,1,0,7,c,1580.141,567.510
1,1,3,2,1,7,7,t,363.372,423480099856472202018816.000
1,1,3,2,1,7,7,n,4751.450,1003454339025342000267264.000
1,1,3,2,1,7,7,c,3173.245,1301241248423104444588732076023446056728515919324933722160637112005689344.000
1,1,3,7,1,1,7,n,1582.920,664.737
1,1,3,7,1,0,7,t,1583.920,612.130
1,1,3,7,1,1,7,c,1580.477,686.325
1,1,4,0,1,0,7,n,2298.343,832.641
1,1,4,0,1,0,7,c,2300.046,870.784
1,1,4,0,1,0,7,t,2300.064,790.999
1,1,4,0,1,1,7,n,2124.981,596.504
1,1,4,0,1,1,7,c,2181.458,705.863
1,1,3,7,1,1,7,t,1585.827,629.552
1,1,3,7,1,2,7,n,1585.301,630.553
1,1,4,0,1,1,7,t,2165.086,725.812
1,1,3,7,1,2,7,c,1585.983,659.880
1,1,4,0,1,2,7,n,2054.027,694.772
1,1,4,0,1,2,7,c,2057.322,689.584
1,1,4,0,1,2,7,t,2057.714,731.747
1,1,4,1,1,0,7,n,2237.662,809.491
1,1,4,1,1,0,7,c,2238.826,806.266
1,1,3,7,1,2,7,t,1587.707,616.772
1,1,4,1,1,0,7,t,2239.645,811.986
1,1,4,1,1,1,7,n,2163.259,752.773
1,1,4,1,1,1,7,c,2165.064,696.712
1,1,4,1,1,1,7,t,2165.548,725.816
1,1,4,1,1,2,7,n,2055.904,716.370
1,1,4,1,1,2,7,c,2059.279,648.633
1,1,4,1,1,2,7,t,2058.945,691.663
1,1,3,7,1,7,7,c,1557.400,635.045
1,1,3,7,1,7,7,n,1556.932,620.440
1,1,4,2,1,0,7,n,2112.500,740.567
1,1,4,0,1,7,7,n,3595.828,3797817596088342874672300901998003923246831565715293012395172606433781575438034125103918891760069118055311689262047109840896.000
1,1,3,7,1,7,7,t,1570.110,603.143
1,1,4,0,1,7,7,c,3905.066,34824638493299.254
1,1,4,0,1,7,7,t,4350.605,709675107157704248562010907878311274115176097945469328786429319441138372748452249757111848044991867517780708815776128759234560.000
1,1,4,2,1,0,7,c,2129.786,769.484
1,1,4,2,1,0,7,t,2130.580,767.607
1,1,4,2,1,1,7,n,2119.124,715.160
1,1,4,2,1,1,7,t,2121.260,718.526
1,1,4,2,1,1,7,c,2121.883,720.524
1,1,4,2,1,2,7,n,2054.271,681.897
1,1,4,2,1,2,7,c,2058.304,646.209
1,1,4,2,1,2,7,t,2059.239,710.679
1,1,4,1,1,7,7,c,3990.919,80349740339861627932871067959296.000
1,1,4,1,1,7,7,t,3507.943,43263182977271448.000
1,1,4,1,1,7,7,n,4171.049,152496897382823040.000
1,1,4,7,1,0,7,n,1584.105,659.249
1,1,4,2,1,7,7,n,3835.885,60854484532902355795968.000
1,1,4,2,1,7,7,c,4529.422,18234916412201486000960817077791840652662437851693970294274134997371131056867207764947762088933613117636608.000
1,1,4,7,1,0,7,c,1583.208,702.833
1,1,4,2,1,7,7,t,3815.761,404826085657269968897271806574070253748224.000
1,1,4,7,1,0,7,t,1586.108,629.924
1,1,4,7,1,1,7,n,1585.842,662.103
1,1,4,7,1,1,7,c,1590.006,660.982
2,1,0,0,1,0,7,n,2430.797,1002.848
2,1,0,0,1,0,7,c,2432.795,1006.515
2,1,0,0,1,0,7,t,2432.776,1012.893
2,1,0,0,1,1,7,n,2250.308,766.414
2,1,0,0,1,1,7,c,2252.291,773.017
2,1,0,0,1,1,7,t,2252.307,777.666
2,1,0,0,1,2,7,n,2142.641,741.919
2,1,0,0,1,2,7,c,2144.585,749.148
2,1,0,0,1,2,7,t,2144.593,753.253
1,1,4,7,1,2,7,n,1587.675,633.965
1,1,4,7,1,2,7,c,1593.089,664.133
1,1,4,7,1,1,7,t,1587.999,641.940
2,1,0,1,1,0,7,n,2286.854,874.640
2,1,0,1,1,0,7,c,2288.854,878.052
2,1,0,1,1,0,7,t,2288.852,882.860
2,1,0,1,1,1,7,n,2235.484,758.845
2,1,0,1,1,1,7,c,2237.470,765.361
2,1,0,1,1,1,7,t,2237.483,769.833
1,1,4,7,1,2,7,t,1589.815,648.431
2,1,0,1,1,2,7,n,2141.477,747.818
2,1,0,1,1,2,7,c,2147.103,770.106
2,1,0,1,1,2,7,t,2146.996,772.830
2,1,0,0,1,7,7,n,4508.287,1371037464.775
2,1,0,0,1,7,7,c,4547.047,1368526954.493
2,1,0,2,1,0,7,n,2165.331,834.061
2,1,0,2,1,0,7,c,2167.321,837.382
2,1,0,0,1,7,7,t,3797.542,1397864900.125
1,1,4,7,1,7,7,n,1552.970,645.196
2,1,0,2,1,0,7,t,2167.324,841.994
2,1,0,2,1,1,7,n,2123.220,754.359
2,1,0,2,1,1,7,t,2125.204,765.624
2,1,0,2,1,1,7,c,2125.212,755.855
2,1,0,2,1,2,7,n,2122.261,722.951
1,1,4,7,1,7,7,c,1545.673,660.900
2,1,0,2,1,2,7,c,2129.307,702.076
2,1,0,2,1,2,7,t,2128.002,744.331
1,1,4,7,1,7,7,t,1584.787,703.979
2,1,0,1,1,7,7,c,4357.411,49326613794549576.000
2,1,0,1,1,7,7,t,3459.625,151107501023689824.000
2,1,0,1,1,7,7,n,4218.774,324875783331623616.000
2,1,0,7,1,0,7,n,1566.486,681.895
2,1,0,7,1,0,7,c,1568.479,685.422
2,1,0,2,1,7,7,n,4026.147,14292668226856550400.000
2,1,0,2,1,7,7,c,3845.960,629645696869697536.000
2,1,0,2,1,7,7,t,3895.541,201565063650758197248.000
2,1,0,7,1,0,7,t,1568.459,689.097
2,1,0,7,1,1,7,n,1561.851,629.862
2,1,0,7,1,1,7,c,1563.832,629.683
2,1,1,0,1,0,7,n,2355.437,793.744
2,1,1,0,1,0,7,c,2357.385,806.821
2,1,1,0,1,0,7,t,2357.418,806.160
2,1,1,0,1,1,7,n,2158.088,589.018
2,1,0,7,1,1,7,t,1573.433,652.199
2,1,1,0,1,1,7,c,2160.006,598.465
2,1,1,0,1,2,7,n,2054.243,573.819
2,1,0,7,1,2,7,n,1567.146,700.168
2,1,1,0,1,1,7,t,2159.924,588.356
2,1,1,0,1,2,7,t,2092.515,703.270
2,1,1,0,1,2,7,c,2060.185,594.089
2,1,0,7,1,2,7,c,1568.810,694.513
2,1,0,7,1,2,7,t,1565.232,649.728
2,1,1,1,1,0,7,n,2208.885,698.108
2,1,1,1,1,0,7,c,2210.771,702.412
2,1,1,1,1,0,7,t,2210.773,705.597
2,1,1,1,1,1,7,n,2158.764,580.031
2,1,1,1,1,1,7,c,2160.712,592.189
2,1,1,1,1,1,7,t,2160.761,641.384
2,1,1,1,1,2,7,n,2055.537,585.025
2,1,1,1,1,2,7,c,2059.194,659.556
2,1,1,1,1,2,7,t,2076.400,614.392
2,1,0,7,1,7,7,n,1609.640,638.958
2,1,0,7,1,7,7,c,1611.537,652.171
2,1,0,7,1,7,7,t,1611.556,636.176
2,1,1,2,1,0,7,n,2089.427,646.383
2,1,1,0,1,7,7,c,3969.405,266415869203848203798663805090271433282217019804949767315477071663572336396334267295011551684097224641499244660525754536417906655232.000
2,1,1,2,1,0,7,c,2091.373,654.277
2,1,1,2,1,0,7,t,2091.350,655.160
2,1,1,2,1,1,7,n,2051.518,573.368
2,1,1,0,1,7,7,n,4043.941,600696762641759869256045034376055569724953720029661597007872.000
2,1,1,2,1,1,7,c,2053.433,602.140
2,1,1,2,1,1,7,t,2089.313,585.988
2,1,1,2,1,2,7,n,2046.847,515.844
2,1,1,0,1,7,7,t,4022.504,518872769255902.188
2,1,1,2,1,2,7,c,2113.319,576.309
2,1,1,2,1,2,7,t,2113.533,577.151
2,1,1,1,1,7,7,c,3218.667,100407811378671168.000
2,1,1,1,1,7,7,n,3823.947,58461090157377928.000
2,1,1,1,1,7,7,t,4618.704,304734877937851127084810986414297086871752333663945097216.000
2,1,1,7,1,0,7,n,1511.186,539.058
2,1,1,2,1,7,7,c,4297.739,2619673744276840746319872.000
2,1,1,2,1,7,7,t,4483.039,1631716055360329239139452092686881598642833063936.000
2,1,1,7,1,0,7,c,1520.967,576.809
2,1,1,2,1,7,7,n,2863.562,5205925215861203524779071995487217790147840827337998336.000
2,1,1,7,1,0,7,t,1528.049,511.488
2,1,1,7,1,1,7,n,1508.702,514.466
2,1,1,7,1,1,7,c,1511.375,546.602
2,1,2,0,1,0,7,n,2315.068,817.073
2,1,2,0,1,0,7,c,2346.735,849.599
2,1,2,0,1,0,7,t,2316.625,837.140
2,1,2,0,1,1,7,n,2128.439,670.965
2,1,2,0,1,1,7,c,2162.898,754.873
2,1,2,0,1,1,7,t,2163.191,705.137
2,1,2,0,1,2,7,n,2041.427,644.481
2,1,2,0,1,2,7,c,2053.905,780.161
2,1,1,7,1,1,7,t,1572.205,693.472
2,1,1,7,1,2,7,n,1515.495,525.837
2,1,2,0,1,2,7,t,2054.008,695.092
2,1,1,7,1,2,7,c,1575.026,562.337
2,1,1,7,1,2,7,t,1575.905,536.204
2,1,2,1,1,0,7,n,2196.268,760.216
2,1,2,1,1,0,7,c,2197.846,772.380
2,1,2,1,1,0,7,t,2197.743,770.280
2,1,2,1,1,1,7,n,2160.140,670.273
2,1,2,1,1,1,7,c,2177.012,707.279
2,1,1,7,1,7,7,c,1586.122,559.530
2,1,2,1,1,1,7,t,2161.835,724.217
2,1,2,1,1,2,7,n,2054.071,660.138
2,1,1,7,1,7,7,n,1583.658,543.132
2,1,1,7,1,7,7,t,1585.660,541.353
2,1,2,1,1,2,7,c,2069.332,709.535
2,1,2,1,1,2,7,t,2056.158,718.389
2,1,2,2,1,0,7,n,2083.306,701.385
2,1,2,0,1,7,7,c,1319.930,1201272776730092.000
2,1,2,2,1,0,7,c,2085.106,719.211
2,1,2,0,1,7,7,n,1398.797,23748911821888.680
2,1,2,2,1,0,7,t,2084.903,718.651
2,1,2,2,1,1,7,n,2043.515,619.620
2,1,2,0,1,7,7,t,1398.563,37416582800437.930
2,1,2,2,1,1,7,c,2087.093,660.212
2,1,2,2,1,1,7,t,2070.718,692.563
2,1,2,2,1,2,7,n,2053.921,689.059
2,1,2,2,1,2,7,c,2055.580,669.428
2,1,2,2,1,2,7,t,2055.736,690.105
2,1,2,1,1,7,7,n,1854.607,81276530031159520.000
2,1,2,1,1,7,7,t,1139.518,8382423970902848512.000
2,1,2,1,1,7,7,c,28.000,37266586508295590022535861505481653895449054478020141575805059304185563486803338225095016448.000
2,1,2,2,1,7,7,t,1534.263,5441804347929843990528.000
2,1,2,2,1,7,7,n,1769.381,1875970459943748239360.000
2,1,2,7,1,0,7,n,1525.576,644.289
2,1,2,7,1,0,7,c,1540.778,608.328
2,1,2,2,1,7,7,c,1533.489,13242877268834513846272.000
2,1,2,7,1,1,7,n,1541.090,665.871
2,1,2,7,1,0,7,t,1542.816,615.428
2,1,2,7,1,1,7,c,1548.388,626.902
2,1,3,0,1,0,7,n,2304.761,823.148
2,1,3,0,1,0,7,c,2316.671,814.489
2,1,3,0,1,0,7,t,2316.934,816.189
2,1,3,0,1,1,7,n,2146.914,618.415
2,1,2,7,1,1,7,t,1544.512,602.597
2,1,2,7,1,2,7,c,1555.605,611.505
2,1,3,0,1,1,7,c,2182.423,778.796
2,1,3,0,1,1,7,t,2178.179,706.610
2,1,2,7,1,2,7,t,1546.022,606.190
2,1,2,7,1,2,7,n,1544.208,608.188
2,1,3,0,1,2,7,n,2067.838,749.023
2,1,3,0,1,2,7,t,2070.654,715.354
2,1,3,0,1,2,7,c,2070.151,663.028
2,1,3,1,1,0,7,n,2217.852,767.463
2,1,3,1,1,0,7,c,2221.842,778.996
2,1,3,1,1,0,7,t,2222.671,809.348
2,1,3,1,1,1,7,n,2176.285,757.999
2,1,3,1,1,1,7,c,2177.427,747.546
2,1,3,1,1,1,7,t,2178.508,725.919
2,1,2,7,1,7,7,n,1555.545,664.887
2,1,3,1,1,2,7,n,2070.181,721.949
2,1,3,1,1,2,7,c,2071.843,616.739
2,1,2,7,1,7,7,c,1558.595,630.989
2,1,3,1,1,2,7,t,2072.010,720.471
2,1,3,2,1,0,7,n,2109.931,764.593
2,1,3,2,1,0,7,c,2109.880,743.839
2,1,2,7,1,7,7,t,1560.117,637.416
2,1,3,2,1,0,7,t,2111.662,760.172
2,1,3,0,1,7,7,n,4319.323,4455282559400.819
2,1,3,2,1,1,7,n,2099.020,644.632
2,1,3,0,1,7,7,t,3871.036,356526917083252048827312515527884247731202397636293886838535962935048428756864441543928794290097621717793160547057062367408462380985876057683918848.000
2,1,3,0,1,7,7,c,3721.658,29658783147297564736422191073379250412943634095962849280.000
2,1,3,2,1,1,7,t,2102.884,699.243
2,1,3,2,1,1,7,c,2101.295,653.444
2,1,3,2,1,2,7,n,2070.709,717.895
2,1,3,2,1,2,7,c,2080.700,662.507
2,1,3,2,1,2,7,t,2072.860,690.968
2,1,3,1,1,7,7,n,4875.026,156352253006323712.000
2,1,3,1,1,7,7,t,4201.269,1388634252397659136.000
2,1,3,1,1,7,7,c,4272.766,41735559301121536000232199042008282695373722326373975906582528.000
2,1,3,2,1,7,7,n,4415.917,95634081728404560.000
2,1,3,7,1,0,7,n,1567.605,604.623
2,1,3,7,1,0,7,c,1569.148,675.135
2,1,3,2,1,7,7,t,4809.044,167838628020991817407991542968565906723913066120179416054447777772811004531215882165328830382735360.000
2,1,3,7,1,0,7,t,1569.486,641.511
2,1,3,2,1,7,7,c,4256.340,860578625917580941983744.000
2,1,3,7,1,1,7,n,1569.271,611.037
2,1,3,7,1,1,7,c,1571.910,650.401
2,1,4,0,1,0,7,n,2294.847,829.141
2,1,4,0,1,0,7,c,2301.693,946.682
2,1,4,0,1,0,7,t,2297.820,846.406
2,1,3,7,1,1,7,t,1571.447,644.855
2,1,3,7,1,2,7,n,1571.100,642.838
2,1,4,0,1,1,7,n,2156.256,761.662
2,1,4,0,1,1,7,c,2158.681,721.668
2,1,4,0,1,1,7,t,2158.616,722.446
2,1,4,0,1,2,7,n,2048.386,652.406
2,1,4,0,1,2,7,c,2050.600,764.146
2,1,4,0,1,2,7,t,2052.093,704.505
2,1,3,7,1,2,7,c,1569.253,656.457
2,1,3,7,1,2,7,t,1573.126,628.532
2,1,4,1,1,0,7,n,2215.920,840.966
2,1,4,1,1,0,7,c,2219.093,829.944
2,1,4,1,1,0,7,t,2219.812,831.679
2,1,4,1,1,1,7,n,2157.008,714.172
2,1,4,1,1,1,7,c,2157.694,704.215
2,1,4,1,1,1,7,t,2159.160,724.657
2,1,3,7,1,7,7,n,1556.313,634.035
2,1,3,7,1,7,7,c,1557.502,645.100
2,1,4,1,1,2,7,n,2050.136,727.597
2,1,4,1,1,2,7,t,2053.575,712.606
2,1,3,7,1,7,7,t,1563.781,624.696
2,1,4,1,1,2,7,c,2052.210,775.060
2,1,4,2,1,0,7,n,2106.626,715.382
2,1,4,2,1,0,7,c,2110.886,830.135
2,1,4,2,1,0,7,t,2108.721,761.971
2,1,4,2,1,1,7,n,2096.594,752.388
2,1,4,2,1,1,7,c,2097.924,733.332
2,1,4,0,1,7,7,n,4684.971,860571598764.260
2,1,4,0,1,7,7,c,4547.521,17653041917892974628520099735844043184007290537920496810101571584.000
2,1,4,2,1,1,7,t,2099.020,701.359
2,1,4,0,1,7,7,t,4775.248,3955414520347167743945441869299712.000
2,1,4,2,1,2,7,n,2050.230,686.010
2,1,4,2,1,2,7,t,2053.747,708.979
2,1,4,2,1,2,7,c,2051.492,702.669
2,1,4,1,1,7,7,c,4833.692,1433060786363749002131562555051828462750073543903656681508867342341354487095057726996745011571680644243260691687598965114535936.000
2,1,4,1,1,7,7,n,4285.685,223573696137058048.000
2,1,4,1,1,7,7,t,4208.312,1274370656049426432.000
2,1,4,7,1,0,7,n,1564.152,657.362
2,1,4,2,1,7,7,c,4217.314,25640911162237472768.000
2,1,4,2,1,7,7,n,3287.211,72246584108755226381434338061684661802353051344683714036122914355488489472.000
2,1,4,2,1,7,7,t,3561.812,1139274038352596679339835775778816.000
2,1,4,7,1,0,7,c,1563.612,675.566
2,1,4,7,1,0,7,t,1566.587,654.389
2,1,4,7,1,1,7,n,1565.748,664.473
2,1,4,7,1,1,7,c,1571.309,690.908
3,1,0,0,1,0,7,n,2391.974,901.792
3,1,0,0,1,0,7,c,2393.970,905.111
3,1,0,0,1,0,7,t,2393.939,910.654
3,1,0,0,1,1,7,n,2226.277,687.137
3,1,0,0,1,1,7,c,2228.268,692.949
3,1,0,0,1,1,7,t,2228.277,697.046
3,1,0,0,1,2,7,n,2122.698,673.136
3,1,0,0,1,2,7,c,2124.643,680.216
3,1,0,0,1,2,7,t,2124.647,683.833
2,1,4,7,1,1,7,t,1568.179,657.322
2,1,4,7,1,2,7,n,1567.268,659.958
2,1,4,7,1,2,7,t,1570.210,656.361
3,1,0,1,1,0,7,n,2251.157,800.327
3,1,0,1,1,0,7,c,2253.158,803.342
3,1,0,1,1,0,7,t,2253.153,807.636
2,1,4,7,1,2,7,c,1573.491,668.456
3,1,0,1,1,1,7,n,2198.103,680.511
3,1,0,1,1,1,7,t,2200.102,690.231
3,1,0,1,1,1,7,c,2200.102,686.297
3,1,0,1,1,2,7,n,2123.170,696.724
3,1,0,1,1,2,7,c,2128.662,680.650
3,1,0,1,1,2,7,t,2125.170,712.312
3,1,0,0,1,7,7,n,4497.990,1446145442.987
3,1,0,0,1,7,7,c,4170.029,1442788245.132
2,1,4,7,1,7,7,n,1536.616,631.027
3,1,0,2,1,0,7,n,2128.042,751.063
3,1,0,0,1,7,7,t,4595.352,1455926992.304
3,1,0,2,1,0,7,c,2130.005,754.138
3,1,0,2,1,0,7,t,2130.029,758.151
3,1,0,2,1,1,7,n,2086.410,677.492
3,1,0,2,1,1,7,t,2088.378,688.024
3,1,0,2,1,1,7,c,2088.384,681.133
3,1,0,2,1,2,7,n,2082.237,643.515
3,1,0,2,1,2,7,c,2089.285,653.171
3,1,0,2,1,2,7,t,2082.699,650.758
2,1,4,7,1,7,7,c,1540.785,618.533
3,1,0,1,1,7,7,c,3679.771,5464375948881543168.000
3,1,0,1,1,7,7,n,3860.107,19644540226946080.000
2,1,4,7,1,7,7,t,1543.068,642.049
3,1,0,1,1,7,7,t,4751.482,17640203641366097920.000
3,1,0,7,1,0,7,n,1530.311,693.642
3,1,0,7,1,0,7,c,1532.290,696.900
3,1,0,2,1,7,7,n,3955.326,5218566240859388928.000
3,1,0,2,1,7,7,c,4332.784,234637379434633536.000
3,1,0,2,1,7,7,t,4380.336,94696363306453952.000
3,1,0,7,1,0,7,t,1532.270,700.963
3,1,0,7,1,1,7,n,1529.927,667.056
3,1,0,7,1,1,7,c,1534.169,667.284
3,1,1,0,1,0,7,n,2331.281,791.054
3,1,1,0,1,0,7,c,2333.230,806.766
3,1,1,0,1,0,7,t,2333.254,803.644
3,1,1,0,1,1,7,n,2147.431,591.349
3,1,1,0,1,1,7,c,2149.256,592.363
3,1,1,0,1,1,7,t,2150.274,599.005
3,1,0,7,1,1,7,t,1539.634,657.082
3,1,1,0,1,2,7,n,2046.744,585.670
3,1,0,7,1,2,7,n,1525.461,664.460
3,1,1,0,1,2,7,c,2053.589,619.320
3,1,0,7,1,2,7,c,1527.477,679.945
3,1,1,0,1,2,7,t,2106.873,581.875
3,1,1,1,1,0,7,n,2181.079,706.606
3,1,1,1,1,0,7,c,2205.927,697.573
3,1,0,7,1,2,7,t,1544.178,639.689
3,1,1,1,1,0,7,t,2182.841,712.537
3,1,1,1,1,1,7,n,2134.326,587.524
3,1,1,1,1,1,7,c,2137.391,630.876
3,1,1,1,1,1,7,t,2136.577,649.272
3,1,1,1,1,2,7,n,2046.544,599.495
3,1,1,1,1,2,7,c,2074.353,618.236
3,1,1,1,1,2,7,t,2108.145,577.719
3,1,0,7,1,7,7,n,1577.585,635.754
3,1,0,7,1,7,7,c,1579.614,650.303
3,1,0,7,1,7,7,t,1579.632,620.723
3,1,1,2,1,0,7,n,2061.180,652.034
3,1,1,0,1,7,7,n,3956.157,15395339082.321
3,1,1,2,1,0,7,c,2063.111,655.074
3,1,1,2,1,0,7,t,2063.053,662.458
3,1,1,2,1,1,7,n,2026.301,577.726
3,1,1,0,1,7,7,t,4207.094,525024705445024192230009711495044014761665564934865201647321088.000
3,1,1,0,1,7,7,c,4560.469,155758792923643276049479115031717232267054953516889572651208667327900696674434127346174866168479744.000
3,1,1,2,1,1,7,c,2037.150,600.015
3,1,1,2,1,2,7,n,2021.440,528.845
3,1,1,2,1,1,7,t,2075.056,662.482
3,1,1,2,1,2,7,c,2092.857,647.192
3,1,1,2,1,2,7,t,2094.575,587.314
3,1,1,1,1,7,7,c,4236.532,208115526984201641004803679512952832.000
3,1,1,1,1,7,7,n,4207.333,240100381823785888.000
3,1,1,1,1,7,7,t,4105.926,475489040454375744.000
3,1,1,7,1,0,7,n,1491.184,575.870
3,1,1,2,1,7,7,c,3584.429,1561576951106748284928.000
3,1,1,2,1,7,7,n,5102.258,2810294410926307113093260284102934600510950384599040.000
3,1,1,2,1,7,7,t,4922.445,17066659536509514224925433506299904.000
3,1,1,7,1,0,7,c,1530.154,650.243
3,1,1,7,1,0,7,t,1503.671,567.997
3,1,1,7,1,1,7,n,1489.374,543.518
3,1,1,7,1,1,7,c,1532.868,730.089
3,1,2,0,1,0,7,n,2315.635,832.055
3,1,2,0,1,0,7,c,2336.991,762.594
3,1,2,0,1,0,7,t,2318.425,843.768
3,1,1,7,1,1,7,t,1536.456,669.438
3,1,2,0,1,1,7,n,2127.355,713.495
3,1,2,0,1,1,7,c,2162.624,693.955
3,1,1,7,1,2,7,c,1560.197,673.624
3,1,2,0,1,1,7,t,2163.238,720.596
3,1,2,0,1,2,7,n,2021.749,639.062
3,1,1,7,1,2,7,t,1560.660,516.193
3,1,2,0,1,2,7,c,2066.553,666.957
3,1,1,7,1,2,7,n,1492.478,563.833
3,1,2,0,1,2,7,t,2054.840,701.944
3,1,2,1,1,0,7,n,2182.687,802.448
3,1,2,1,1,0,7,c,2183.970,875.631
3,1,2,1,1,0,7,t,2184.349,877.767
3,1,2,1,1,1,7,n,2160.572,667.259
3,1,1,7,1,7,7,c,1571.727,588.429
3,1,2,1,1,1,7,c,2162.742,733.394
3,1,2,1,1,1,7,t,2163.384,737.173
3,1,1,7,1,7,7,n,1569.226,579.611
3,1,2,1,1,2,7,n,2055.185,712.277
3,1,2,1,1,2,7,t,2057.224,737.739
3,1,2,1,1,2,7,c,2057.455,677.980
3,1,1,7,1,7,7,t,1571.298,582.531
3,1,2,2,1,0,7,n,2067.668,741.487
3,1,2,2,1,0,7,c,2069.717,767.981
3,1,2,0,1,7,7,n,995.572,708973934995012.875
3,1,2,0,1,7,7,t,917.162,58729190157709.859
3,1,2,2,1,0,7,t,2069.278,789.410
3,1,2,2,1,1,7,n,2053.816,667.862
3,1,2,0,1,7,7,c,1078.230,1762440988368386294386359795132600508099377589846581224407040.000
3,1,2,2,1,1,7,c,2064.886,614.432
3,1,2,2,1,1,7,t,2055.754,702.057
3,1,2,2,1,2,7,n,2055.855,690.956
3,1,2,2,1,2,7,c,2070.172,682.703
3,1,2,2,1,2,7,t,2057.821,702.104
3,1,2,1,1,7,7,c,442.420,153864502653508736.000
3,1,2,1,1,7,7,n,28.000,658881946252116096.000
3,1,2,1,1,7,7,t,271.176,176056369827669312.000
3,1,2,2,1,7,7,n,1461.023,33309014324050061688832.000
3,1,2,2,1,7,7,c,974.065,6044007774558576705536.000
3,1,2,7,1,0,7,n,1527.759,603.777
3,1,2,2,1,7,7,t,1056.494,77611814680403300581376.000
3,1,2,7,1,0,7,c,1526.607,594.178
3,1,2,7,1,0,7,t,1529.623,615.450
3,1,2,7,1,1,7,n,1529.256,620.556
3,1,2,7,1,1,7,c,1535.769,624.768
3,1,3,0,1,0,7,n,2312.863,825.075
3,1,3,0,1,0,7,c,2314.697,809.382
3,1,3,0,1,0,7,t,2314.674,828.569
3,1,2,7,1,1,7,t,1531.122,609.180
3,1,3,0,1,1,7,n,2150.494,733.075
3,1,2,7,1,2,7,c,1539.064,579.553
3,1,3,0,1,1,7,c,2189.558,731.544
3,1,2,7,1,2,7,n,1529.840,597.226
3,1,3,0,1,1,7,t,2173.263,718.007
3,1,3,0,1,2,7,n,2063.371,683.197
3,1,3,0,1,2,7,c,2079.305,763.086
3,1,3,0,1,2,7,t,2066.229,708.159
3,1,2,7,1,2,7,t,1533.038,607.801
3,1,3,1,1,0,7,n,2202.072,876.423
3,1,3,1,1,0,7,c,2211.316,737.714
3,1,3,1,1,0,7,t,2203.821,871.246
3,1,3,1,1,1,7,n,2171.787,667.758
3,1,3,1,1,1,7,c,2188.891,710.257
3,1,2,7,1,7,7,c,1550.164,625.284
3,1,2,7,1,7,7,n,1549.567,616.358
3,1,3,1,1,1,7,t,2173.884,725.010
3,1,3,1,1,2,7,n,2065.709,755.889
3,1,3,1,1,2,7,c,2066.259,761.165
3,1,3,1,1,2,7,t,2067.638,685.563
3,1,3,2,1,0,7,n,2088.848,783.743
3,1,2,7,1,7,7,t,1554.196,630.748
3,1,3,2,1,0,7,c,2091.007,736.784
3,1,3,2,1,0,7,t,2090.892,768.332
3,1,3,0,1,7,7,c,4307.408,37377206592652730368.000
3,1,3,0,1,7,7,t,4416.753,697642365716246526077742342750602332460557419688097639653831748707925452715733843148430536629704850595892367475427369546041878642688.000
3,1,3,2,1,1,7,n,2073.518,672.863
3,1,3,0,1,7,7,n,4298.167,2540794215544151.000
3,1,3,2,1,1,7,c,2098.446,739.030
3,1,3,2,1,1,7,t,2081.802,697.701
3,1,3,2,1,2,7,n,2066.484,740.579
3,1,3,2,1,2,7,c,2083.257,764.724
3,1,3,2,1,2,7,t,2068.271,693.315
3,1,3,1,1,7,7,n,4174.619,223124282606865492763158557485666244070741017941890233088076554663039011214926906904986043247063735056050356298177317164810240.000
3,1,3,1,1,7,7,c,4154.765,376350609182084032.000
3,1,3,1,1,7,7,t,4456.520,1153649727884891517213638901045474828942902201611000811385172171265020944947984454496298229654987409975749623599333376.000
3,1,3,2,1,7,7,t,5142.481,12470809023381961899830237169310852221536618187734254965713492729200999801442279908682193960960.000
3,1,3,2,1,7,7,n,3762.629,33370278985650123932659350025354097409005740556497800445054288672753802080336452787911874753082175782912.000
3,1,3,7,1,0,7,n,1548.579,613.044
3,1,3,2,1,7,7,c,4088.339,160450902787704490226008051831945870442496.000
3,1,3,7,1,0,7,c,1546.301,627.013
3,1,3,7,1,0,7,t,1550.633,636.856
3,1,3,7,1,1,7,n,1550.322,650.398
3,1,3,7,1,1,7,c,1556.067,665.186
3,1,4,0,1,0,7,n,2288.199,840.874
3,1,4,0,1,0,7,c,2319.833,926.905
3,1,4,0,1,0,7,t,2298.922,821.316
3,1,4,0,1,1,7,n,2154.805,669.044
3,1,4,0,1,1,7,c,2160.092,718.240
3,1,4,0,1,1,7,t,2157.581,728.616
3,1,3,7,1,1,7,t,1552.284,635.124
3,1,4,0,1,2,7,n,2047.594,706.138
3,1,3,7,1,2,7,t,1554.206,633.796
3,1,4,0,1,2,7,c,2048.942,741.766
3,1,3,7,1,2,7,c,1558.461,667.952
3,1,3,7,1,2,7,n,1552.247,625.255
3,1,4,0,1,2,7,t,2050.144,736.826
3,1,4,1,1,0,7,n,2201.883,789.712
3,1,4,1,1,0,7,c,2222.584,840.476
3,1,4,1,1,0,7,t,2203.919,787.696
3,1,4,1,1,1,7,n,2155.254,720.954
3,1,4,1,1,1,7,c,2159.966,645.073
3,1,4,1,1,1,7,t,2157.429,721.033
3,1,3,7,1,7,7,n,1550.705,670.242
3,1,4,1,1,2,7,n,2049.224,703.709
3,1,4,1,1,2,7,c,2051.283,711.456
3,1,3,7,1,7,7,t,1563.240,671.714
3,1,4,1,1,2,7,t,2051.819,725.111
3,1,3,7,1,7,7,c,1558.796,668.990
3,1,4,2,1,0,7,n,2088.884,796.219
3,1,4,2,1,0,7,c,2108.636,749.353
3,1,4,0,1,7,7,n,3553.711,108464149675176376496784797740302626475578044741831324973439236467641086281010707846656507240048306618892288.000
3,1,4,0,1,7,7,c,3866.479,12010068469939258350497020590655416495898905745125342171489630813710115947587099235406840334870049565461106903534179398451200.000
3,1,4,2,1,0,7,t,2090.652,776.901
3,1,4,0,1,7,7,t,5116.400,120456215977606560780089835613624706120687920087024227314784226530958461293057189081204234176441221543834270095922773767487488.000
3,1,4,2,1,1,7,n,2078.058,648.916
3,1,4,2,1,1,7,c,2107.586,672.666
3,1,4,2,1,1,7,t,2080.537,686.572
3,1,4,2,1,2,7,n,2049.325,721.946
3,1,4,2,1,2,7,c,2078.169,780.883
3,1,4,2,1,2,7,t,2052.090,693.885
3,1,4,1,1,7,7,n,4051.944,688329505206331418607616.000
3,1,4,1,1,7,7,c,4545.949,392916389502644160.000
3,1,4,1,1,7,7,t,3952.543,309506876560058560.000
3,1,4,2,1,7,7,n,4293.569,279552437855999685033984.000
3,1,4,2,1,7,7,c,4582.122,317718538423243643098144127311018764298732829728223602459803648.000
3,1,4,7,1,0,7,c,1553.371,648.952
3,1,4,7,1,0,7,n,1548.081,639.954
3,1,4,2,1,7,7,t,4696.174,4667807872375131174620489507771018506375128569464025872647927090905088.000
3,1,4,7,1,1,7,c,1555.081,676.967
3,1,4,7,1,1,7,n,1549.364,632.743
3,1,4,7,1,0,7,t,1550.306,652.236
4,1,0,0,1,0,7,n,2363.353,840.758
4,1,0,0,1,0,7,c,2365.353,844.141
4,1,0,0,1,0,7,t,2365.307,848.945
4,1,0,0,1,1,7,n,2211.166,667.185
4,1,0,0,1,1,7,c,2213.138,672.253
4,1,0,0,1,1,7,t,2213.163,676.241
4,1,0,0,1,2,7,n,2108.571,668.271
4,1,0,0,1,2,7,c,2110.540,674.590
4,1,0,0,1,2,7,t,2110.535,678.283
3,1,4,7,1,1,7,t,1551.328,653.798
3,1,4,7,1,2,7,n,1551.017,667.411
3,1,4,7,1,2,7,c,1556.736,640.865
3,1,4,7,1,2,7,t,1552.928,619.253
4,1,0,1,1,0,7,n,2213.286,751.990
4,1,0,1,1,0,7,c,2215.282,754.380
4,1,0,1,1,0,7,t,2215.282,758.760
4,1,0,1,1,1,7,n,2167.506,665.166
4,1,0,1,1,1,7,c,2169.486,671.967
4,1,0,1,1,1,7,t,2169.505,674.139
4,1,0,1,1,2,7,n,2106.342,670.480
4,1,0,1,1,2,7,c,2108.407,645.350
4,1,0,1,1,2,7,t,2108.292,686.461
4,1,0,0,1,7,7,c,3794.655,2393989813.975
4,1,0,0,1,7,7,n,4379.667,2418286016.365
3,1,4,7,1,7,7,n,1534.639,639.944
4,1,0,2,1,0,7,n,2092.955,719.949
4,1,0,0,1,7,7,t,4377.012,2399738387.211
4,1,0,2,1,0,7,c,2094.952,722.494
4,1,0,2,1,0,7,t,2094.949,726.479
4,1,0,2,1,1,7,n,2058.216,665.199
3,1,4,7,1,7,7,c,1537.104,659.941
4,1,0,2,1,1,7,c,2060.207,669.441
3,1,4,7,1,7,7,t,1541.167,655.646
4,1,0,2,1,1,7,t,2060.195,674.957
4,1,0,2,1,2,7,n,2053.953,597.590
4,1,0,2,1,2,7,c,2069.216,682.257
4,1,0,2,1,2,7,t,2055.922,603.056
4,1,0,1,1,7,7,c,4398.049,860801260359800832.000
4,1,0,1,1,7,7,n,4140.926,242976815265770432.000
4,1,0,1,1,7,7,t,3937.376,261975081119696352.000
4,1,0,7,1,0,7,n,1510.452,660.705
4,1,0,2,1,7,7,t,4382.336,772672767292408064.000
4,1,0,2,1,7,7,n,4774.611,544983500341328412672.000
4,1,0,2,1,7,7,c,4356.020,13055908470467918.000
4,1,0,7,1,0,7,c,1512.415,663.856
4,1,0,7,1,0,7,t,1512.393,667.720
4,1,0,7,1,1,7,n,1509.778,609.116
4,1,0,7,1,1,7,c,1516.347,633.976
4,1,1,0,1,0,7,n,2315.011,820.654
4,1,1,0,1,0,7,c,2316.958,822.150
4,1,1,0,1,0,7,t,2316.972,834.985
4,1,0,7,1,1,7,t,1507.861,636.639
4,1,1,0,1,1,7,n,2145.751,607.665
4,1,1,0,1,1,7,c,2147.573,619.308
4,1,1,0,1,1,7,t,2148.410,620.479
4,1,1,0,1,2,7,n,2042.738,609.322
4,1,1,0,1,2,7,c,2045.085,674.662
4,1,1,0,1,2,7,t,2096.319,651.715
4,1,0,7,1,2,7,n,1507.891,618.449
4,1,0,7,1,2,7,c,1510.043,623.587
4,1,1,1,1,0,7,n,2160.531,746.538
4,1,1,1,1,0,7,c,2162.191,773.960
4,1,0,7,1,2,7,t,1516.804,601.945
4,1,1,1,1,0,7,t,2162.142,753.713
4,1,1,1,1,1,7,n,2116.503,608.927
4,1,1,1,1,1,7,c,2118.286,640.691
4,1,1,1,1,1,7,t,2172.607,592.007
4,1,1,1,1,2,7,n,2042.734,619.761
4,1,1,1,1,2,7,c,2047.042,593.932
4,1,1,1,1,2,7,t,2058.803,662.844
4,1,0,7,1,7,7,n,1555.798,594.163
4,1,1,0,1,7,7,n,5279.414,529543539844418275817650636105034132744157639615709184.000
4,1,1,0,1,7,7,c,4488.798,13623239829179476230918143040538697878718298982449152.000
4,1,0,7,1,7,7,c,1557.886,609.574
4,1,1,2,1,0,7,n,2040.833,683.669
4,1,0,7,1,7,7,t,1557.840,611.774
4,1,1,2,1,0,7,c,2042.719,678.073
4,1,1,2,1,1,7,n,2008.156,599.563
4,1,1,2,1,0,7,t,2042.614,696.748
4,1,1,0,1,7,7,t,5261.647,130643482146793098258314109316531410947333985315560623464458688272312837017822510269544964030464.000
4,1,1,2,1,1,7,c,2010.456,617.529
4,1,1,2,1,1,7,t,2065.425,599.581
4,1,1,2,1,2,7,n,2004.619,561.348
4,1,1,2,1,2,7,c,2050.603,632.960
4,1,1,2,1,2,7,t,2066.756,625.025
4,1,1,1,1,7,7,c,4357.622,191794208056549536.000
4,1,1,1,1,7,7,n,4249.923,875900039601573120.000
4,1,1,1,1,7,7,t,5110.473,47928203081393808.000
4,1,1,2,1,7,7,c,5562.238,961950928208337152.000
4,1,1,2,1,7,7,t,4241.123,31637344316536287232.000
4,1,1,2,1,7,7,n,5637.620,20648512877238176610515846049038336.000
4,1,1,7,1,0,7,c,1507.779,638.871
4,1,1,7,1,0,7,n,1478.583,588.759
4,1,1,7,1,0,7,t,1483.904,636.756
4,1,1,7,1,1,7,n,1477.823,555.694
4,1,1,7,1,1,7,c,1519.848,707.647
4,1,2,0,1,0,7,n,2302.370,833.435
4,1,2,0,1,0,7,c,2323.254,861.488
4,1,2,0,1,0,7,t,2310.950,858.136
4,1,1,7,1,1,7,t,1534.690,611.205
4,1,2,0,1,1,7,n,2134.990,652.896
4,1,2,0,1,1,7,c,2165.795,683.774
4,1,2,0,1,1,7,t,2162.559,713.196
4,1,1,7,1,2,7,n,1485.518,607.788
4,1,1,7,1,2,7,t,1536.581,597.007
4,1,2,0,1,2,7,n,2018.997,708.518
4,1,1,7,1,2,7,c,1516.982,679.912
4,1,2,0,1,2,7,c,2079.169,638.584
4,1,2,0,1,2,7,t,2054.219,694.176
4,1,2,1,1,0,7,n,2166.112,839.422
4,1,2,1,1,0,7,c,2171.954,726.272
4,1,2,1,1,1,7,n,2145.152,659.044
4,1,2,1,1,0,7,t,2167.626,861.566
4,1,2,1,1,1,7,c,2152.379,712.758
4,1,2,1,1,1,7,t,2148.150,712.208
4,1,1,7,1,7,7,n,1545.238,594.774
4,1,1,7,1,7,7,c,1547.087,599.175
4,1,2,1,1,2,7,n,2054.405,730.610
4,1,2,0,1,7,7,n,28.000,434895228549079901871601428117585920.000
4,1,2,1,1,2,7,t,2057.285,728.297
4,1,2,1,1,2,7,c,2060.971,651.995
4,1,2,0,1,7,7,c,30.000,3366112867381191556510634404267163648.000
4,1,2,2,1,0,7,n,2051.601,781.633
4,1,2,2,1,0,7,c,2054.111,815.416
4,1,2,0,1,7,7,t,30.000,613852709546539543076718721489698816.000
4,1,2,2,1,0,7,t,2054.195,775.468
4,1,2,2,1,1,7,n,2038.107,682.201
4,1,1,7,1,7,7,t,1547.249,594.081
4,1,2,2,1,1,7,c,2069.212,673.632
4,1,2,2,1,1,7,t,2040.146,671.362
4,1,2,2,1,2,7,n,2039.920,689.092
4,1,2,2,1,2,7,c,2058.686,639.305
4,1,2,2,1,2,7,t,2042.349,683.020
4,1,2,1,1,7,7,t,32.000,544730516498567906300758968386977792.000
4,1,2,1,1,7,7,c,32.000,13735813552417977086881807081884359680625593258587717632.000
4,1,2,1,1,7,7,n,30.000,394988096566849091072131537148313600.000
4,1,2,2,1,7,7,n,32.000,382916370760883175218184899698494873388234498523378779521856106561273856.000
4,1,2,2,1,7,7,t,34.000,23990911728662487150927185003353278978635868605832195887732383771723325774591273467904.000
4,1,2,2,1,7,7,c,34.000,278168447199649684416609027899785216.000
4,1,2,7,1,0,7,n,1512.337,669.689
4,1,2,7,1,0,7,c,1518.830,642.988
4,1,2,7,1,0,7,t,1514.319,617.044
4,1,2,7,1,1,7,n,1514.079,633.596
4,1,2,7,1,1,7,c,1520.729,683.922
4,1,3,0,1,0,7,n,2312.357,832.137
4,1,3,0,1,0,7,c,2316.891,856.377
4,1,3,0,1,0,7,t,2322.770,832.026
4,1,3,0,1,1,7,n,2165.981,740.543
4,1,3,0,1,1,7,c,2170.907,652.386
4,1,3,0,1,1,7,t,2170.810,728.874
4,1,2,7,1,2,7,n,1515.692,619.395
4,1,2,7,1,1,7,t,1516.370,616.352
4,1,3,0,1,2,7,n,2061.207,704.571
4,1,3,0,1,2,7,c,2077.471,704.101
4,1,3,0,1,2,7,t,2063.229,714.585
4,1,2,7,1,2,7,c,1522.771,626.518
4,1,3,1,1,0,7,n,2184.096,903.759
4,1,3,1,1,0,7,c,2186.198,846.282
4,1,2,7,1,2,7,t,1517.944,613.859
4,1,3,1,1,0,7,t,2187.039,918.966
4,1,3,1,1,1,7,n,2168.984,735.354
4,1,3,1,1,1,7,t,2171.310,733.679
4,1,3,1,1,1,7,c,2186.900,740.654
4,1,2,7,1,7,7,c,1536.582,648.549
4,1,3,1,1,2,7,n,2062.917,730.016
4,1,3,1,1,2,7,c,2073.457,697.860
4,1,2,7,1,7,7,t,1531.807,642.375
4,1,2,7,1,7,7,n,1529.364,645.987
4,1,3,1,1,2,7,t,2065.020,733.724
4,1,3,2,1,0,7,n,2071.770,775.743
4,1,3,0,1,7,7,n,3979.727,531004587550657377211223720025002231886772871224258106420674974724620636174922708360310177136640.000
4,1,3,2,1,0,7,c,2076.293,801.381
4,1,3,0,1,7,7,c,4425.249,91553532623762248100508463596026700584601024608603385225195552768.000
4,1,3,2,1,0,7,t,2073.531,809.268
4,1,3,2,1,1,7,n,2061.478,728.804
4,1,3,2,1,1,7,c,2078.792,696.741
4,1,3,2,1,1,7,t,2063.994,701.788
4,1,3,2,1,2,7,n,2064.000,755.742
4,1,3,0,1,7,7,t,3573.469,2186099444178766806845972950868524890056556544.000
4,1,3,2,1,2,7,c,2077.327,699.172
4,1,3,2,1,2,7,t,2065.801,710.518
4,1,3,1,1,7,7,t,3977.721,54660431439907425613777038447652364215601442636093322247359361772939482005589214003376481922787414538785712282805187630476137160769536.000
4,1,3,1,1,7,7,n,4325.820,336166035449384704.000
4,1,3,1,1,7,7,c,4179.813,1841316531817457408.000
4,1,3,2,1,7,7,n,4259.569,121192999528028261992584999389738331220738048.000
4,1,3,7,1,0,7,n,1531.857,646.766
4,1,3,7,1,0,7,c,1536.892,659.571
4,1,3,2,1,7,7,c,3741.726,8203789742745723698653880393105417076473856.000
4,1,3,2,1,7,7,t,4078.464,170741009476842854333999355938998667970609152.000
4,1,3,7,1,0,7,t,1533.716,648.002
4,1,3,7,1,1,7,n,1533.671,651.524
4,1,3,7,1,1,7,c,1538.938,673.241
4,1,4,0,1,0,7,n,2289.617,779.333
4,1,4,0,1,0,7,c,2296.954,778.891
4,1,3,7,1,1,7,t,1535.671,648.110
4,1,3,7,1,2,7,n,1535.510,648.619
4,1,4,0,1,0,7,t,2291.606,766.643
4,1,4,0,1,1,7,n,2151.636,734.006
4,1,3,7,1,2,7,c,1540.682,677.977
4,1,4,0,1,1,7,c,2162.816,725.942
4,1,4,0,1,1,7,t,2154.747,730.732
4,1,4,0,1,2,7,n,2044.583,737.661
4,1,3,7,1,2,7,t,1537.591,635.573
4,1,4,0,1,2,7,c,2057.312,735.730
4,1,4,0,1,2,7,t,2047.557,720.994
4,1,4,1,1,0,7,n,2184.749,880.683
4,1,4,1,1,0,7,c,2187.979,751.477
4,1,4,1,1,0,7,t,2186.363,880.656
4,1,4,1,1,1,7,n,2150.683,675.814
4,1,4,1,1,1,7,c,2152.915,647.134
4,1,4,1,1,1,7,t,2153.643,724.026
4,1,3,7,1,7,7,n,1546.193,634.736
4,1,3,7,1,7,7,c,1554.577,694.670
4,1,4,1,1,2,7,n,2046.867,753.003
4,1,4,1,1,2,7,c,2057.179,788.973
4,1,4,1,1,2,7,t,2049.114,748.036
4,1,4,2,1,0,7,n,2071.274,774.589
4,1,4,2,1,0,7,c,2072.309,825.219
4,1,3,7,1,7,7,t,1549.608,617.582
4,1,4,0,1,7,7,c,2740.469,42015525050448419797503701660220923225232998662144.000
4,1,4,2,1,0,7,t,2073.009,789.578
4,1,4,0,1,7,7,n,3648.103,44939508540175778555429982136615116908399468932982672195584.000
4,1,4,2,1,1,7,n,2060.077,698.707
4,1,4,0,1,7,7,t,4309.810,13204959964209.992
4,1,4,2,1,1,7,c,2071.613,688.674
4,1,4,2,1,1,7,t,2062.439,694.302
4,1,4,2,1,2,7,n,2046.598,739.941
4,1,4,2,1,2,7,c,2056.819,700.803
4,1,4,2,1,2,7,t,2049.068,712.506
4,1,4,1,1,7,7,n,4234.339,698637745566016000.000
4,1,4,1,1,7,7,c,3381.007,326405585865035062899914735729696921065975140889770564435837979577224362196992.000
4,1,4,1,1,7,7,t,3754.924,420907437138208384.000
4,1,4,2,1,7,7,n,4564.403,1084885216229182048776561500600346857177088.000
4,1,4,7,1,0,7,n,1531.486,637.686
4,1,4,2,1,7,7,c,3921.268,51424789454557549350309809672972743633246416012746668559946732518052971767015044905169578859825018781081207488676626432.000
4,1,4,2,1,7,7,t,4221.314,296906614085490166079553288650899934880068373659362470068349017385636001005353097044436365344768.000
4,1,4,7,1,0,7,c,1535.505,625.738
4,1,4,7,1,0,7,t,1533.311,660.325
4,1,4,7,1,1,7,n,1533.019,639.014
4,1,4,7,1,1,7,c,1537.309,631.622
4,1,4,7,1,1,7,t,1534.862,644.509
4,1,4,7,1,2,7,c,1539.020,640.253
4,1,4,7,1,2,7,n,1534.794,644.027
4,1,4,7,1,2,7,t,1536.624,646.683
4,1,4,7,1,7,7,c,1541.744,654.207
4,1,4,7,1,7,7,n,1538.994,665.725
4,1,4,7,1,7,7,t,1551.072,670.044
