2,1,0,0,0,0,7,n,872.065
2,1,0,0,0,0,7,c,875.100
2,1,0,0,0,0,7,t,880.538
2,1,0,0,0,0,7,ct,883.094
2,1,0,0,0,2,7,n,801.570
2,1,0,0,1,0,7,n,789.991
2,1,0,0,1,0,7,c,792.339
2,1,0,0,0,2,7,c,803.723
2,1,0,0,1,0,7,t,797.913
2,1,0,0,0,2,7,t,809.258
2,1,0,0,1,0,7,ct,801.547
2,1,0,0,0,2,7,ct,810.946
2,1,0,0,0,3,7,n,804.915
2,1,0,0,0,3,7,c,806.822
2,1,0,0,0,3,7,t,812.027
2,1,0,0,1,2,7,n,567.845
2,1,0,0,0,3,7,ct,813.645
2,1,0,1,0,0,7,n,781.118
2,1,0,0,1,2,7,t,581.449
2,1,0,1,0,0,7,c,783.578
2,1,0,1,0,0,7,t,788.576
2,1,0,0,1,2,7,c,576.482
2,1,0,0,1,2,7,ct,590.678
2,1,0,1,0,0,7,ct,791.481
2,1,0,0,1,3,7,n,531.409
2,1,0,0,1,3,7,t,541.334
2,1,0,1,0,2,7,n,541.150
2,1,0,0,1,3,7,c,536.610
2,1,0,1,0,2,7,t,557.596
2,1,0,1,0,2,7,c,620.887
2,1,0,1,1,0,7,n,692.148
2,1,0,1,0,2,7,ct,560.343
2,1,0,1,1,0,7,c,693.924
2,1,0,1,1,0,7,t,698.710
2,1,0,0,1,3,7,ct,550.416
2,1,0,1,0,3,7,n,512.286
2,1,0,1,1,0,7,ct,703.977
2,1,0,1,0,3,7,c,529.565
2,1,0,1,1,2,7,n,578.071
2,1,0,1,1,2,7,t,596.550
2,1,0,1,0,3,7,t,533.358
2,1,0,1,0,3,7,ct,540.965
2,1,0,2,0,0,7,n,720.407
2,1,0,1,1,2,7,c,593.741
2,1,0,1,1,2,7,ct,598.002
2,1,0,2,0,0,7,c,723.220
2,1,0,2,0,0,7,t,727.034
2,1,0,2,0,0,7,ct,729.636
2,1,0,1,1,3,7,n,525.625
2,1,0,2,0,2,7,n,567.894
2,1,0,1,1,3,7,t,542.039
2,1,0,1,1,3,7,c,568.094
2,1,0,2,0,2,7,t,576.731
2,1,0,2,0,2,7,c,585.600
2,1,0,1,1,3,7,ct,550.957
2,1,0,2,1,0,7,n,640.525
2,1,0,2,0,2,7,ct,567.224
2,1,0,2,1,0,7,c,641.070
2,1,0,2,1,0,7,t,646.606
2,1,0,2,0,3,7,n,510.302
2,1,0,2,1,0,7,ct,652.058
2,1,0,2,0,3,7,c,518.144
2,1,0,2,1,2,7,n,516.811
2,1,0,2,0,3,7,t,562.488
2,1,0,2,0,3,7,ct,556.410
2,1,0,2,1,2,7,c,500.954
2,1,0,2,1,2,7,t,535.454
2,1,0,4,0,0,7,n,612.207
2,1,0,2,1,2,7,ct,528.410
2,1,0,4,0,0,7,c,616.674
2,1,0,2,1,3,7,n,588.180
2,1,0,4,0,0,7,t,621.047
2,1,0,4,0,0,7,ct,622.681
2,1,0,2,1,3,7,c,624.835
2,1,0,2,1,3,7,t,612.432
2,1,0,2,1,3,7,ct,622.456
2,1,0,4,0,2,7,n,511.371
2,1,0,4,0,2,7,c,588.655
2,1,0,4,0,2,7,t,552.920
2,1,0,4,0,2,7,ct,530.204
2,1,0,4,1,0,7,n,591.780
2,1,0,4,0,3,7,n,538.312
2,1,0,4,0,3,7,t,548.682
2,1,0,4,0,3,7,c,578.464
2,1,0,4,1,0,7,c,595.622
2,1,0,4,1,0,7,t,602.129
2,1,0,4,0,3,7,ct,602.480
2,1,0,4,1,0,7,ct,606.873
2,1,0,4,1,2,7,n,531.454
2,1,0,4,1,2,7,c,559.920
2,1,0,4,1,2,7,t,565.044
2,1,0,4,1,3,7,n,544.897
2,1,0,4,1,2,7,ct,562.823
2,1,0,4,1,3,7,c,553.902
2,1,0,4,1,3,7,t,596.789
2,1,0,7,0,0,7,n,561.412
2,1,0,4,1,3,7,ct,573.748
2,1,0,7,0,0,7,c,567.058
2,1,0,7,0,0,7,t,572.735
2,1,0,7,0,0,7,ct,573.561
2,1,0,7,0,2,7,c,552.559
2,1,0,7,0,2,7,n,508.221
2,1,0,7,0,2,7,t,532.092
2,1,0,7,0,2,7,ct,520.439
2,1,0,7,0,3,7,n,500.450
2,1,0,7,0,3,7,c,535.321
2,1,0,7,1,0,7,n,523.711
2,1,0,7,0,3,7,t,567.321
2,1,0,7,0,3,7,ct,540.458
2,1,0,7,1,0,7,c,528.710
2,1,0,7,1,0,7,t,535.760
2,1,0,7,1,0,7,ct,539.892
2,1,0,7,1,2,7,n,511.802
2,1,2,0,0,0,7,n,757.701
2,1,2,0,0,0,7,c,765.044
2,1,2,0,0,0,7,t,773.321
2,1,2,0,0,0,7,ct,798.782
2,1,0,7,1,2,7,c,515.836
2,1,2,0,0,2,7,n,715.288
2,1,2,0,0,2,7,c,716.823
2,1,2,0,0,2,7,t,726.279
2,1,0,7,1,2,7,t,562.389
2,1,2,0,0,2,7,ct,788.875
2,1,2,0,0,3,7,n,720.992
2,1,2,0,0,3,7,c,742.862
2,1,2,0,0,3,7,t,743.349
2,1,2,0,1,0,7,n,797.799
2,1,0,7,1,3,7,n,500.008
2,1,0,7,1,2,7,ct,553.002
2,1,2,0,1,0,7,c,804.206
2,1,2,0,0,3,7,ct,800.119
2,1,2,0,1,0,7,t,818.906
2,1,2,0,1,0,7,ct,826.998
2,1,2,0,1,2,7,n,636.678
2,1,2,0,1,2,7,t,687.068
2,1,2,0,1,2,7,c,643.300
2,1,2,0,1,2,7,ct,586.974
2,1,2,0,1,3,7,n,553.528
2,1,2,1,0,0,7,n,706.481
2,1,2,1,0,0,7,t,724.082
2,1,0,7,1,3,7,c,541.773
2,1,2,1,0,0,7,c,711.887
2,1,2,1,0,0,7,ct,776.057
2,1,2,0,1,3,7,t,623.505
2,1,2,1,0,2,7,n,578.669
2,1,2,1,0,2,7,c,652.702
2,1,0,7,1,3,7,t,508.346
2,1,2,0,1,3,7,c,613.424
2,1,2,1,0,2,7,t,656.278
2,1,2,0,1,3,7,ct,539.035
2,1,2,1,0,2,7,ct,587.320
2,1,2,1,1,0,7,n,753.736
2,1,2,1,1,0,7,c,783.427
2,1,2,1,0,3,7,n,570.004
2,1,2,1,1,0,7,t,857.120
2,1,2,1,0,3,7,c,573.896
2,1,2,1,1,0,7,ct,761.982
2,1,2,1,0,3,7,t,605.345
2,1,0,7,1,3,7,ct,524.384
2,1,2,1,0,3,7,ct,538.701
2,1,2,1,1,2,7,n,641.277
2,1,2,1,1,2,7,t,683.918
2,1,2,2,0,0,7,n,692.672
2,1,2,1,1,2,7,c,661.588
2,1,2,1,1,2,7,ct,560.926
2,1,2,1,1,3,7,n,571.066
2,1,2,2,0,0,7,t,735.392
2,1,2,2,0,0,7,c,717.906
2,1,2,1,1,3,7,c,604.152
2,1,2,1,1,3,7,t,635.065
2,1,2,2,0,0,7,ct,770.187
2,1,2,2,0,2,7,n,589.994
2,1,2,2,0,2,7,c,617.586
2,1,2,2,0,2,7,t,657.052
2,1,2,1,1,3,7,ct,531.689
2,1,2,2,0,2,7,ct,642.855
2,1,2,2,1,0,7,n,697.830
2,1,2,2,0,3,7,n,559.684
2,1,2,2,1,0,7,c,713.085
2,1,2,2,1,0,7,t,752.060
2,1,2,2,1,0,7,ct,692.229
2,1,2,2,0,3,7,t,618.152
2,1,2,2,0,3,7,c,567.354
2,1,2,2,0,3,7,ct,605.916
2,1,2,2,1,2,7,n,579.084
2,1,2,2,1,2,7,t,664.465
2,1,2,2,1,2,7,c,608.791
2,1,2,2,1,2,7,ct,606.246
2,1,2,2,1,3,7,n,573.189
2,1,2,2,1,3,7,ct,608.182
2,1,2,2,1,3,7,t,671.371
2,1,2,2,1,3,7,c,627.700
2,1,2,4,0,0,7,n,630.086
2,1,2,4,0,0,7,c,653.047
2,1,2,4,0,0,7,t,664.040
2,1,2,4,0,2,7,n,547.095
2,1,2,4,0,0,7,ct,637.541
2,1,2,4,0,2,7,c,542.506
2,1,2,4,0,2,7,t,605.263
2,1,2,4,0,2,7,ct,714.939
2,1,2,4,0,3,7,n,547.791
2,1,2,4,0,3,7,c,632.228
2,1,2,4,0,3,7,t,589.684
2,1,2,4,0,3,7,ct,707.040
2,1,2,4,1,0,7,n,620.996
2,1,2,4,1,2,7,n,586.932
2,1,2,4,1,0,7,c,648.464
2,1,2,4,1,0,7,t,644.913
2,1,2,4,1,0,7,ct,620.635
2,1,2,4,1,2,7,c,621.095
2,1,2,4,1,2,7,t,616.563
2,1,2,4,1,2,7,ct,613.821
2,1,2,4,1,3,7,n,571.423
2,1,2,4,1,3,7,t,613.698
2,1,2,4,1,3,7,c,664.363
2,1,2,4,1,3,7,ct,631.955
2,1,2,7,0,0,7,n,611.675
2,1,2,7,0,0,7,c,636.284
2,1,2,7,0,0,7,t,661.702
2,1,2,7,0,0,7,ct,666.796
2,1,2,7,0,2,7,n,576.729
2,1,2,7,0,2,7,c,587.243
2,1,2,7,0,2,7,t,612.107
2,1,2,7,0,2,7,ct,635.382
2,1,2,7,0,3,7,c,550.504
2,1,2,7,0,3,7,n,569.981
2,1,2,7,0,3,7,t,631.812
2,1,2,7,0,3,7,ct,641.628
2,1,2,7,1,0,7,n,520.232
2,1,2,7,1,0,7,t,579.869
2,1,2,7,1,0,7,c,625.174
2,1,2,7,1,0,7,ct,612.780
2,1,2,7,1,2,7,n,582.965
2,1,3,0,0,0,7,n,629.928
2,1,3,0,0,0,7,c,674.682
2,1,2,7,1,2,7,c,616.089
2,1,3,0,0,0,7,t,707.469
2,1,3,0,0,0,7,ct,748.257
2,1,3,0,0,2,7,n,769.123
2,1,3,0,0,2,7,c,769.910
2,1,2,7,1,2,7,t,604.945
2,1,3,0,0,2,7,t,796.220
2,1,2,7,1,2,7,ct,600.480
2,1,3,0,0,2,7,ct,828.043
2,1,3,0,0,3,7,n,747.207
2,1,3,0,1,0,7,n,796.238
2,1,3,0,0,3,7,c,742.420
2,1,3,0,0,3,7,t,785.754
2,1,3,0,1,0,7,c,842.700
2,1,3,0,1,0,7,t,844.745
2,1,3,0,1,0,7,ct,834.706
2,1,3,0,0,3,7,ct,899.967
2,1,2,7,1,3,7,c,626.681
2,1,2,7,1,3,7,t,598.864
2,1,2,7,1,3,7,n,583.607
2,1,3,0,1,2,7,c,639.624
2,1,3,0,1,2,7,n,572.447
2,1,3,0,1,2,7,t,683.760
2,1,3,1,0,0,7,n,754.855
2,1,3,1,0,0,7,c,744.475
2,1,3,0,1,2,7,ct,542.167
2,1,3,1,0,0,7,t,767.912
2,1,3,1,0,0,7,ct,812.853
2,1,3,0,1,3,7,n,542.900
2,1,3,0,1,3,7,c,600.369
2,1,3,0,1,3,7,t,668.986
2,1,3,1,0,2,7,n,569.660
2,1,3,1,0,2,7,c,621.852
2,1,3,0,1,3,7,ct,544.921
2,1,3,1,0,2,7,t,693.688
2,1,3,1,0,2,7,ct,674.215
2,1,3,1,1,0,7,n,731.011
2,1,3,1,0,3,7,n,588.718
2,1,3,1,1,0,7,c,764.500
2,1,3,1,1,0,7,t,692.900
2,1,3,1,0,3,7,c,651.213
2,1,3,1,1,0,7,ct,758.758
2,1,3,1,0,3,7,t,619.254
2,1,3,1,0,3,7,ct,663.971
2,1,3,1,1,2,7,n,548.466
2,1,3,1,1,2,7,c,692.006
2,1,3,1,1,2,7,t,737.809
2,1,3,1,1,2,7,ct,665.731
2,1,3,2,0,0,7,n,784.526
2,1,3,2,0,0,7,c,795.509
2,1,2,7,1,3,7,ct,623.147
2,1,3,1,1,3,7,n,554.464
2,1,3,2,0,0,7,ct,778.732
2,1,3,2,0,0,7,t,774.490
2,1,3,1,1,3,7,c,641.035
2,1,3,1,1,3,7,t,621.978
2,1,3,2,0,2,7,n,588.656
2,1,3,2,0,2,7,c,562.805
2,1,3,1,1,3,7,ct,612.052
2,1,3,2,0,2,7,t,667.060
2,1,3,2,0,2,7,ct,697.175
2,1,3,2,1,0,7,n,671.272
2,1,3,2,0,3,7,n,543.173
2,1,3,2,1,0,7,c,724.413
2,1,3,2,1,0,7,t,799.077
2,1,3,2,0,3,7,c,643.726
2,1,3,2,0,3,7,t,635.154
2,1,3,2,0,3,7,ct,735.597
2,1,3,2,1,0,7,ct,668.999
2,1,3,2,1,2,7,n,558.490
2,1,3,2,1,2,7,t,598.224
2,1,3,2,1,2,7,c,600.828
2,1,3,2,1,2,7,ct,614.528
2,1,3,2,1,3,7,t,648.749
2,1,3,2,1,3,7,n,560.973
2,1,3,2,1,3,7,c,664.590
2,1,3,2,1,3,7,ct,643.208
2,1,3,4,0,0,7,n,625.936
2,1,3,4,0,0,7,c,637.334
2,1,3,4,0,0,7,t,715.249
2,1,3,4,0,0,7,ct,673.505
2,1,3,4,0,2,7,n,514.554
2,1,3,4,0,2,7,ct,705.754
2,1,3,4,0,2,7,c,627.131
2,1,3,4,0,2,7,t,615.438
2,1,3,4,0,3,7,c,608.639
2,1,3,4,0,3,7,n,540.649
2,1,3,4,0,3,7,ct,685.940
2,1,3,4,0,3,7,t,627.822
2,1,3,4,1,0,7,n,619.983
2,1,3,4,1,0,7,c,702.783
2,1,3,4,1,0,7,t,688.096
2,1,3,4,1,2,7,n,613.750
2,1,3,4,1,0,7,ct,641.209
2,1,3,4,1,2,7,c,601.003
2,1,3,4,1,2,7,t,616.709
2,1,3,4,1,2,7,ct,596.497
2,1,3,4,1,3,7,n,551.405
2,1,3,4,1,3,7,c,603.181
2,1,3,4,1,3,7,t,597.566
2,1,3,4,1,3,7,ct,591.357
2,1,3,7,0,0,7,n,577.189
2,1,3,7,0,0,7,c,663.308
2,1,3,7,0,0,7,t,698.046
2,1,3,7,0,2,7,n,503.634
2,1,3,7,0,0,7,ct,686.206
2,1,3,7,0,2,7,c,581.267
2,1,3,7,0,2,7,ct,636.406
2,1,3,7,0,2,7,t,630.237
2,1,3,7,0,3,7,c,646.761
2,1,3,7,0,3,7,t,652.215
2,1,3,7,0,3,7,n,504.092
2,1,3,7,0,3,7,ct,641.209
2,1,3,7,1,0,7,c,588.129
2,1,3,7,1,0,7,n,591.266
2,1,3,7,1,0,7,t,638.516
2,1,3,7,1,0,7,ct,579.615
2,1,3,7,1,2,7,c,506.671
4,0,0,0,0,0,7,n,854.047
4,0,0,0,0,0,7,c,748.880
4,0,0,0,0,0,7,t,850.072
4,0,0,0,0,0,7,ct,753.987
4,0,0,0,0,2,7,n,786.513
2,1,3,7,1,2,7,n,528.678
4,0,0,0,0,2,7,c,723.799
2,1,3,7,1,2,7,t,597.736
4,0,0,0,0,2,7,t,782.583
4,0,0,0,0,2,7,ct,757.103
2,1,3,7,1,2,7,ct,616.251
4,0,0,0,0,3,7,n,788.732
4,0,0,0,1,0,7,n,782.532
4,0,0,0,1,0,7,c,785.322
4,0,0,0,1,0,7,t,804.356
4,0,0,0,1,0,7,ct,825.263
4,0,0,0,0,3,7,c,728.387
4,0,0,0,0,3,7,t,740.596
4,0,0,0,1,2,7,n,522.023
2,1,3,7,1,3,7,n,530.382
4,0,0,0,0,3,7,ct,634.556
4,0,0,0,1,2,7,t,539.631
4,0,0,0,1,2,7,c,524.681
4,0,0,0,1,3,7,n,481.736
4,0,0,0,1,2,7,ct,666.984
4,0,0,1,0,0,7,n,771.577
4,0,0,0,1,3,7,t,501.533
4,0,0,1,0,0,7,c,731.208
4,0,0,1,0,0,7,t,754.488
4,0,0,0,1,3,7,c,494.074
4,0,0,1,0,0,7,ct,744.015
4,0,0,0,1,3,7,ct,589.499
4,0,0,1,0,2,7,n,490.641
2,1,3,7,1,3,7,t,553.909
2,1,3,7,1,3,7,c,510.594
4,0,0,1,0,2,7,c,729.444
4,0,0,1,0,2,7,t,639.953
4,0,0,1,1,0,7,n,698.697
4,0,0,1,0,2,7,ct,751.549
4,0,0,1,1,0,7,c,699.142
4,0,0,1,1,0,7,t,724.926
4,0,0,1,1,0,7,ct,763.074
4,0,0,1,0,3,7,n,539.270
4,0,0,1,0,3,7,t,593.814
4,0,0,1,1,2,7,n,524.271
4,0,0,1,0,3,7,c,763.764
4,0,0,1,0,3,7,ct,823.708
4,0,0,1,1,2,7,t,545.606
4,0,0,1,1,2,7,c,530.228
4,0,0,2,0,0,7,n,748.651
4,0,0,2,0,0,7,c,729.317
4,0,0,1,1,2,7,ct,651.849
4,0,0,1,1,3,7,n,480.086
4,0,0,2,0,0,7,t,776.070
4,0,0,1,1,3,7,c,489.599
4,0,0,2,0,0,7,ct,775.376
4,0,0,1,1,3,7,t,503.314
2,1,3,7,1,3,7,ct,617.050
4,0,0,2,0,2,7,n,527.193
4,0,0,2,0,2,7,c,725.127
4,0,0,1,1,3,7,ct,574.516
4,0,0,2,0,2,7,t,643.793
4,0,0,2,1,0,7,n,620.243
4,0,0,2,0,2,7,ct,752.526
4,0,0,2,1,0,7,c,618.501
4,0,0,2,1,0,7,t,644.858
4,0,0,2,0,3,7,n,509.507
4,0,0,2,0,3,7,c,665.805
4,0,0,2,0,3,7,t,606.435
4,0,0,2,1,0,7,ct,744.554
4,0,0,2,0,3,7,ct,753.285
4,0,0,2,1,2,7,n,485.699
4,0,0,2,1,2,7,t,500.934
4,0,0,2,1,2,7,c,495.849
4,0,0,2,1,2,7,ct,564.247
4,0,0,4,0,0,7,n,563.769
4,0,0,2,1,3,7,n,475.281
4,0,0,2,1,3,7,c,522.734
4,0,0,2,1,3,7,t,510.968
4,0,0,4,0,0,7,c,708.148
4,0,0,2,1,3,7,ct,560.540
4,0,0,4,0,0,7,ct,764.831
4,0,0,4,0,0,7,t,639.016
4,0,0,4,0,2,7,n,491.404
4,0,0,4,0,2,7,c,680.825
4,0,0,4,1,0,7,n,534.649
4,0,0,4,0,2,7,ct,755.245
4,0,0,4,0,3,7,n,490.745
4,0,0,4,0,2,7,t,526.170
4,0,0,4,0,3,7,c,675.009
4,0,0,4,0,3,7,t,536.672
4,0,0,4,1,0,7,c,541.169
4,0,0,4,0,3,7,ct,707.275
4,0,0,4,1,0,7,t,559.117
4,0,0,4,1,0,7,ct,612.603
4,0,0,4,1,2,7,n,482.219
4,0,0,4,1,2,7,c,492.065
4,0,0,4,1,2,7,t,507.781
4,0,0,4,1,2,7,ct,531.767
4,0,0,4,1,3,7,n,511.908
4,0,0,4,1,3,7,t,526.656
4,0,0,4,1,3,7,c,552.980
4,0,0,4,1,3,7,ct,569.853
4,0,0,7,0,0,7,n,548.170
4,0,0,7,0,0,7,c,726.688
4,0,0,7,0,0,7,t,574.501
4,0,0,7,0,0,7,ct,666.562
4,0,0,7,0,2,7,c,640.514
4,0,0,7,0,2,7,n,516.381
4,0,0,7,0,2,7,t,535.961
4,0,0,7,0,2,7,ct,544.040
4,0,0,7,0,3,7,n,513.137
4,0,0,7,1,0,7,n,517.421
4,0,0,7,0,3,7,c,647.779
4,0,0,7,0,3,7,ct,607.486
4,0,0,7,0,3,7,t,534.268
4,0,0,7,1,0,7,c,527.388
4,0,0,7,1,0,7,t,536.965
4,0,0,7,1,0,7,ct,537.696
4,0,0,7,1,2,7,n,495.048
4,0,2,0,0,0,7,n,755.499
4,0,2,0,0,0,7,c,750.404
4,0,2,0,0,0,7,t,875.570
4,0,0,7,1,2,7,c,493.935
4,0,2,0,0,0,7,ct,747.698
4,0,2,0,0,2,7,n,765.588
4,0,2,0,0,2,7,c,746.278
4,0,2,0,0,2,7,t,760.116
4,0,2,0,0,2,7,ct,759.275
4,0,0,7,1,2,7,t,519.228
4,0,2,0,0,3,7,n,757.207
4,0,0,7,1,2,7,ct,511.452
4,0,2,0,0,3,7,c,712.422
4,0,2,0,1,0,7,n,794.464
4,0,2,0,1,0,7,c,767.173
4,0,2,0,1,0,7,t,804.830
4,0,2,0,0,3,7,t,991.757
4,0,2,0,0,3,7,ct,696.827
4,0,2,0,1,0,7,ct,686.046
4,0,0,7,1,3,7,n,520.639
4,0,2,0,1,2,7,n,536.952
4,0,0,7,1,3,7,c,533.990
4,0,2,0,1,2,7,t,647.745
4,0,2,0,1,2,7,c,554.704
4,0,2,0,1,2,7,ct,682.790
4,0,0,7,1,3,7,ct,553.519
4,0,2,1,0,0,7,n,724.482
4,0,2,1,0,0,7,c,708.245
4,0,0,7,1,3,7,t,516.507
4,0,2,0,1,3,7,n,535.998
4,0,2,1,0,0,7,t,783.135
4,0,2,1,0,0,7,ct,713.276
4,0,2,0,1,3,7,c,493.967
4,0,2,1,0,2,7,n,599.663
4,0,2,1,0,2,7,c,662.459
4,0,2,0,1,3,7,t,597.739
4,0,2,1,0,2,7,ct,669.440
4,0,2,1,0,2,7,t,686.392
4,0,2,0,1,3,7,ct,546.914
4,0,2,1,0,3,7,c,707.063
4,0,2,1,1,0,7,n,657.009
4,0,2,1,0,3,7,n,554.129
4,0,2,1,1,0,7,c,695.916
4,0,2,1,0,3,7,t,573.172
4,0,2,1,1,0,7,t,741.540
4,0,2,1,1,0,7,ct,729.953
4,0,2,1,0,3,7,ct,738.830
4,0,2,1,1,2,7,n,545.374
4,0,2,1,1,2,7,c,500.585
4,0,2,1,1,2,7,ct,619.888
4,0,2,1,1,2,7,t,594.233
4,0,2,2,0,0,7,n,724.546
4,0,2,2,0,0,7,c,688.708
4,0,2,1,1,3,7,n,562.945
4,0,2,2,0,0,7,t,782.653
4,0,2,2,0,0,7,ct,701.236
4,0,2,1,1,3,7,t,560.209
4,0,2,1,1,3,7,c,687.470
4,0,2,2,0,2,7,n,617.112
4,0,2,1,1,3,7,ct,610.013
4,0,2,2,0,2,7,c,657.882
4,0,2,2,0,2,7,ct,669.727
4,0,2,2,0,2,7,t,594.625
4,0,2,2,0,3,7,c,614.948
4,0,2,2,0,3,7,n,566.307
4,0,2,2,0,3,7,t,612.193
4,0,2,2,0,3,7,ct,658.136
4,0,2,2,1,0,7,n,663.525
4,0,2,2,1,0,7,t,666.229
4,0,2,2,1,0,7,c,639.162
4,0,2,2,1,0,7,ct,702.254
4,0,2,2,1,2,7,n,485.857
4,0,2,2,1,2,7,c,510.758
4,0,2,2,1,2,7,ct,596.803
4,0,2,2,1,2,7,t,581.657
4,0,2,2,1,3,7,n,581.312
4,0,2,2,1,3,7,c,593.246
4,0,2,2,1,3,7,t,633.364
4,0,2,2,1,3,7,ct,634.586
4,0,2,4,0,0,7,n,619.073
4,0,2,4,0,0,7,c,586.224
4,0,2,4,0,0,7,t,669.684
4,0,2,4,0,0,7,ct,631.323
4,0,2,4,0,2,7,c,629.320
4,0,2,4,0,2,7,n,586.178
4,0,2,4,0,2,7,ct,571.869
4,0,2,4,0,3,7,n,579.288
4,0,2,4,0,2,7,t,565.212
4,0,2,4,0,3,7,t,568.879
4,0,2,4,0,3,7,c,599.311
4,0,2,4,0,3,7,ct,602.518
4,0,2,4,1,0,7,n,511.866
4,0,2,4,1,0,7,c,563.443
4,0,2,4,1,0,7,t,607.270
4,0,2,4,1,0,7,ct,699.310
4,0,2,4,1,2,7,n,548.847
4,0,2,4,1,2,7,c,560.104
4,0,2,4,1,2,7,t,547.681
4,0,2,4,1,2,7,ct,565.965
4,0,2,4,1,3,7,n,574.064
4,0,2,4,1,3,7,t,566.693
4,0,2,4,1,3,7,c,519.838
4,0,2,4,1,3,7,ct,559.889
4,0,2,7,0,0,7,c,605.593
4,0,2,7,0,0,7,n,606.313
4,0,2,7,0,0,7,ct,562.664
4,0,2,7,0,0,7,t,598.979
4,0,2,7,0,2,7,n,596.330
4,0,2,7,0,2,7,c,593.924
4,0,2,7,0,2,7,ct,583.446
4,0,2,7,0,2,7,t,550.229
4,0,2,7,0,3,7,c,579.273
4,0,2,7,0,3,7,n,536.891
4,0,2,7,1,0,7,n,537.504
4,0,2,7,0,3,7,ct,566.541
4,0,2,7,0,3,7,t,603.499
4,0,2,7,1,0,7,c,560.420
4,0,2,7,1,0,7,t,560.980
4,0,2,7,1,0,7,ct,554.004
4,0,2,7,1,2,7,c,622.822
4,0,3,0,0,0,7,n,807.927
4,0,2,7,1,2,7,n,534.429
4,0,3,0,0,0,7,c,612.662
4,0,3,0,0,0,7,ct,684.753
4,0,2,7,1,2,7,t,572.777
4,0,3,0,0,0,7,t,899.756
4,0,3,0,0,2,7,n,809.651
4,0,3,0,0,2,7,c,698.661
4,0,3,0,0,2,7,t,886.330
4,0,2,7,1,3,7,n,592.989
4,0,3,0,0,2,7,ct,745.547
4,0,3,0,0,3,7,n,856.069
4,0,2,7,1,2,7,ct,527.149
4,0,2,7,1,3,7,c,592.560
4,0,3,0,0,3,7,c,705.122
4,0,3,0,1,0,7,n,939.708
4,0,3,0,1,0,7,c,875.873
4,0,3,0,0,3,7,ct,746.512
4,0,3,0,1,0,7,t,866.310
4,0,3,0,0,3,7,t,953.172
4,0,3,0,1,0,7,ct,755.648
4,0,2,7,1,3,7,t,544.618
4,0,3,0,1,2,7,n,1169.739
4,0,3,0,1,2,7,t,1287.554
4,0,3,0,1,2,7,ct,1513.573
4,0,3,0,1,2,7,c,1211.749
4,0,3,1,0,0,7,n,763.507
4,0,3,0,1,3,7,n,894.603
4,0,3,1,0,0,7,c,685.825
4,0,3,1,0,0,7,t,860.859
4,0,3,0,1,3,7,c,1955.269
4,0,3,0,1,3,7,t,1554.919
4,0,3,1,0,0,7,ct,721.674
4,0,3,1,0,2,7,c,665.539
4,0,3,1,0,2,7,n,605.854
4,0,3,0,1,3,7,ct,1153.227
4,0,3,1,0,2,7,ct,715.929
4,0,3,1,0,2,7,t,654.885
4,0,3,1,0,3,7,n,584.999
4,0,3,1,1,0,7,n,812.247
4,0,3,1,0,3,7,c,673.833
4,0,2,7,1,3,7,ct,571.308
4,0,3,1,1,0,7,c,608.303
4,0,3,1,1,0,7,t,680.483
4,0,3,1,0,3,7,t,638.470
4,0,3,1,0,3,7,ct,678.602
4,0,3,1,1,0,7,ct,635.580
4,0,3,1,1,2,7,n,832.356
4,0,3,1,1,2,7,c,1863.169
4,0,3,1,1,2,7,t,1603.921
4,0,3,2,0,0,7,n,704.974
4,0,3,2,0,0,7,c,651.308
4,0,3,1,1,2,7,ct,1408.694
4,0,3,1,1,3,7,c,6905.857
4,0,3,1,1,3,7,n,2675.401
4,0,3,2,0,0,7,t,809.607
4,0,3,2,0,0,7,ct,702.457
4,0,3,1,1,3,7,t,2090.908
4,0,3,2,0,2,7,n,588.553
4,0,3,1,1,3,7,ct,3589.499
4,0,3,2,0,2,7,c,640.591
4,0,3,2,0,2,7,t,686.086
4,0,3,2,0,2,7,ct,689.442
4,0,3,2,0,3,7,n,570.522
4,0,3,2,1,0,7,n,1184.788
4,0,3,2,0,3,7,c,561.405
4,0,3,2,0,3,7,ct,650.686
4,0,3,2,0,3,7,t,718.879
4,0,3,2,1,0,7,c,980.773
4,0,3,2,1,0,7,t,657.767
4,0,3,2,1,0,7,ct,1140.324
4,0,3,2,1,2,7,n,2246.660
4,0,3,2,1,2,7,c,1229.430
4,0,3,2,1,2,7,ct,1827.591
4,0,3,2,1,2,7,t,1809.197
4,0,3,2,1,3,7,n,2814.033
4,0,3,2,1,3,7,c,2789.757
4,0,3,2,1,3,7,t,1456.058
4,0,3,4,0,0,7,c,590.239
4,0,3,4,0,0,7,n,547.933
4,0,3,2,1,3,7,ct,1468.154
4,0,3,4,0,0,7,t,649.597
4,0,3,4,0,0,7,ct,636.022
4,0,3,4,0,2,7,n,547.481
4,0,3,4,0,2,7,c,612.902
4,0,3,4,0,2,7,t,540.553
4,0,3,4,0,2,7,ct,695.199
4,0,3,4,0,3,7,n,562.819
4,0,3,4,0,3,7,c,595.353
4,0,3,4,0,3,7,t,618.734
4,0,3,4,0,3,7,ct,624.358
4,0,3,4,1,0,7,n,1103.261
4,0,3,4,1,0,7,c,984.772
4,0,3,4,1,0,7,t,1174.943
4,0,3,4,1,0,7,ct,1180.940
4,0,3,4,1,2,7,n,5741.435
4,0,3,4,1,2,7,c,2789.426
4,0,3,4,1,2,7,t,2464.686
4,0,3,4,1,2,7,ct,5628.680
4,0,3,4,1,3,7,n,3402.514
4,0,3,4,1,3,7,t,3890.852
4,0,3,4,1,3,7,c,11867.969
4,0,3,4,1,3,7,ct,7948.622
4,0,3,7,0,0,7,n,583.121
4,0,3,7,0,0,7,c,631.902
4,0,3,7,0,0,7,ct,601.726
4,0,3,7,0,0,7,t,618.531
4,0,3,7,0,2,7,c,615.176
4,0,3,7,0,2,7,n,546.470
4,0,3,7,0,2,7,ct,611.327
4,0,3,7,0,2,7,t,571.198
4,0,3,7,0,3,7,c,597.139
4,0,3,7,0,3,7,n,542.795
4,0,3,7,0,3,7,t,576.008
4,0,3,7,0,3,7,ct,648.351
4,0,3,7,1,0,7,n,1849.532
4,0,3,7,1,0,7,t,3290.477
4,0,3,7,1,0,7,c,2156.749
4,0,3,7,1,0,7,ct,1554.130
4,0,3,7,1,2,7,n,3825.511
4,1,0,0,0,0,7,n,846.743
4,1,0,0,0,0,7,c,849.737
4,1,0,0,0,0,7,t,856.357
4,1,0,0,0,0,7,ct,860.422
4,1,0,0,0,2,7,n,801.743
4,1,0,0,0,2,7,c,803.930
4,1,0,0,0,2,7,t,810.871
4,1,0,0,0,2,7,ct,813.694
4,0,3,7,1,2,7,t,11805.375
4,1,0,0,0,3,7,n,799.172
4,1,0,0,0,3,7,c,800.933
4,0,3,7,1,2,7,c,6759.114
4,1,0,0,1,0,7,n,818.553
4,1,0,0,1,0,7,c,820.727
4,1,0,0,1,0,7,t,828.002
4,1,0,0,0,3,7,t,807.235
4,1,0,0,1,0,7,ct,834.020
4,1,0,0,1,2,7,n,597.080
4,1,0,0,0,3,7,ct,809.836
4,1,0,0,1,2,7,c,611.861
4,1,0,0,1,2,7,t,621.404
4,1,0,0,1,2,7,ct,639.178
4,0,3,7,1,2,7,ct,7653.442
4,1,0,0,1,3,7,n,547.899
4,1,0,1,0,0,7,n,781.550
4,1,0,0,1,3,7,t,580.017
4,1,0,1,0,0,7,c,783.967
4,1,0,1,0,0,7,t,790.313
4,1,0,0,1,3,7,c,570.089
4,1,0,1,0,0,7,ct,795.024
4,1,0,1,0,2,7,n,573.403
4,1,0,0,1,3,7,ct,576.688
4,1,0,1,0,2,7,c,671.674
4,1,0,1,0,2,7,t,605.771
4,1,0,1,0,2,7,ct,607.316
4,1,0,1,0,3,7,n,528.038
4,1,0,1,0,3,7,c,615.608
4,1,0,1,1,0,7,n,737.350
4,1,0,1,0,3,7,t,592.224
4,1,0,1,1,0,7,c,739.242
4,0,3,7,1,3,7,n,7752.749
4,1,0,1,1,0,7,t,746.891
4,1,0,1,1,0,7,ct,754.432
4,1,0,1,0,3,7,ct,572.853
4,1,0,1,1,2,7,n,593.751
4,0,3,7,1,3,7,c,8001.328
4,1,0,1,1,2,7,t,627.956
4,1,0,1,1,2,7,c,625.432
4,1,0,2,0,0,7,n,737.535
4,1,0,1,1,2,7,ct,636.520
4,1,0,2,0,0,7,c,741.161
4,1,0,1,1,3,7,n,547.278
4,1,0,2,0,0,7,t,746.937
4,1,0,2,0,0,7,ct,751.836
4,1,0,1,1,3,7,t,581.867
4,1,0,1,1,3,7,c,581.825
4,1,0,2,0,2,7,n,585.394
4,1,0,2,0,2,7,c,671.967
4,1,0,1,1,3,7,ct,580.709
4,1,0,2,0,2,7,t,618.400
4,1,0,2,0,2,7,ct,596.694
4,0,3,7,1,3,7,t,12173.550
4,1,0,2,1,0,7,n,681.347
4,1,0,2,0,3,7,n,598.125
4,1,0,2,0,3,7,c,642.313
4,1,0,2,1,0,7,c,683.457
4,1,0,2,1,0,7,t,692.108
4,1,0,2,0,3,7,t,631.652
4,1,0,2,1,0,7,ct,699.580
4,1,0,2,0,3,7,ct,598.693
4,1,0,2,1,2,7,n,542.586
4,1,0,2,1,2,7,t,587.703
4,1,0,2,1,2,7,c,620.149
4,1,0,4,0,0,7,n,661.375
4,1,0,2,1,2,7,ct,528.293
4,1,0,2,1,3,7,n,580.362
4,1,0,2,1,3,7,c,666.375
4,0,3,7,1,3,7,ct,11729.872
4,1,0,2,1,3,7,t,567.011
4,1,0,4,0,0,7,c,668.077
4,1,0,2,1,3,7,ct,628.598
4,1,0,4,0,0,7,t,675.280
4,1,0,4,0,0,7,ct,679.253
4,1,0,4,0,2,7,c,619.009
4,1,0,4,0,2,7,n,561.388
4,1,0,4,0,2,7,t,575.135
4,1,0,4,0,3,7,n,582.803
4,1,0,4,0,2,7,ct,617.080
4,1,0,4,1,0,7,n,641.858
4,1,0,4,0,3,7,c,566.023
4,1,0,4,0,3,7,t,606.480
4,1,0,4,1,0,7,c,650.867
4,1,0,4,0,3,7,ct,624.746
4,1,0,4,1,0,7,t,661.444
4,1,0,4,1,0,7,ct,667.040
4,1,0,4,1,2,7,n,580.861
4,1,0,4,1,2,7,c,623.586
4,1,0,4,1,2,7,t,603.778
4,1,0,4,1,2,7,ct,590.473
4,1,0,4,1,3,7,n,537.294
4,1,0,4,1,3,7,c,632.555
4,1,0,4,1,3,7,ct,632.936
4,1,0,4,1,3,7,t,602.400
4,1,0,7,0,0,7,n,606.574
4,1,0,7,0,0,7,c,617.959
4,1,0,7,0,0,7,t,626.670
4,1,0,7,0,0,7,ct,630.275
4,1,0,7,0,2,7,t,575.670
4,1,0,7,0,2,7,n,527.603
4,1,0,7,0,2,7,c,563.166
4,1,0,7,0,2,7,ct,593.904
4,1,0,7,0,3,7,n,547.361
4,1,0,7,0,3,7,c,561.649
4,1,0,7,0,3,7,t,565.826
4,1,0,7,1,0,7,n,571.020
4,1,0,7,0,3,7,ct,587.372
4,1,0,7,1,0,7,c,581.196
4,1,0,7,1,0,7,t,593.673
4,1,0,7,1,0,7,ct,600.233
4,1,0,7,1,2,7,n,555.476
4,1,2,0,0,0,7,n,793.593
4,1,0,7,1,2,7,c,582.013
4,1,2,0,0,0,7,t,812.854
4,1,2,0,0,0,7,c,803.748
4,1,2,0,0,0,7,ct,864.673
4,1,2,0,0,2,7,n,783.764
4,1,0,7,1,2,7,t,576.575
4,1,2,0,0,2,7,c,782.748
4,1,2,0,0,2,7,t,802.923
4,1,2,0,0,2,7,ct,878.448
4,1,0,7,1,3,7,n,553.688
4,1,0,7,1,2,7,ct,594.743
4,1,2,0,0,3,7,n,786.431
4,1,2,0,0,3,7,c,772.416
4,1,2,0,1,0,7,n,782.327
4,1,2,0,1,0,7,c,762.354
4,1,2,0,0,3,7,t,796.449
4,1,2,0,1,0,7,t,986.361
4,1,2,0,1,0,7,ct,698.620
4,1,2,0,0,3,7,ct,866.316
4,1,2,0,1,2,7,n,646.585
4,1,2,0,1,2,7,c,499.489
4,1,2,0,1,2,7,t,654.802
4,1,2,0,1,2,7,ct,655.944
4,1,2,1,0,0,7,n,743.841
4,1,2,0,1,3,7,n,647.634
4,1,2,1,0,0,7,t,767.292
4,1,2,0,1,3,7,c,612.622
4,1,2,1,0,0,7,c,745.724
4,1,2,1,0,0,7,ct,845.902
4,1,2,0,1,3,7,t,622.115
4,1,2,1,0,2,7,n,610.488
4,1,2,0,1,3,7,ct,627.308
4,1,0,7,1,3,7,c,595.250
4,1,2,1,0,2,7,c,655.061
4,1,2,1,0,2,7,t,690.442
4,1,0,7,1,3,7,t,583.561
4,1,2,1,0,2,7,ct,675.915
4,1,2,1,1,0,7,n,811.223
4,1,2,1,0,3,7,n,568.248
4,1,2,1,0,3,7,c,667.526
4,1,2,1,0,3,7,t,631.896
4,1,2,1,1,0,7,c,700.184
4,1,2,1,1,0,7,t,879.184
4,1,2,1,0,3,7,ct,610.583
4,1,2,1,1,0,7,ct,767.717
4,1,0,7,1,3,7,ct,622.313
4,1,2,1,1,2,7,n,607.108
4,1,2,1,1,2,7,c,609.192
4,1,2,2,0,0,7,n,737.977
4,1,2,1,1,2,7,t,658.176
4,1,2,1,1,2,7,ct,770.684
4,1,2,1,1,3,7,n,639.332
4,1,2,2,0,0,7,c,751.972
4,1,2,2,0,0,7,t,775.439
4,1,2,1,1,3,7,c,498.450
4,1,2,1,1,3,7,t,673.396
4,1,2,2,0,0,7,ct,863.614
4,1,2,2,0,2,7,n,616.002
4,1,2,1,1,3,7,ct,698.945
4,1,2,2,0,2,7,c,621.447
4,1,2,2,0,2,7,t,688.259
4,1,2,2,0,2,7,ct,780.763
4,1,2,2,0,3,7,n,576.689
4,1,2,2,0,3,7,c,625.374
4,1,2,2,1,0,7,n,760.964
4,1,2,2,1,0,7,t,734.954
4,1,2,2,1,0,7,c,746.595
4,1,2,2,0,3,7,t,655.665
4,1,2,2,0,3,7,ct,700.924
4,1,2,2,1,0,7,ct,796.169
4,1,2,2,1,2,7,n,605.931
4,1,2,2,1,2,7,c,576.632
4,1,2,2,1,2,7,ct,724.594
4,1,2,2,1,2,7,t,687.158
4,1,2,2,1,3,7,n,583.822
4,1,2,2,1,3,7,c,611.089
4,1,2,2,1,3,7,t,704.324
4,1,2,2,1,3,7,ct,756.030
4,1,2,4,0,0,7,n,648.810
4,1,2,4,0,0,7,c,654.823
4,1,2,4,0,0,7,t,687.543
4,1,2,4,0,0,7,ct,691.585
4,1,2,4,0,2,7,n,559.678
4,1,2,4,0,2,7,c,619.775
4,1,2,4,0,2,7,ct,652.561
4,1,2,4,0,2,7,t,617.042
4,1,2,4,0,3,7,c,670.093
4,1,2,4,0,3,7,n,570.122
4,1,2,4,0,3,7,t,618.139
4,1,2,4,0,3,7,ct,641.781
4,1,2,4,1,0,7,n,599.602
4,1,2,4,1,0,7,c,644.281
4,1,2,4,1,0,7,t,682.191
4,1,2,4,1,0,7,ct,718.503
4,1,2,4,1,2,7,n,594.353
4,1,2,4,1,2,7,c,550.574
4,1,2,4,1,2,7,t,647.042
4,1,2,4,1,3,7,n,579.365
4,1,2,4,1,2,7,ct,668.549
4,1,2,4,1,3,7,t,585.335
4,1,2,4,1,3,7,c,600.197
4,1,2,4,1,3,7,ct,695.946
4,1,2,7,0,0,7,n,605.959
4,1,2,7,0,0,7,c,585.032
4,1,2,7,0,0,7,t,676.828
4,1,2,7,0,0,7,ct,633.929
4,1,2,7,0,2,7,n,568.257
4,1,2,7,0,2,7,c,605.963
4,1,2,7,0,2,7,t,607.194
4,1,2,7,0,2,7,ct,642.411
4,1,2,7,0,3,7,n,565.091
4,1,2,7,0,3,7,c,609.971
4,1,2,7,0,3,7,t,629.807
4,1,2,7,0,3,7,ct,628.735
4,1,2,7,1,0,7,n,530.390
4,1,2,7,1,0,7,t,532.426
4,1,2,7,1,0,7,c,569.078
4,1,2,7,1,0,7,ct,599.827
4,1,2,7,1,2,7,n,552.885
4,1,3,0,0,0,7,n,685.437
4,1,3,0,0,0,7,c,719.945
4,1,2,7,1,2,7,t,577.183
4,1,3,0,0,0,7,t,689.518
4,1,2,7,1,2,7,c,576.505
4,1,3,0,0,0,7,ct,840.266
4,1,3,0,0,2,7,n,694.316
4,1,3,0,0,2,7,c,775.048
4,1,3,0,0,2,7,t,778.533
4,1,3,0,0,2,7,ct,952.597
4,1,2,7,1,2,7,ct,637.000
4,1,3,0,0,3,7,n,788.038
4,1,3,0,1,0,7,n,825.653
4,1,3,0,0,3,7,c,796.409
4,1,3,0,1,0,7,c,815.162
4,1,3,0,0,3,7,t,811.536
4,1,3,0,1,0,7,t,865.716
4,1,3,0,0,3,7,ct,1008.164
4,1,3,0,1,0,7,ct,805.971
4,1,2,7,1,3,7,n,566.746
4,1,3,0,1,2,7,n,587.450
4,1,3,0,1,2,7,c,592.014
4,1,3,0,1,2,7,t,675.422
4,1,3,0,1,2,7,ct,644.256
4,1,2,7,1,3,7,c,563.210
4,1,3,1,0,0,7,n,767.260
4,1,3,1,0,0,7,t,789.232
4,1,3,1,0,0,7,c,768.560
4,1,3,0,1,3,7,n,563.776
4,1,3,0,1,3,7,c,600.290
4,1,3,0,1,3,7,t,633.370
4,1,3,1,0,0,7,ct,955.316
4,1,2,7,1,3,7,t,583.987
4,1,3,0,1,3,7,ct,583.281
4,1,3,1,0,2,7,n,576.369
4,1,3,1,0,2,7,c,645.713
4,1,2,7,1,3,7,ct,625.448
4,1,3,1,0,2,7,t,685.607
4,1,3,1,0,2,7,ct,669.765
4,1,3,1,0,3,7,n,534.815
4,1,3,1,0,3,7,c,663.200
4,1,3,1,1,0,7,n,764.647
4,1,3,1,1,0,7,t,806.734
4,1,3,1,1,0,7,c,805.057
4,1,3,1,0,3,7,t,633.250
4,1,3,1,1,0,7,ct,764.087
4,1,3,1,0,3,7,ct,584.011
4,1,3,1,1,2,7,n,616.808
4,1,3,1,1,2,7,c,612.423
4,1,3,1,1,2,7,t,658.760
4,1,3,1,1,2,7,ct,654.107
4,1,3,1,1,3,7,n,589.165
4,1,3,2,0,0,7,n,712.846
4,1,3,1,1,3,7,t,650.633
4,1,3,2,0,0,7,c,758.327
4,1,3,1,1,3,7,c,612.079
4,1,3,2,0,0,7,t,763.258
4,1,3,1,1,3,7,ct,613.778
4,1,3,2,0,0,7,ct,936.180
4,1,3,2,0,2,7,n,585.149
4,1,3,2,0,2,7,c,638.052
4,1,3,2,0,2,7,t,671.881
4,1,3,2,0,2,7,ct,685.070
4,1,3,2,0,3,7,n,587.555
4,1,3,2,0,3,7,c,635.368
4,1,3,2,0,3,7,t,647.241
4,1,3,2,1,0,7,n,695.749
4,1,3,2,0,3,7,ct,656.642
4,1,3,2,1,0,7,t,764.396
4,1,3,2,1,0,7,c,707.152
4,1,3,2,1,0,7,ct,689.848
4,1,3,2,1,2,7,n,580.521
4,1,3,2,1,2,7,t,640.661
4,1,3,2,1,2,7,c,570.727
4,1,3,2,1,2,7,ct,608.141
4,1,3,2,1,3,7,n,622.888
4,1,3,2,1,3,7,c,722.665
4,1,3,2,1,3,7,t,678.429
4,1,3,2,1,3,7,ct,640.806
4,1,3,4,0,0,7,n,572.041
4,1,3,4,0,0,7,c,611.610
4,1,3,4,0,0,7,t,610.855
4,1,3,4,0,0,7,ct,686.957
4,1,3,4,0,2,7,n,578.278
4,1,3,4,0,2,7,c,526.044
4,1,3,4,0,2,7,t,639.111
4,1,3,4,0,2,7,ct,593.315
4,1,3,4,0,3,7,n,576.440
4,1,3,4,0,3,7,c,627.133
4,1,3,4,0,3,7,t,631.712
4,1,3,4,0,3,7,ct,603.689
4,1,3,4,1,0,7,n,647.816
4,1,3,4,1,0,7,c,643.553
4,1,3,4,1,0,7,t,692.377
4,1,3,4,1,0,7,ct,676.542
4,1,3,4,1,2,7,c,653.840
4,1,3,4,1,2,7,n,594.829
4,1,3,4,1,2,7,t,637.912
4,1,3,4,1,2,7,ct,613.671
4,1,3,4,1,3,7,n,601.152
4,1,3,4,1,3,7,c,633.762
4,1,3,4,1,3,7,t,636.258
4,1,3,4,1,3,7,ct,639.454
4,1,3,7,0,0,7,n,613.920
4,1,3,7,0,0,7,t,635.155
4,1,3,7,0,0,7,c,621.452
4,1,3,7,0,0,7,ct,670.515
4,1,3,7,0,2,7,n,573.959
4,1,3,7,0,2,7,c,589.407
4,1,3,7,0,2,7,t,611.554
4,1,3,7,0,2,7,ct,654.473
4,1,3,7,0,3,7,n,574.806
4,1,3,7,0,3,7,t,618.744
4,1,3,7,0,3,7,c,574.001
4,1,3,7,0,3,7,ct,688.235
4,1,3,7,1,0,7,n,591.498
4,1,3,7,1,0,7,c,597.731
4,1,3,7,1,0,7,t,653.678
4,1,3,7,1,0,7,ct,614.618
4,1,3,7,1,2,7,n,585.138
7,0,0,0,0,0,7,n,768.925
7,0,0,0,0,0,7,c,724.856
7,0,0,0,0,0,7,t,788.796
7,0,0,0,0,0,7,ct,739.272
4,1,3,7,1,2,7,c,607.734
4,1,3,7,1,2,7,t,656.422
7,0,0,0,0,2,7,n,693.005
7,0,0,0,0,2,7,c,616.591
7,0,0,0,0,2,7,t,782.882
7,0,0,0,0,2,7,ct,621.621
7,0,0,0,0,3,7,n,564.657
4,1,3,7,1,2,7,ct,639.646
7,0,0,0,1,0,7,n,754.971
7,0,0,0,0,3,7,c,586.898
7,0,0,0,1,0,7,c,752.161
7,0,0,0,1,0,7,t,781.858
7,0,0,0,1,0,7,ct,834.463
4,1,3,7,1,3,7,n,589.137
7,0,0,0,0,3,7,t,541.948
7,0,0,0,1,2,7,n,533.510
7,0,0,0,0,3,7,ct,582.007
7,0,0,0,1,2,7,c,557.671
7,0,0,0,1,2,7,t,576.657
7,0,0,0,1,2,7,ct,700.127
7,0,2,0,0,0,7,n,788.485
7,0,0,0,1,3,7,n,508.563
4,1,3,7,1,3,7,t,660.884
4,1,3,7,1,3,7,c,581.852
7,0,2,0,0,0,7,c,732.666
7,0,2,0,1,0,7,n,754.493
7,0,2,0,1,0,7,c,752.001
7,0,2,0,0,0,7,t,817.248
7,0,2,0,1,0,7,t,780.340
7,0,2,0,0,2,7,n,722.707
7,0,0,0,1,3,7,c,549.005
7,0,2,0,1,0,7,ct,835.204
7,0,0,0,1,3,7,t,569.998
7,0,2,0,0,0,7,ct,746.940
7,0,0,0,1,3,7,ct,600.046
7,0,3,0,0,0,7,n,797.160
7,0,2,0,0,3,7,n,564.806
7,0,3,0,0,0,7,c,729.880
7,0,2,0,0,2,7,c,665.406
7,0,2,0,1,2,7,n,555.356
7,0,3,0,0,0,7,t,816.955
7,0,2,0,0,2,7,t,729.347
7,0,2,0,0,3,7,c,595.687
7,0,3,0,1,2,7,n,388357.720
7,0,3,0,0,3,7,n,573.835
7,0,3,0,0,0,7,ct,743.619
7,0,2,0,1,3,7,n,504.391
4,1,3,7,1,3,7,ct,647.333
7,1,0,0,0,0,7,n,772.317
7,1,0,0,0,0,7,c,778.008
7,1,0,0,0,0,7,t,789.721
7,1,0,0,0,0,7,ct,796.805
7,0,2,0,1,2,7,c,555.012
7,0,2,0,0,2,7,ct,681.280
7,0,3,0,0,2,7,n,701.151
7,1,0,0,0,2,7,n,563.874
7,0,2,0,0,3,7,t,601.329
7,0,3,0,1,2,7,c,412293.000
7,0,3,0,0,3,7,c,671.797
7,1,0,0,0,2,7,c,554.529
7,1,0,0,0,3,7,n,513.369
7,0,3,0,0,2,7,c,633.256
7,0,2,0,1,2,7,t,570.770
7,1,0,0,0,2,7,t,589.669
7,0,2,0,1,3,7,c,556.915
7,0,2,0,0,3,7,ct,610.319
7,1,0,0,1,0,7,n,807.254
7,1,0,0,1,0,7,c,809.639
7,0,3,0,0,2,7,t,721.946
7,1,0,0,1,0,7,t,816.032
7,1,0,0,0,3,7,c,535.530
7,1,0,0,1,0,7,ct,821.508
7,0,3,0,1,2,7,t,352127.667
7,1,0,0,0,2,7,ct,582.637
7,0,2,0,1,2,7,ct,705.547
7,0,3,0,0,3,7,t,628.602
7,1,2,0,0,0,7,n,775.956
7,1,2,0,0,0,7,c,744.491
7,1,0,0,1,2,7,n,585.527
7,0,3,0,0,2,7,ct,645.950
7,1,0,0,0,3,7,t,586.764
7,1,2,0,0,0,7,t,783.108
7,1,0,0,1,3,7,n,549.462
7,0,2,0,1,3,7,t,555.775
7,1,2,0,0,0,7,ct,786.964
7,1,2,0,0,2,7,n,541.258
7,0,3,0,1,2,7,ct,89895.057
7,1,0,0,1,2,7,c,620.667
7,0,3,0,0,3,7,ct,662.744
7,1,0,0,0,3,7,ct,547.322
7,1,2,0,1,0,7,n,864.083
7,0,3,0,1,0,7,n,924.227
7,1,2,0,0,2,7,c,610.687
7,1,0,0,1,2,7,t,633.756
7,1,0,0,1,3,7,c,594.401
7,1,2,0,0,3,7,n,498.075
7,1,2,0,1,0,7,c,912.352
7,0,3,0,1,0,7,c,715.178
7,1,2,0,0,2,7,t,621.829
7,0,2,0,1,3,7,ct,624.831
7,1,0,0,1,2,7,ct,645.338
7,1,2,0,1,0,7,t,931.137
7,0,3,0,1,3,7,n,186386.368
7,0,3,0,1,0,7,t,1108.048
7,1,0,0,1,3,7,t,606.661
7,1,2,0,1,0,7,ct,904.065
7,1,2,0,0,3,7,c,593.218
7,1,2,0,0,2,7,ct,640.778
7,0,3,0,1,0,7,ct,745.766
7,1,3,0,0,0,7,n,774.407
7,1,2,0,1,2,7,n,650.956
7,1,3,0,0,0,7,c,770.738
7,1,3,0,0,2,7,n,503.483
7,1,0,0,1,3,7,ct,563.113
7,1,2,0,1,3,7,n,582.254
7,0,3,0,1,3,7,c,184282.846
7,1,3,0,0,0,7,t,805.409
7,1,2,0,0,3,7,t,571.309
7,1,3,0,1,0,7,n,758.040
7,1,3,0,0,3,7,n,479.498
7,1,2,0,1,2,7,c,632.997
7,1,3,0,0,0,7,ct,886.105
7,1,3,0,0,2,7,c,538.468
7,1,3,0,1,0,7,c,769.657
7,1,2,0,1,3,7,c,613.246
7,1,3,0,1,0,7,t,773.630
7,1,2,0,0,3,7,ct,589.269
7,1,3,0,0,3,7,c,535.934
7,1,2,0,1,2,7,t,779.678
7,1,3,0,0,2,7,t,566.605
7,0,3,0,1,3,7,t,161529.463
7,1,3,0,1,2,7,n,610.603
7,1,3,0,1,0,7,ct,781.094
7,1,3,0,0,2,7,ct,644.072
7,1,2,0,1,3,7,t,699.496
7,1,2,0,1,2,7,ct,730.794
7,1,3,0,0,3,7,t,542.310
7,1,3,0,1,2,7,c,611.331
7,1,3,0,1,3,7,n,555.096
7,0,3,0,1,3,7,ct,43836.142
7,1,3,0,0,3,7,ct,593.595
7,1,2,0,1,3,7,ct,671.864
7,1,3,0,1,2,7,t,649.910
7,1,3,0,1,3,7,c,565.283
7,1,3,0,1,2,7,ct,728.838
7,1,3,0,1,3,7,t,604.891
7,1,3,0,1,3,7,ct,679.912
