0,0,0,0,0,0,7,n,3826.478
0,0,0,0,0,0,7,c,690.446
0,0,0,0,0,0,7,t,1978.874
0,0,0,0,0,0,7,ct,695.724
0,0,0,0,0,2,7,c,683.369
0,0,0,0,1,0,7,n,802.133
0,0,0,0,1,0,7,c,809.951
0,0,0,0,0,2,7,t,843.752
0,0,0,0,0,2,7,n,1866.202
0,0,0,0,1,0,7,t,826.225
0,0,0,0,0,2,7,ct,686.104
0,0,0,0,1,0,7,ct,835.642
0,0,0,0,0,3,7,c,693.761
0,0,0,0,1,2,7,n,534.618
0,0,0,0,0,3,7,n,1553.209
0,0,0,0,1,2,7,t,568.890
0,0,0,0,0,3,7,t,812.244
0,0,0,0,0,3,7,ct,698.924
0,0,0,1,0,0,7,n,819.273
0,0,0,0,1,2,7,c,541.070
0,0,0,1,0,0,7,ct,695.145
0,0,0,1,0,0,7,c,714.693
0,0,0,0,1,3,7,n,509.803
0,0,0,1,0,0,7,t,799.565
0,0,0,0,1,2,7,ct,646.949
0,0,0,1,0,2,7,n,537.476
0,0,0,0,1,3,7,t,552.120
0,0,0,1,0,2,7,c,678.093
0,0,0,0,1,3,7,c,528.807
0,0,0,1,1,0,7,n,715.877
0,0,0,1,1,0,7,c,711.180
0,0,0,1,0,3,7,n,510.190
0,0,0,1,0,2,7,ct,702.993
0,0,0,1,0,2,7,t,1245.514
0,0,0,1,1,0,7,t,744.005
0,0,0,1,1,0,7,ct,800.917
0,0,0,0,1,3,7,ct,587.212
0,0,0,1,0,3,7,c,675.062
0,0,0,1,1,2,7,n,547.818
0,0,0,1,0,3,7,t,866.607
0,0,0,1,0,3,7,ct,689.708
0,0,0,2,0,0,7,n,719.778
0,0,0,1,1,2,7,c,536.155
0,0,0,1,1,2,7,t,495.598
0,0,0,2,0,0,7,c,695.339
0,0,0,1,1,2,7,ct,648.153
0,0,0,2,0,0,7,ct,709.148
0,0,0,1,1,3,7,n,521.165
0,0,0,2,0,0,7,t,782.030
0,0,0,2,0,2,7,n,504.478
0,0,0,1,1,3,7,t,572.872
0,0,0,1,1,3,7,c,541.359
0,0,0,2,0,2,7,c,674.079
0,0,0,2,1,0,7,n,633.347
0,0,0,2,0,2,7,t,817.780
0,0,0,1,1,3,7,ct,593.995
0,0,0,2,0,2,7,ct,697.134
0,0,0,2,1,0,7,c,631.487
0,0,0,2,1,0,7,t,664.439
0,0,0,2,0,3,7,n,510.435
0,0,0,2,1,2,7,n,499.204
0,0,0,2,0,3,7,c,665.994
0,0,0,2,1,0,7,ct,728.170
0,0,0,2,0,3,7,t,724.427
0,0,0,2,0,3,7,ct,685.380
0,0,0,4,0,0,7,n,545.621
0,0,0,2,1,2,7,c,564.236
0,0,0,4,0,0,7,c,695.703
0,0,0,2,1,2,7,t,494.348
0,0,0,2,1,2,7,ct,639.371
0,0,0,2,1,3,7,n,534.982
0,0,0,2,1,3,7,c,557.840
0,0,0,2,1,3,7,t,561.163
0,0,0,4,0,0,7,t,653.805
0,0,0,4,0,0,7,ct,696.013
0,0,0,2,1,3,7,ct,603.530
0,0,0,4,0,2,7,n,538.248
0,0,0,4,1,0,7,n,546.148
0,0,0,4,0,2,7,c,637.841
0,0,0,4,0,2,7,t,663.689
0,0,0,4,1,0,7,c,545.196
0,0,0,4,0,2,7,ct,699.714
0,0,0,4,1,0,7,t,577.168
0,0,0,4,0,3,7,n,501.560
0,0,0,4,0,3,7,c,633.280
0,0,0,4,0,3,7,t,671.753
0,0,0,4,0,3,7,ct,707.700
0,0,0,4,1,0,7,ct,651.160
0,0,0,4,1,2,7,n,545.701
0,0,0,7,0,0,7,n,543.304
0,0,0,4,1,3,7,n,530.413
0,0,0,4,1,2,7,c,516.763
0,0,0,4,1,2,7,t,490.044
0,0,0,4,1,2,7,ct,569.115
0,0,0,4,1,3,7,c,531.212
0,0,0,4,1,3,7,t,537.713
0,0,0,7,0,0,7,c,707.983
0,0,0,4,1,3,7,ct,519.281
0,0,0,7,0,0,7,ct,660.834
0,0,0,7,0,0,7,t,730.050
0,0,0,7,0,2,7,n,500.275
0,0,0,7,0,2,7,c,591.355
0,0,0,7,1,0,7,n,494.924
0,0,0,7,0,2,7,t,794.962
0,0,0,7,0,2,7,ct,645.609
0,0,0,7,0,3,7,c,594.309
0,0,0,7,0,3,7,n,497.773
0,0,0,7,1,0,7,t,540.874
0,0,0,7,1,2,7,n,481.710
0,0,0,7,0,3,7,t,691.661
0,0,0,7,1,0,7,c,521.781
0,0,0,7,0,3,7,ct,666.255
0,0,0,7,1,0,7,ct,594.528
0,0,2,0,0,0,7,n,1662.509
0,0,2,0,0,0,7,c,745.675
0,0,2,0,0,0,7,t,1144.348
0,0,2,0,0,0,7,ct,747.994
0,0,2,0,0,2,7,n,1064.693
0,0,2,0,0,2,7,c,708.922
0,0,0,7,1,2,7,t,489.201
0,0,2,0,0,2,7,t,781.438
0,0,0,7,1,2,7,c,493.544
0,0,2,0,0,2,7,ct,710.231
0,0,2,0,0,3,7,c,716.937
0,0,2,0,0,3,7,n,1328.248
0,0,2,0,1,0,7,n,766.011
0,0,2,0,1,0,7,c,765.433
0,0,2,0,1,0,7,t,785.711
0,0,2,0,1,0,7,ct,811.177
0,0,2,0,0,3,7,t,836.775
0,0,0,7,1,3,7,n,475.491
0,0,2,0,1,2,7,n,527.887
0,0,2,0,0,3,7,ct,716.019
0,0,0,7,1,2,7,ct,487.628
0,0,2,0,1,2,7,t,543.304
0,0,2,0,1,2,7,c,528.319
0,0,2,0,1,2,7,ct,644.817
0,0,2,1,0,0,7,n,779.668
0,0,2,0,1,3,7,n,507.034
0,0,2,1,0,0,7,c,679.614
0,0,2,1,0,0,7,ct,763.317
0,0,2,1,0,0,7,t,707.619
0,0,2,0,1,3,7,t,519.357
0,0,0,7,1,3,7,t,510.272
0,0,0,7,1,3,7,c,516.728
0,0,2,0,1,3,7,c,512.164
0,0,2,0,1,3,7,ct,582.328
0,0,2,1,0,2,7,c,706.675
0,0,2,1,0,2,7,n,583.836
0,0,2,1,0,2,7,ct,724.657
0,0,2,1,1,0,7,n,691.230
0,0,0,7,1,3,7,ct,529.375
0,0,2,1,0,2,7,t,851.986
0,0,2,1,1,0,7,c,687.186
0,0,2,1,1,0,7,t,713.658
0,0,2,1,0,3,7,c,703.028
0,0,2,1,1,0,7,ct,750.306
0,0,2,1,0,3,7,n,777.664
0,0,2,1,0,3,7,t,710.346
0,0,2,1,1,2,7,n,505.663
0,0,2,1,0,3,7,ct,763.025
0,0,2,1,1,2,7,c,502.387
0,0,2,1,1,2,7,ct,623.298
0,0,2,1,1,2,7,t,491.514
0,0,2,2,0,0,7,n,696.740
0,0,2,2,0,0,7,c,744.639
0,0,2,1,1,3,7,n,499.141
0,0,2,2,0,0,7,ct,766.723
0,0,2,2,0,0,7,t,938.879
0,0,2,2,0,2,7,c,699.614
0,0,2,1,1,3,7,c,525.447
0,0,2,1,1,3,7,t,561.029
0,0,2,2,0,2,7,n,940.709
0,0,2,2,0,2,7,t,852.125
0,0,2,1,1,3,7,ct,584.989
0,0,2,2,1,0,7,n,629.326
0,0,2,2,0,2,7,ct,731.667
0,0,2,2,1,0,7,c,626.200
0,0,2,2,1,0,7,t,654.289
0,0,2,2,0,3,7,c,703.479
0,0,2,2,1,0,7,ct,692.869
0,0,2,2,0,3,7,n,967.660
0,0,2,2,0,3,7,t,713.983
0,0,2,2,0,3,7,ct,747.116
0,0,2,2,1,2,7,n,545.569
0,0,2,2,1,2,7,c,489.826
0,0,2,2,1,2,7,t,558.386
0,0,2,2,1,2,7,ct,601.508
0,0,2,4,0,0,7,c,725.418
0,0,2,2,1,3,7,n,518.915
0,0,2,4,0,0,7,n,566.830
0,0,2,2,1,3,7,c,544.299
0,0,2,2,1,3,7,t,546.304
0,0,2,4,0,0,7,t,690.092
0,0,2,2,1,3,7,ct,596.130
0,0,2,4,0,0,7,ct,740.788
0,0,2,4,0,2,7,n,866.416
0,0,2,4,0,2,7,c,651.511
0,0,2,4,0,2,7,t,700.581
0,0,2,4,0,2,7,ct,700.231
0,0,2,4,1,0,7,n,551.743
0,0,2,4,0,3,7,n,862.424
0,0,2,4,0,3,7,c,644.939
0,0,2,4,0,3,7,t,670.775
0,0,2,4,1,0,7,c,549.325
0,0,2,4,0,3,7,ct,679.526
0,0,2,4,1,0,7,t,573.344
0,0,2,4,1,0,7,ct,652.085
0,0,2,4,1,2,7,n,478.205
0,0,2,4,1,2,7,c,526.573
0,0,2,4,1,2,7,t,472.448
0,0,2,4,1,3,7,n,527.912
0,0,2,4,1,2,7,ct,590.513
0,0,2,4,1,3,7,c,549.793
0,0,2,4,1,3,7,t,570.622
0,0,2,4,1,3,7,ct,583.535
0,0,2,7,0,0,7,c,753.490
0,0,2,7,0,0,7,n,845.045
0,0,2,7,0,0,7,t,603.038
0,0,2,7,0,0,7,ct,718.353
0,0,2,7,0,2,7,n,1645.418
0,0,2,7,0,2,7,c,621.513
0,0,2,7,0,2,7,t,626.882
0,0,2,7,0,2,7,ct,678.695
0,0,2,7,1,0,7,n,524.938
0,0,2,7,0,3,7,n,744.671
0,0,2,7,0,3,7,c,653.863
0,0,2,7,0,3,7,t,665.225
0,0,2,7,1,0,7,t,549.226
0,0,2,7,0,3,7,ct,681.473
0,0,2,7,1,0,7,c,537.553
0,0,2,7,1,0,7,ct,548.049
0,0,2,7,1,2,7,n,514.217
0,0,3,0,0,0,7,n,1528.345
0,0,3,0,0,0,7,c,736.170
0,0,3,0,0,0,7,t,1075.840
0,0,3,0,0,0,7,ct,740.407
0,0,3,0,0,2,7,n,1038.826
0,0,2,7,1,2,7,c,553.390
0,0,2,7,1,2,7,t,480.747
0,0,3,0,0,2,7,c,715.603
0,0,3,0,0,2,7,ct,719.444
0,0,3,0,0,2,7,t,863.938
0,0,3,0,0,3,7,c,729.174
0,0,3,0,0,3,7,n,1052.133
0,0,2,7,1,2,7,ct,553.597
0,0,3,0,1,0,7,n,773.564
0,0,3,0,1,0,7,c,772.983
0,0,2,7,1,3,7,n,505.593
0,0,3,0,1,0,7,t,794.756
0,0,3,0,1,0,7,ct,823.005
0,0,2,7,1,3,7,c,554.433
0,0,3,0,0,3,7,t,1073.087
0,0,2,7,1,3,7,t,476.889
0,0,3,0,1,2,7,n,524.274
0,0,3,0,0,3,7,ct,728.982
0,0,3,0,1,2,7,t,542.191
0,0,3,0,1,2,7,c,526.671
0,0,3,0,1,3,7,n,497.625
0,0,3,0,1,2,7,ct,659.191
0,0,3,1,0,0,7,n,784.767
0,0,3,1,0,0,7,c,724.223
0,0,3,0,1,3,7,t,547.165
0,0,3,1,0,0,7,t,1407.567
0,0,3,1,0,0,7,ct,753.366
0,0,3,0,1,3,7,c,501.733
0,0,3,1,0,2,7,c,713.531
0,0,3,1,0,2,7,n,1293.270
0,0,3,0,1,3,7,ct,589.595
0,0,3,1,1,0,7,n,702.564
0,0,3,1,0,2,7,t,860.186
0,0,3,1,0,2,7,ct,738.178
0,0,3,1,1,0,7,c,699.380
0,0,2,7,1,3,7,ct,555.697
0,0,3,1,1,0,7,t,726.640
0,0,3,1,1,0,7,ct,775.749
0,0,3,1,0,3,7,c,729.796
0,0,3,1,0,3,7,n,1851.664
0,0,3,1,0,3,7,t,885.608
0,0,3,1,1,2,7,n,504.009
0,0,3,1,0,3,7,ct,802.527
0,0,3,1,1,2,7,c,485.484
0,0,3,1,1,2,7,ct,637.808
0,0,3,1,1,2,7,t,495.374
0,0,3,2,0,0,7,c,735.071
0,0,3,1,1,3,7,n,546.759
0,0,3,2,0,0,7,n,705.257
0,0,3,2,0,0,7,t,1206.504
0,0,3,2,0,0,7,ct,762.478
0,0,3,1,1,3,7,c,543.804
0,0,3,1,1,3,7,t,509.799
0,0,3,1,1,3,7,ct,584.429
0,0,3,2,0,2,7,c,703.299
0,0,3,2,0,2,7,n,1431.208
0,0,3,2,0,2,7,t,847.498
0,0,3,2,1,0,7,n,640.884
0,0,3,2,0,2,7,ct,732.770
0,0,3,2,1,0,7,c,638.273
0,0,3,2,1,0,7,t,667.175
0,0,3,2,0,3,7,n,1466.742
0,0,3,2,1,0,7,ct,736.006
0,0,3,2,0,3,7,c,736.439
0,0,3,2,0,3,7,t,789.142
0,0,3,2,0,3,7,ct,734.586
0,0,3,2,1,2,7,n,544.017
0,0,3,2,1,2,7,c,524.279
0,0,3,2,1,2,7,t,547.072
0,0,3,2,1,2,7,ct,592.305
0,0,3,2,1,3,7,n,509.638
0,0,3,4,0,0,7,c,723.055
0,0,3,4,0,0,7,n,628.675
0,0,3,2,1,3,7,c,548.141
0,0,3,2,1,3,7,t,551.741
0,0,3,4,0,0,7,t,624.362
0,0,3,2,1,3,7,ct,584.014
0,0,3,4,0,0,7,ct,735.347
0,0,3,4,0,2,7,c,652.779
0,0,3,4,0,2,7,n,1202.915
0,0,3,4,0,2,7,t,645.875
0,0,3,4,0,2,7,ct,720.377
0,0,3,4,0,3,7,n,807.790
0,0,3,4,1,0,7,n,543.575
0,0,3,4,0,3,7,c,603.693
0,0,3,4,0,3,7,t,682.760
0,0,3,4,1,0,7,c,542.197
0,0,3,4,0,3,7,ct,717.108
0,0,3,4,1,0,7,t,564.022
0,0,3,4,1,0,7,ct,620.122
0,0,3,4,1,2,7,n,501.725
0,0,3,4,1,2,7,c,530.299
0,0,3,4,1,2,7,t,507.373
0,0,3,4,1,2,7,ct,581.636
0,0,3,4,1,3,7,n,539.954
0,0,3,4,1,3,7,c,509.141
0,0,3,4,1,3,7,t,493.731
0,0,3,4,1,3,7,ct,612.758
0,0,3,7,0,0,7,n,981.623
0,0,3,7,0,0,7,c,762.699
0,0,3,7,0,0,7,t,608.308
0,0,3,7,0,0,7,ct,687.320
0,0,3,7,0,2,7,c,663.427
0,0,3,7,0,2,7,n,1164.176
0,0,3,7,0,2,7,t,640.011
0,0,3,7,0,2,7,ct,696.623
0,0,3,7,1,0,7,n,510.928
0,0,3,7,0,3,7,c,648.254
0,0,3,7,0,3,7,n,512.539
0,0,3,7,0,3,7,t,667.133
0,0,3,7,1,0,7,c,520.371
0,0,3,7,0,3,7,ct,682.852
0,0,3,7,1,0,7,t,534.190
0,0,3,7,1,0,7,ct,538.180
0,0,3,7,1,2,7,n,497.901
0,1,0,0,0,0,7,n,967.319
0,1,0,0,0,0,7,c,970.119
0,1,0,0,0,0,7,t,975.981
0,1,0,0,0,0,7,ct,978.922
0,1,0,0,0,2,7,n,926.814
0,1,0,0,0,2,7,c,928.632
0,1,0,0,0,2,7,t,935.106
0,1,0,0,0,2,7,ct,938.870
0,1,0,0,0,3,7,n,929.782
0,1,0,0,0,3,7,c,931.505
0,1,0,0,0,3,7,t,937.906
0,0,3,7,1,2,7,c,543.780
0,1,0,0,1,0,7,n,930.648
0,1,0,0,1,0,7,c,933.687
0,1,0,0,1,0,7,t,939.466
0,0,3,7,1,2,7,t,484.157
0,1,0,0,1,0,7,ct,943.264
0,1,0,0,0,3,7,ct,940.860
0,1,0,0,1,2,7,n,728.551
0,1,0,0,1,2,7,t,741.156
0,1,0,0,1,2,7,c,736.602
0,0,3,7,1,2,7,ct,570.765
0,1,0,0,1,2,7,ct,749.319
0,1,0,0,1,3,7,n,706.193
0,1,0,1,0,0,7,n,925.820
0,1,0,1,0,0,7,c,928.445
0,1,0,1,0,0,7,t,934.371
0,0,3,7,1,3,7,n,486.146
0,1,0,1,0,0,7,ct,937.358
0,1,0,0,1,3,7,t,718.842
0,1,0,0,1,3,7,c,715.232
0,0,3,7,1,3,7,c,539.698
0,1,0,1,0,2,7,n,719.594
0,1,0,1,0,2,7,t,732.005
0,1,0,1,0,2,7,c,729.250
0,1,0,1,0,2,7,ct,739.773
0,1,0,1,1,0,7,n,869.959
0,1,0,0,1,3,7,ct,727.049
0,1,0,1,1,0,7,c,873.765
0,1,0,1,1,0,7,t,877.963
0,1,0,1,0,3,7,n,696.738
0,1,0,1,1,0,7,ct,879.238
0,1,0,1,0,3,7,c,695.112
0,0,3,7,1,3,7,t,592.640
0,1,0,1,1,2,7,n,719.183
0,1,0,1,0,3,7,t,710.328
0,1,0,1,0,3,7,ct,716.223
0,1,0,1,1,2,7,t,734.696
0,1,0,2,0,0,7,n,892.842
0,1,0,1,1,2,7,c,711.170
0,1,0,2,0,0,7,c,895.560
0,1,0,1,1,2,7,ct,736.576
0,1,0,2,0,0,7,t,900.881
0,1,0,2,0,0,7,ct,904.301
0,1,0,1,1,3,7,n,708.633
0,1,0,2,0,2,7,n,720.580
0,1,0,1,1,3,7,t,719.865
0,1,0,1,1,3,7,c,696.453
0,1,0,2,0,2,7,c,717.484
0,1,0,2,0,2,7,t,734.653
0,1,0,2,1,0,7,n,852.227
0,1,0,2,0,2,7,ct,743.461
0,1,0,1,1,3,7,ct,738.998
0,1,0,2,1,0,7,c,855.770
0,1,0,2,1,0,7,t,859.974
0,0,3,7,1,3,7,ct,532.714
0,1,0,2,0,3,7,n,716.320
0,1,0,2,1,0,7,ct,861.172
0,1,0,2,1,2,7,n,719.928
0,1,0,2,0,3,7,t,723.184
0,1,0,2,0,3,7,c,747.247
0,1,0,2,0,3,7,ct,717.502
0,1,0,4,0,0,7,n,764.986
0,1,0,2,1,2,7,t,749.336
0,1,0,2,1,2,7,c,670.331
0,1,0,2,1,2,7,ct,749.685
0,1,0,2,1,3,7,n,703.853
0,1,0,4,0,0,7,c,767.486
0,1,0,4,0,0,7,t,772.384
0,1,0,4,0,0,7,ct,777.700
0,1,0,2,1,3,7,c,669.099
0,1,0,2,1,3,7,t,734.040
0,1,0,4,0,2,7,n,642.458
0,1,0,2,1,3,7,ct,698.154
0,1,0,4,1,0,7,n,762.528
0,1,0,4,0,3,7,n,634.723
0,1,0,4,0,2,7,c,691.952
0,1,0,4,1,0,7,c,766.421
0,1,0,4,0,2,7,t,654.548
0,1,0,4,0,2,7,ct,654.575
0,1,0,4,1,2,7,n,659.708
0,1,0,4,1,0,7,t,770.424
0,1,0,4,0,3,7,c,728.645
0,1,0,4,1,0,7,ct,771.490
0,1,0,4,0,3,7,t,676.845
0,1,0,4,0,3,7,ct,675.720
0,1,0,7,0,0,7,n,708.527
0,1,0,4,1,2,7,t,673.364
0,1,0,4,1,2,7,c,665.453
0,1,0,4,1,2,7,ct,675.597
0,1,0,4,1,3,7,n,682.189
0,1,0,7,0,0,7,c,711.622
0,1,0,4,1,3,7,c,707.799
0,1,0,4,1,3,7,t,725.340
0,1,0,4,1,3,7,ct,740.038
0,1,0,7,0,0,7,t,716.311
0,1,0,7,0,0,7,ct,720.914
0,1,0,7,0,2,7,n,646.729
0,1,0,7,1,0,7,n,669.407
0,1,0,7,0,2,7,c,657.748
0,1,0,7,0,2,7,t,655.016
0,1,0,7,0,3,7,n,638.339
0,1,0,7,0,2,7,ct,661.318
0,1,0,7,0,3,7,c,646.528
0,1,0,7,1,0,7,c,674.194
0,1,0,7,0,3,7,t,670.507
0,1,0,7,0,3,7,ct,683.693
0,1,0,7,1,0,7,t,677.911
0,1,0,7,1,0,7,ct,677.541
0,1,0,7,1,2,7,n,637.578
0,1,2,0,0,0,7,n,750.053
0,1,2,0,0,0,7,c,753.643
0,1,2,0,0,0,7,t,767.743
0,1,2,0,0,0,7,ct,793.281
0,1,2,0,0,2,7,n,716.280
0,1,2,0,0,2,7,c,721.866
0,1,2,0,0,2,7,t,737.721
0,1,0,7,1,2,7,c,646.012
0,1,0,7,1,2,7,t,645.587
0,1,2,0,0,2,7,ct,792.406
0,1,2,0,0,3,7,n,719.015
0,1,0,7,1,3,7,n,635.989
0,1,2,0,1,0,7,n,798.715
0,1,2,0,1,0,7,c,828.810
0,1,0,7,1,2,7,ct,744.757
0,1,2,0,0,3,7,t,742.152
0,1,2,0,1,0,7,t,844.960
0,1,2,0,0,3,7,c,729.324
0,1,2,0,1,0,7,ct,853.951
0,1,2,0,1,2,7,n,560.093
0,1,2,0,0,3,7,ct,787.573
0,1,2,0,1,2,7,c,609.266
0,1,0,7,1,3,7,c,640.134
0,1,2,0,1,2,7,t,665.319
0,1,2,1,0,0,7,n,710.432
0,1,2,0,1,3,7,n,540.354
0,1,2,0,1,2,7,ct,599.882
0,1,2,1,0,0,7,c,717.297
0,1,0,7,1,3,7,t,642.747
0,1,2,1,0,0,7,t,732.626
0,1,2,1,0,0,7,ct,774.574
0,1,2,1,0,2,7,n,541.612
0,1,2,0,1,3,7,c,595.558
0,1,2,0,1,3,7,t,614.681
0,1,2,1,0,2,7,t,609.441
0,1,2,1,0,2,7,c,618.407
0,1,2,0,1,3,7,ct,559.566
0,1,2,1,1,0,7,n,749.216
0,1,2,1,0,2,7,ct,593.521
0,1,2,1,1,0,7,t,804.049
0,1,2,1,0,3,7,n,515.371
0,1,0,7,1,3,7,ct,647.171
0,1,2,1,1,0,7,c,784.609
0,1,2,1,1,0,7,ct,769.466
0,1,2,1,0,3,7,c,554.238
0,1,2,1,0,3,7,t,622.191
0,1,2,1,0,3,7,ct,583.691
0,1,2,1,1,2,7,n,555.576
0,1,2,2,0,0,7,n,697.944
0,1,2,1,1,2,7,c,558.952
0,1,2,1,1,2,7,t,663.404
0,1,2,1,1,2,7,ct,603.942
0,1,2,1,1,3,7,n,535.422
0,1,2,2,0,0,7,c,719.235
0,1,2,2,0,0,7,t,737.158
0,1,2,2,0,0,7,ct,773.043
0,1,2,1,1,3,7,c,565.988
0,1,2,1,1,3,7,t,611.563
0,1,2,2,0,2,7,n,544.829
0,1,2,2,0,2,7,c,669.303
0,1,2,1,1,3,7,ct,580.727
0,1,2,2,0,2,7,t,625.428
0,1,2,2,0,2,7,ct,616.561
0,1,2,2,1,0,7,n,702.524
0,1,2,2,0,3,7,n,514.856
0,1,2,2,1,0,7,t,762.521
0,1,2,2,0,3,7,c,594.617
0,1,2,2,1,0,7,c,739.542
0,1,2,2,0,3,7,t,635.334
0,1,2,2,0,3,7,ct,571.832
0,1,2,2,1,0,7,ct,715.598
0,1,2,2,1,2,7,n,540.830
0,1,2,2,1,2,7,c,653.481
0,1,2,4,0,0,7,n,629.639
0,1,2,2,1,2,7,t,582.757
0,1,2,2,1,2,7,ct,549.589
0,1,2,2,1,3,7,n,571.532
0,1,2,2,1,3,7,c,642.889
0,1,2,2,1,3,7,t,643.201
0,1,2,2,1,3,7,ct,541.253
0,1,2,4,0,0,7,c,664.374
0,1,2,4,0,0,7,t,673.366
0,1,2,4,0,0,7,ct,650.637
0,1,2,4,0,2,7,n,539.217
0,1,2,4,0,2,7,c,599.789
0,1,2,4,0,2,7,t,613.428
0,1,2,4,0,3,7,n,529.612
0,1,2,4,1,0,7,n,627.358
0,1,2,4,0,2,7,ct,513.303
0,1,2,4,0,3,7,c,611.269
0,1,2,4,0,3,7,t,617.199
0,1,2,4,0,3,7,ct,551.268
0,1,2,4,1,0,7,c,607.639
0,1,2,4,1,0,7,t,691.547
0,1,2,4,1,0,7,ct,610.241
0,1,2,4,1,2,7,n,570.507
0,1,2,4,1,2,7,c,617.158
0,1,2,4,1,2,7,t,632.123
0,1,2,4,1,2,7,ct,531.992
0,1,2,4,1,3,7,c,613.037
0,1,2,4,1,3,7,n,553.978
0,1,2,4,1,3,7,t,615.487
0,1,2,7,0,0,7,n,587.094
0,1,2,4,1,3,7,ct,471.399
0,1,2,7,0,0,7,t,657.706
0,1,2,7,0,0,7,c,640.837
0,1,2,7,0,0,7,ct,551.243
0,1,2,7,0,2,7,n,524.194
0,1,2,7,0,2,7,c,557.208
0,1,2,7,0,2,7,t,571.251
0,1,2,7,0,3,7,n,505.031
0,1,2,7,0,2,7,ct,524.879
0,1,2,7,1,0,7,n,552.263
0,1,2,7,0,3,7,c,569.980
0,1,2,7,0,3,7,t,597.828
0,1,2,7,0,3,7,ct,568.476
0,1,2,7,1,0,7,t,626.336
0,1,2,7,1,0,7,c,623.084
0,1,2,7,1,2,7,n,540.379
0,1,2,7,1,0,7,ct,550.396
0,1,3,0,0,0,7,n,759.307
0,1,3,0,0,0,7,c,759.875
0,1,3,0,0,0,7,t,774.637
0,1,3,0,0,0,7,ct,804.661
0,1,3,0,0,2,7,n,719.499
0,1,3,0,0,2,7,c,728.659
0,1,2,7,1,2,7,c,642.742
0,1,3,0,0,2,7,t,738.691
0,1,2,7,1,2,7,t,547.195
0,1,3,0,0,2,7,ct,778.809
0,1,3,0,0,3,7,n,722.057
0,1,2,7,1,2,7,ct,618.167
0,1,2,7,1,3,7,n,517.704
0,1,3,0,1,0,7,n,776.696
0,1,3,0,0,3,7,c,745.434
0,1,3,0,1,0,7,c,809.887
0,1,3,0,0,3,7,t,751.308
0,1,3,0,1,0,7,t,826.564
0,1,3,0,1,0,7,ct,838.141
0,1,3,0,1,2,7,n,567.681
0,1,3,0,0,3,7,ct,797.232
0,1,2,7,1,3,7,c,580.804
0,1,3,0,1,2,7,c,683.278
0,1,3,0,1,2,7,t,663.529
0,1,2,7,1,3,7,t,564.562
0,1,3,1,0,0,7,n,712.669
0,1,3,0,1,2,7,ct,631.063
0,1,3,1,0,0,7,c,712.756
0,1,3,0,1,3,7,n,544.875
0,1,3,1,0,0,7,t,730.666
0,1,3,1,0,0,7,ct,805.075
0,1,3,1,0,2,7,n,544.956
0,1,3,0,1,3,7,c,608.619
0,1,3,1,0,2,7,c,636.753
0,1,3,0,1,3,7,t,615.219
0,1,3,1,0,2,7,t,622.867
0,1,3,0,1,3,7,ct,584.048
0,1,3,1,0,2,7,ct,657.057
0,1,3,1,1,0,7,n,728.179
0,1,3,1,1,0,7,c,764.393
0,1,3,1,1,0,7,t,784.229
0,1,3,1,0,3,7,n,521.077
0,1,2,7,1,3,7,ct,606.545
0,1,3,1,1,0,7,ct,798.104
0,1,3,1,0,3,7,c,580.539
0,1,3,1,0,3,7,t,600.407
0,1,3,1,0,3,7,ct,552.246
0,1,3,1,1,2,7,n,558.532
0,1,3,1,1,2,7,c,690.698
0,1,3,2,0,0,7,n,690.787
0,1,3,1,1,2,7,t,601.480
0,1,3,1,1,2,7,ct,667.199
0,1,3,1,1,3,7,n,539.786
0,1,3,2,0,0,7,c,727.884
0,1,3,2,0,0,7,t,733.972
0,1,3,2,0,0,7,ct,770.949
0,1,3,1,1,3,7,c,545.248
0,1,3,2,0,2,7,n,564.413
0,1,3,1,1,3,7,t,650.839
0,1,3,2,0,2,7,c,639.702
0,1,3,1,1,3,7,ct,593.036
0,1,3,2,0,2,7,t,661.487
0,1,3,2,0,2,7,ct,596.357
0,1,3,2,1,0,7,n,691.048
0,1,3,2,0,3,7,n,586.582
0,1,3,2,1,0,7,c,775.844
0,1,3,2,1,0,7,t,750.547
0,1,3,2,0,3,7,c,618.020
0,1,3,2,0,3,7,t,620.950
0,1,3,2,1,0,7,ct,721.973
0,1,3,2,0,3,7,ct,628.919
0,1,3,2,1,2,7,n,545.689
0,1,3,2,1,2,7,c,595.517
0,1,3,2,1,2,7,t,564.719
0,1,3,2,1,2,7,ct,579.924
0,1,3,4,0,0,7,n,621.006
0,1,3,2,1,3,7,n,575.774
0,1,3,2,1,3,7,c,584.429
0,1,3,2,1,3,7,t,665.773
0,1,3,4,0,0,7,c,639.264
0,1,3,2,1,3,7,ct,597.975
0,1,3,4,0,0,7,t,669.699
0,1,3,4,0,2,7,n,560.414
0,1,3,4,0,0,7,ct,619.562
0,1,3,4,0,2,7,c,585.558
0,1,3,4,0,2,7,t,605.474
0,1,3,4,0,3,7,n,554.286
0,1,3,4,1,0,7,n,629.596
0,1,3,4,0,2,7,ct,536.977
0,1,3,4,0,3,7,c,605.505
0,1,3,4,0,3,7,t,617.154
0,1,3,4,0,3,7,ct,653.416
0,1,3,4,1,0,7,c,711.055
0,1,3,4,1,0,7,t,674.688
0,1,3,4,1,0,7,ct,608.529
0,1,3,4,1,2,7,n,566.783
0,1,3,4,1,2,7,c,505.831
0,1,3,4,1,2,7,t,601.945
0,1,3,4,1,2,7,ct,565.390
0,1,3,4,1,3,7,n,542.070
0,1,3,4,1,3,7,c,631.211
0,1,3,4,1,3,7,t,677.646
0,1,3,4,1,3,7,ct,552.669
0,1,3,7,0,0,7,n,588.007
0,1,3,7,0,0,7,c,634.432
0,1,3,7,0,0,7,t,638.555
0,1,3,7,0,0,7,ct,559.286
0,1,3,7,0,2,7,n,533.503
0,1,3,7,0,2,7,c,600.097
0,1,3,7,0,2,7,t,572.486
0,1,3,7,0,2,7,ct,535.046
0,1,3,7,0,3,7,n,617.203
0,1,3,7,1,0,7,n,565.842
0,1,3,7,0,3,7,c,589.558
0,1,3,7,0,3,7,t,591.386
0,1,3,7,0,3,7,ct,609.363
0,1,3,7,1,0,7,c,587.404
0,1,3,7,1,0,7,t,617.231
0,1,3,7,1,0,7,ct,554.222
0,1,3,7,1,2,7,n,548.387
1,0,0,0,0,0,7,n,970.503
1,0,0,0,0,0,7,c,729.950
1,0,0,0,0,0,7,t,955.334
1,0,0,0,0,0,7,ct,735.097
1,0,0,0,0,2,7,n,927.120
1,0,0,0,0,2,7,c,704.614
1,0,0,0,0,2,7,t,876.220
1,0,0,0,0,2,7,ct,708.752
0,1,3,7,1,2,7,c,606.840
1,0,0,0,0,3,7,n,929.488
0,1,3,7,1,2,7,t,603.463
1,0,0,0,0,3,7,c,712.556
1,0,0,0,1,0,7,n,780.509
1,0,0,0,1,0,7,c,788.537
1,0,0,0,1,0,7,t,802.197
1,0,0,0,1,0,7,ct,808.854
1,0,0,0,0,3,7,t,874.127
1,0,0,0,0,3,7,ct,710.029
1,0,0,0,1,2,7,n,542.039
1,0,0,0,1,2,7,c,540.918
0,1,3,7,1,3,7,n,544.648
0,1,3,7,1,2,7,ct,538.620
1,0,0,0,1,2,7,t,556.520
1,0,0,0,1,2,7,ct,641.647
1,0,0,1,0,0,7,n,988.609
1,0,0,1,0,0,7,c,674.201
1,0,0,0,1,3,7,n,517.745
1,0,0,0,1,3,7,t,561.968
1,0,0,1,0,0,7,t,765.509
1,0,0,1,0,0,7,ct,705.403
1,0,0,0,1,3,7,c,522.745
1,0,0,0,1,3,7,ct,598.018
1,0,0,1,0,2,7,n,538.462
1,0,0,1,0,2,7,c,691.883
1,0,0,1,0,2,7,t,683.297
1,0,0,1,0,2,7,ct,713.069
1,0,0,1,1,0,7,n,702.344
0,1,3,7,1,3,7,c,623.382
1,0,0,1,1,0,7,c,703.600
1,0,0,1,1,0,7,t,727.125
1,0,0,1,0,3,7,n,527.079
1,0,0,1,0,3,7,c,677.883
0,1,3,7,1,3,7,t,671.278
1,0,0,1,0,3,7,t,582.131
1,0,0,1,1,0,7,ct,772.571
1,0,0,1,0,3,7,ct,687.139
1,0,0,1,1,2,7,n,536.994
1,0,0,1,1,2,7,c,544.218
1,0,0,1,1,2,7,t,497.620
1,0,0,2,0,0,7,n,709.517
1,0,0,1,1,2,7,ct,624.992
1,0,0,1,1,3,7,n,518.245
1,0,0,2,0,0,7,c,657.843
1,0,0,2,0,0,7,ct,699.312
1,0,0,2,0,0,7,t,752.538
1,0,0,1,1,3,7,c,500.226
1,0,0,2,0,2,7,n,543.943
1,0,0,1,1,3,7,t,494.726
1,0,0,1,1,3,7,ct,590.681
1,0,0,2,0,2,7,c,680.112
1,0,0,2,1,0,7,n,640.047
1,0,0,2,0,2,7,t,653.842
1,0,0,2,0,2,7,ct,711.685
1,0,0,2,1,0,7,c,640.354
1,0,0,2,1,0,7,t,666.421
1,0,0,2,0,3,7,n,537.011
0,1,3,7,1,3,7,ct,582.495
1,0,0,2,0,3,7,c,673.326
1,0,0,2,0,3,7,t,594.637
1,0,0,2,0,3,7,ct,708.127
1,0,0,2,1,0,7,ct,726.228
1,0,0,2,1,2,7,n,540.020
1,0,0,2,1,2,7,c,569.137
1,0,0,2,1,2,7,ct,612.560
1,0,0,2,1,2,7,t,507.361
1,0,0,4,0,0,7,n,556.225
1,0,0,2,1,3,7,n,553.971
1,0,0,4,0,0,7,c,627.318
1,0,0,2,1,3,7,c,552.619
1,0,0,2,1,3,7,t,542.398
1,0,0,2,1,3,7,ct,653.449
1,0,0,4,0,0,7,ct,670.129
1,0,0,4,0,0,7,t,609.725
1,0,0,4,0,2,7,n,562.324
1,0,0,4,0,2,7,c,633.788
1,0,0,4,0,2,7,t,620.765
1,0,0,4,1,0,7,n,562.720
1,0,0,4,0,2,7,ct,688.228
1,0,0,4,0,3,7,n,577.411
1,0,0,4,0,3,7,c,650.983
1,0,0,4,1,0,7,c,564.138
1,0,0,4,0,3,7,t,579.324
1,0,0,4,0,3,7,ct,703.022
1,0,0,4,1,0,7,t,583.936
1,0,0,4,1,0,7,ct,646.068
1,0,0,4,1,2,7,n,517.880
1,0,0,4,1,2,7,c,442.012
1,0,0,4,1,2,7,t,510.581
1,0,0,4,1,3,7,n,562.894
1,0,0,4,1,2,7,ct,579.624
1,0,0,4,1,3,7,c,491.794
1,0,0,4,1,3,7,t,599.642
1,0,0,4,1,3,7,ct,531.903
1,0,0,7,0,0,7,n,567.593
1,0,0,7,0,0,7,c,643.787
1,0,0,7,0,0,7,t,596.660
1,0,0,7,0,0,7,ct,649.113
1,0,0,7,0,2,7,n,545.414
1,0,0,7,0,2,7,c,597.802
1,0,0,7,0,2,7,t,564.448
1,0,0,7,0,2,7,ct,622.705
1,0,0,7,0,3,7,n,538.843
1,0,0,7,1,0,7,n,513.495
1,0,0,7,0,3,7,c,610.249
1,0,0,7,1,0,7,c,520.430
1,0,0,7,0,3,7,t,566.763
1,0,0,7,1,0,7,t,534.548
1,0,0,7,0,3,7,ct,653.947
1,0,0,7,1,0,7,ct,560.659
1,0,0,7,1,2,7,n,521.523
1,0,2,0,0,0,7,n,754.805
1,0,2,0,0,0,7,c,744.202
1,0,2,0,0,0,7,t,796.248
1,0,0,7,1,2,7,c,546.203
1,0,2,0,0,0,7,ct,748.418
1,0,2,0,0,2,7,n,755.846
1,0,2,0,0,2,7,c,709.544
1,0,0,7,1,2,7,t,557.345
1,0,2,0,0,2,7,t,845.845
1,0,2,0,0,2,7,ct,726.644
1,0,2,0,0,3,7,c,711.132
1,0,2,0,0,3,7,n,867.494
1,0,2,0,1,0,7,n,771.891
1,0,0,7,1,2,7,ct,535.133
1,0,2,0,0,3,7,t,878.197
1,0,2,0,1,0,7,c,771.303
1,0,2,0,1,0,7,t,791.182
1,0,2,0,1,0,7,ct,803.712
1,0,0,7,1,3,7,n,538.046
1,0,2,0,1,2,7,n,502.010
1,0,0,7,1,3,7,c,517.776
1,0,2,0,0,3,7,ct,743.525
1,0,0,7,1,3,7,t,506.791
1,0,2,0,1,2,7,c,564.926
1,0,2,0,1,2,7,t,594.541
1,0,2,0,1,2,7,ct,642.752
1,0,2,1,0,0,7,n,726.371
1,0,2,1,0,0,7,c,703.161
1,0,2,1,0,0,7,t,797.544
1,0,2,1,0,0,7,ct,717.753
1,0,2,0,1,3,7,n,483.222
1,0,2,1,0,2,7,n,523.768
1,0,2,0,1,3,7,c,509.616
1,0,2,0,1,3,7,ct,579.807
1,0,2,1,0,2,7,c,683.157
1,0,2,0,1,3,7,t,563.914
1,0,2,1,0,2,7,t,607.830
1,0,2,1,0,2,7,ct,718.121
1,0,2,1,1,0,7,n,698.238
1,0,2,1,1,0,7,c,694.858
1,0,0,7,1,3,7,ct,513.532
1,0,2,1,1,0,7,t,721.991
1,0,2,1,0,3,7,n,535.599
1,0,2,1,1,0,7,ct,763.693
1,0,2,1,0,3,7,c,704.613
1,0,2,1,0,3,7,t,591.986
1,0,2,1,0,3,7,ct,771.845
1,0,2,1,1,2,7,n,477.956
1,0,2,1,1,2,7,c,553.672
1,0,2,1,1,2,7,t,561.792
1,0,2,2,0,0,7,n,758.809
1,0,2,1,1,2,7,ct,612.879
1,0,2,2,0,0,7,c,682.158
1,0,2,1,1,3,7,n,488.022
1,0,2,2,0,0,7,ct,707.982
1,0,2,2,0,0,7,t,778.161
1,0,2,2,0,2,7,n,584.018
1,0,2,1,1,3,7,c,534.623
1,0,2,1,1,3,7,t,574.247
1,0,2,1,1,3,7,ct,571.807
1,0,2,2,0,2,7,c,664.072
1,0,2,2,1,0,7,n,638.379
1,0,2,2,0,2,7,ct,712.140
1,0,2,2,0,2,7,t,620.898
1,0,2,2,1,0,7,c,633.695
1,0,2,2,0,3,7,n,532.911
1,0,2,2,0,3,7,c,611.937
1,0,2,2,1,0,7,t,663.955
1,0,2,2,0,3,7,t,596.927
1,0,2,2,0,3,7,ct,719.115
1,0,2,2,1,0,7,ct,737.915
1,0,2,2,1,2,7,n,462.113
1,0,2,2,1,2,7,t,539.799
1,0,2,2,1,2,7,c,546.467
1,0,2,2,1,2,7,ct,622.378
1,0,2,2,1,3,7,n,476.213
1,0,2,2,1,3,7,c,431.983
1,0,2,4,0,0,7,n,605.909
1,0,2,2,1,3,7,t,602.648
1,0,2,4,0,0,7,c,612.977
1,0,2,2,1,3,7,ct,538.287
1,0,2,4,0,0,7,t,601.087
1,0,2,4,0,0,7,ct,665.207
1,0,2,4,0,2,7,n,518.939
1,0,2,4,0,2,7,c,637.517
1,0,2,4,0,2,7,t,548.143
1,0,2,4,0,3,7,n,530.480
1,0,2,4,0,2,7,ct,672.174
1,0,2,4,0,3,7,c,623.392
1,0,2,4,0,3,7,t,569.808
1,0,2,4,0,3,7,ct,629.266
1,0,2,4,1,0,7,n,558.038
1,0,2,4,1,0,7,c,581.705
1,0,2,4,1,0,7,t,613.701
1,0,2,4,1,0,7,ct,639.837
1,0,2,4,1,2,7,n,482.559
1,0,2,4,1,2,7,c,509.765
1,0,2,4,1,2,7,ct,613.815
1,0,2,4,1,2,7,t,550.992
1,0,2,4,1,3,7,n,463.523
1,0,2,4,1,3,7,c,516.028
1,0,2,4,1,3,7,ct,597.800
1,0,2,4,1,3,7,t,554.066
1,0,2,7,0,0,7,n,533.665
1,0,2,7,0,0,7,c,643.282
1,0,2,7,0,0,7,t,576.734
1,0,2,7,0,0,7,ct,648.392
1,0,2,7,0,2,7,n,505.352
1,0,2,7,0,2,7,c,629.025
1,0,2,7,0,2,7,t,519.286
1,0,2,7,0,2,7,ct,631.096
1,0,2,7,0,3,7,n,514.660
1,0,2,7,0,3,7,c,626.561
1,0,2,7,1,0,7,n,485.873
1,0,2,7,0,3,7,t,528.738
1,0,2,7,0,3,7,ct,628.249
1,0,2,7,1,0,7,c,508.061
1,0,2,7,1,0,7,t,559.401
1,0,2,7,1,0,7,ct,573.027
1,0,2,7,1,2,7,n,494.399
1,0,3,0,0,0,7,n,765.946
1,0,3,0,0,0,7,c,742.274
1,0,3,0,0,0,7,t,814.500
1,0,2,7,1,2,7,c,532.166
1,0,3,0,0,0,7,ct,744.874
1,0,3,0,0,2,7,n,727.755
1,0,3,0,0,2,7,c,674.907
1,0,2,7,1,3,7,n,507.583
1,0,2,7,1,2,7,t,518.164
1,0,3,0,0,2,7,t,822.260
1,0,3,0,0,2,7,ct,730.405
1,0,2,7,1,2,7,ct,519.825
1,0,3,0,1,0,7,n,790.057
1,0,3,0,1,0,7,c,785.740
1,0,3,0,1,0,7,t,815.819
1,0,3,0,0,3,7,n,735.453
1,0,3,0,1,0,7,ct,841.080
1,0,3,0,0,3,7,c,653.886
1,0,3,0,0,3,7,t,744.405
1,0,3,0,0,3,7,ct,643.252
1,0,3,0,1,2,7,n,511.708
1,0,2,7,1,3,7,c,543.186
1,0,3,0,1,2,7,c,599.689
1,0,3,0,1,2,7,t,599.981
1,0,3,0,1,2,7,ct,649.445
1,0,3,1,0,0,7,n,718.514
1,0,3,0,1,3,7,n,490.708
1,0,3,1,0,0,7,c,695.690
1,0,2,7,1,3,7,t,535.314
1,0,3,1,0,0,7,t,781.529
1,0,3,1,0,0,7,ct,727.816
1,0,3,0,1,3,7,c,561.479
1,0,3,0,1,3,7,ct,561.772
1,0,3,1,0,2,7,n,563.086
1,0,3,0,1,3,7,t,524.472
1,0,2,7,1,3,7,ct,544.869
1,0,3,1,0,2,7,c,655.016
1,0,3,1,0,2,7,t,646.512
1,0,3,1,1,0,7,n,700.091
1,0,3,1,0,2,7,ct,662.029
1,0,3,1,1,0,7,c,698.961
1,0,3,1,1,0,7,t,732.213
1,0,3,1,0,3,7,n,532.968
1,0,3,1,1,0,7,ct,806.038
1,0,3,1,0,3,7,c,721.322
1,0,3,1,0,3,7,t,593.189
1,0,3,1,0,3,7,ct,775.758
1,0,3,1,1,2,7,n,515.356
1,0,3,1,1,2,7,c,583.482
1,0,3,1,1,2,7,t,564.395
1,0,3,2,0,0,7,n,712.113
1,0,3,1,1,2,7,ct,639.236
1,0,3,2,0,0,7,c,666.695
1,0,3,1,1,3,7,n,435.762
1,0,3,2,0,0,7,t,754.924
1,0,3,2,0,0,7,ct,745.796
1,0,3,1,1,3,7,c,576.580
1,0,3,2,0,2,7,n,574.466
1,0,3,1,1,3,7,t,543.617
1,0,3,1,1,3,7,ct,608.331
1,0,3,2,0,2,7,c,653.300
1,0,3,2,0,2,7,t,652.150
1,0,3,2,1,0,7,n,638.657
1,0,3,2,0,2,7,ct,655.290
1,0,3,2,1,0,7,c,636.595
1,0,3,2,0,3,7,n,541.671
1,0,3,2,0,3,7,c,717.758
1,0,3,2,1,0,7,t,664.167
1,0,3,2,0,3,7,t,654.224
1,0,3,2,1,0,7,ct,760.111
1,0,3,2,0,3,7,ct,695.442
1,0,3,2,1,2,7,n,459.997
1,0,3,2,1,2,7,t,516.168
1,0,3,2,1,2,7,c,518.819
1,0,3,2,1,2,7,ct,575.652
1,0,3,2,1,3,7,n,540.003
1,0,3,4,0,0,7,n,617.700
1,0,3,2,1,3,7,c,643.503
1,0,3,2,1,3,7,t,616.618
1,0,3,2,1,3,7,ct,687.570
1,0,3,4,0,0,7,c,594.182
1,0,3,4,0,0,7,t,635.778
1,0,3,4,0,0,7,ct,635.610
1,0,3,4,0,2,7,n,515.299
1,0,3,4,0,2,7,c,639.346
1,0,3,4,0,3,7,n,517.335
1,0,3,4,0,2,7,t,586.402
1,0,3,4,0,2,7,ct,632.911
1,0,3,4,0,3,7,c,627.138
1,0,3,4,0,3,7,t,596.785
1,0,3,4,1,0,7,n,584.035
1,0,3,4,0,3,7,ct,682.826
1,0,3,4,1,0,7,c,625.533
1,0,3,4,1,0,7,t,618.169
1,0,3,4,1,0,7,ct,688.785
1,0,3,4,1,2,7,n,508.092
1,0,3,4,1,2,7,c,598.455
1,0,3,4,1,2,7,t,554.344
1,0,3,4,1,3,7,n,507.529
1,0,3,4,1,2,7,ct,557.671
1,0,3,4,1,3,7,c,530.667
1,0,3,4,1,3,7,t,564.645
1,0,3,4,1,3,7,ct,638.792
1,0,3,7,0,0,7,n,563.503
1,0,3,7,0,0,7,c,602.776
1,0,3,7,0,0,7,t,593.867
1,0,3,7,0,2,7,n,525.279
1,0,3,7,0,0,7,ct,622.113
1,0,3,7,0,2,7,c,635.766
1,0,3,7,0,2,7,t,543.408
1,0,3,7,0,2,7,ct,710.259
1,0,3,7,0,3,7,n,528.051
1,0,3,7,1,0,7,n,521.615
1,0,3,7,0,3,7,c,627.900
1,0,3,7,0,3,7,t,545.527
1,0,3,7,0,3,7,ct,662.910
1,0,3,7,1,0,7,c,516.798
1,0,3,7,1,0,7,t,528.823
1,0,3,7,1,0,7,ct,600.606
1,0,3,7,1,2,7,n,514.468
1,1,0,0,0,0,7,n,911.349
1,1,0,0,0,0,7,c,913.808
1,1,0,0,0,0,7,t,919.638
1,1,0,0,0,0,7,ct,923.028
1,1,0,0,0,2,7,n,823.581
1,1,0,0,0,2,7,c,825.400
1,1,0,0,0,2,7,t,831.018
1,1,0,0,0,2,7,ct,833.112
1,1,0,0,0,3,7,n,824.474
1,1,0,0,0,3,7,c,826.013
1,0,3,7,1,2,7,c,545.147
1,1,0,0,0,3,7,t,831.300
1,1,0,0,1,0,7,n,794.956
1,1,0,0,1,0,7,c,797.712
1,1,0,0,1,0,7,t,802.611
1,1,0,0,1,0,7,ct,805.188
1,1,0,0,0,3,7,ct,833.296
1,0,3,7,1,2,7,t,563.433
1,1,0,0,1,2,7,n,596.718
1,1,0,0,1,2,7,t,608.562
1,1,0,0,1,2,7,c,604.401
1,1,0,0,1,2,7,ct,614.881
1,0,3,7,1,2,7,ct,602.331
1,1,0,0,1,3,7,n,568.154
1,1,0,1,0,0,7,n,809.266
1,1,0,1,0,0,7,c,811.717
1,1,0,0,1,3,7,t,581.126
1,0,3,7,1,3,7,n,494.029
1,1,0,0,1,3,7,c,577.128
1,1,0,1,0,0,7,t,816.660
1,1,0,1,0,0,7,ct,819.848
1,1,0,1,0,2,7,n,569.066
1,1,0,0,1,3,7,ct,587.584
1,0,3,7,1,3,7,c,528.051
1,1,0,1,0,2,7,t,582.408
1,1,0,1,0,2,7,c,556.956
1,1,0,1,0,2,7,ct,579.512
1,1,0,1,1,0,7,n,691.570
1,1,0,1,1,0,7,c,694.382
1,1,0,1,1,0,7,t,697.589
1,1,0,1,1,0,7,ct,699.861
1,1,0,1,0,3,7,n,554.350
1,1,0,1,0,3,7,c,641.782
1,1,0,1,1,2,7,n,600.985
1,1,0,1,0,3,7,t,571.027
1,1,0,1,0,3,7,ct,573.509
1,1,0,1,1,2,7,t,617.026
1,1,0,1,1,2,7,c,612.073
1,0,3,7,1,3,7,t,547.695
1,1,0,2,0,0,7,n,737.518
1,1,0,1,1,2,7,ct,619.448
1,1,0,2,0,0,7,c,740.105
1,1,0,2,0,0,7,t,743.821
1,1,0,1,1,3,7,n,571.135
1,1,0,2,0,0,7,ct,747.182
1,1,0,2,0,2,7,n,582.613
1,1,0,1,1,3,7,c,581.173
1,1,0,1,1,3,7,t,581.169
1,1,0,2,0,2,7,c,622.180
1,1,0,1,1,3,7,ct,584.961
1,1,0,2,0,2,7,t,594.516
1,1,0,2,0,2,7,ct,595.572
1,1,0,2,1,0,7,n,659.501
1,1,0,2,1,0,7,c,661.324
1,1,0,2,1,0,7,t,664.878
1,1,0,2,1,0,7,ct,667.250
1,1,0,2,0,3,7,n,537.391
1,0,3,7,1,3,7,ct,603.292
1,1,0,2,0,3,7,c,603.575
1,1,0,2,0,3,7,t,575.538
1,1,0,2,1,2,7,n,559.286
1,1,0,2,0,3,7,ct,579.266
1,1,0,2,1,2,7,t,568.426
1,1,0,4,0,0,7,n,641.342
1,1,0,2,1,2,7,c,603.615
1,1,0,2,1,2,7,ct,606.982
1,1,0,2,1,3,7,n,581.181
1,1,0,4,0,0,7,c,644.600
1,1,0,4,0,0,7,t,648.619
1,1,0,2,1,3,7,c,668.629
1,1,0,4,0,0,7,ct,651.528
1,1,0,2,1,3,7,t,601.771
1,1,0,2,1,3,7,ct,630.517
1,1,0,4,0,2,7,n,555.873
1,1,0,4,0,2,7,c,599.121
1,1,0,4,1,0,7,n,622.886
1,1,0,4,0,2,7,t,554.661
1,1,0,4,0,3,7,n,535.100
1,1,0,4,0,2,7,ct,590.884
1,1,0,4,0,3,7,c,568.690
1,1,0,4,0,3,7,t,636.108
1,1,0,4,0,3,7,ct,615.469
1,1,0,4,1,0,7,c,626.868
1,1,0,4,1,0,7,t,631.135
1,1,0,4,1,0,7,ct,632.848
1,1,0,4,1,2,7,n,562.907
1,1,0,4,1,2,7,t,565.716
1,1,0,4,1,2,7,ct,568.461
1,1,0,4,1,2,7,c,576.553
1,1,0,7,0,0,7,n,605.018
1,1,0,4,1,3,7,n,586.174
1,1,0,4,1,3,7,c,568.501
1,1,0,4,1,3,7,t,545.639
1,1,0,4,1,3,7,ct,593.557
1,1,0,7,0,0,7,c,608.575
1,1,0,7,0,0,7,t,612.979
1,1,0,7,0,0,7,ct,615.228
1,1,0,7,0,2,7,n,541.779
1,1,0,7,0,2,7,c,547.919
1,1,0,7,0,2,7,t,542.997
1,1,0,7,0,3,7,n,555.457
1,1,0,7,0,2,7,ct,561.493
1,1,0,7,0,3,7,c,569.236
1,1,0,7,1,0,7,n,574.105
1,1,0,7,0,3,7,t,544.260
1,1,0,7,0,3,7,ct,564.813
1,1,0,7,1,0,7,c,578.113
1,1,0,7,1,0,7,t,582.611
1,1,0,7,1,0,7,ct,584.196
1,1,0,7,1,2,7,n,557.899
1,1,2,0,0,0,7,n,754.712
1,1,2,0,0,0,7,c,758.899
1,1,2,0,0,0,7,t,770.397
1,1,2,0,0,0,7,ct,799.412
1,1,2,0,0,2,7,n,718.073
1,1,0,7,1,2,7,c,597.426
1,1,0,7,1,2,7,t,566.268
1,1,0,7,1,2,7,ct,560.493
1,1,2,0,0,2,7,c,713.934
1,1,2,0,0,2,7,t,739.015
1,1,2,0,0,2,7,ct,792.333
1,1,0,7,1,3,7,n,593.854
1,1,2,0,1,0,7,n,784.242
1,1,2,0,0,3,7,n,717.419
1,1,2,0,1,0,7,t,833.060
1,1,2,0,0,3,7,t,739.298
1,1,2,0,1,0,7,c,931.612
1,1,2,0,0,3,7,c,727.369
1,1,0,7,1,3,7,c,586.172
1,1,2,0,1,0,7,ct,915.337
1,1,2,0,0,3,7,ct,784.524
1,1,2,0,1,2,7,n,565.239
1,1,0,7,1,3,7,t,577.558
1,1,2,0,1,2,7,c,722.767
1,1,2,0,1,2,7,t,690.213
1,1,2,1,0,0,7,n,714.874
1,1,2,0,1,2,7,ct,678.190
1,1,2,1,0,0,7,c,720.521
1,1,2,1,0,0,7,t,736.087
1,1,2,0,1,3,7,n,538.182
1,1,2,1,0,0,7,ct,780.130
1,1,2,0,1,3,7,c,638.763
1,1,2,0,1,3,7,t,639.278
1,1,2,1,0,2,7,n,559.627
1,1,2,1,0,2,7,t,657.097
1,1,2,1,0,2,7,c,637.500
1,1,0,7,1,3,7,ct,558.512
1,1,2,1,0,2,7,ct,657.668
1,1,2,0,1,3,7,ct,636.104
1,1,2,1,1,0,7,n,711.155
1,1,2,1,0,3,7,n,592.830
1,1,2,1,1,0,7,t,758.106
1,1,2,1,1,0,7,c,844.421
1,1,2,1,1,0,7,ct,892.341
1,1,2,1,0,3,7,t,603.362
1,1,2,1,0,3,7,c,597.748
1,1,2,1,1,2,7,n,548.218
1,1,2,1,0,3,7,ct,623.081
1,1,2,1,1,2,7,c,699.604
1,1,2,2,0,0,7,n,694.474
1,1,2,1,1,2,7,t,697.897
1,1,2,1,1,3,7,n,499.688
1,1,2,1,1,2,7,ct,683.632
1,1,2,2,0,0,7,c,721.211
1,1,2,2,0,0,7,t,736.214
1,1,2,2,0,0,7,ct,766.583
1,1,2,1,1,3,7,t,678.743
1,1,2,1,1,3,7,c,628.667
1,1,2,2,0,2,7,n,582.961
1,1,2,2,0,2,7,c,636.536
1,1,2,2,0,2,7,t,655.606
1,1,2,1,1,3,7,ct,637.448
1,1,2,2,0,2,7,ct,702.657
1,1,2,2,0,3,7,n,546.008
1,1,2,2,1,0,7,n,681.885
1,1,2,2,0,3,7,c,622.393
1,1,2,2,0,3,7,t,621.200
1,1,2,2,1,0,7,c,786.636
1,1,2,2,0,3,7,ct,604.227
1,1,2,2,1,0,7,t,746.606
1,1,2,2,1,0,7,ct,742.062
1,1,2,2,1,2,7,n,582.499
1,1,2,2,1,2,7,c,647.886
1,1,2,2,1,2,7,t,711.272
1,1,2,2,1,2,7,ct,688.147
1,1,2,2,1,3,7,n,579.269
1,1,2,2,1,3,7,t,683.726
1,1,2,4,0,0,7,n,617.201
1,1,2,2,1,3,7,c,707.386
1,1,2,2,1,3,7,ct,569.404
1,1,2,4,0,0,7,t,667.363
1,1,2,4,0,0,7,c,662.629
1,1,2,4,0,0,7,ct,634.206
1,1,2,4,0,2,7,n,516.418
1,1,2,4,0,2,7,t,596.962
1,1,2,4,0,2,7,c,593.521
1,1,2,4,0,2,7,ct,599.433
1,1,2,4,0,3,7,n,528.408
1,1,2,4,0,3,7,c,570.730
1,1,2,4,0,3,7,t,609.050
1,1,2,4,0,3,7,ct,637.608
1,1,2,4,1,0,7,n,637.602
1,1,2,4,1,0,7,c,658.086
1,1,2,4,1,0,7,t,672.670
1,1,2,4,1,2,7,n,561.239
1,1,2,4,1,0,7,ct,666.391
1,1,2,4,1,2,7,c,611.013
1,1,2,4,1,2,7,t,573.173
1,1,2,4,1,3,7,n,594.296
1,1,2,4,1,2,7,ct,599.545
1,1,2,4,1,3,7,c,594.204
1,1,2,4,1,3,7,t,614.809
1,1,2,4,1,3,7,ct,648.724
1,1,2,7,0,0,7,n,593.560
1,1,2,7,0,0,7,c,574.269
1,1,2,7,0,0,7,t,669.204
1,1,2,7,0,0,7,ct,557.705
1,1,2,7,0,2,7,n,536.728
1,1,2,7,0,2,7,c,596.895
1,1,2,7,0,2,7,t,552.873
1,1,2,7,0,3,7,n,549.659
1,1,2,7,0,2,7,ct,617.612
1,1,2,7,0,3,7,c,589.947
1,1,2,7,0,3,7,t,598.427
1,1,2,7,0,3,7,ct,595.668
1,1,2,7,1,0,7,n,557.985
1,1,2,7,1,0,7,t,692.887
1,1,2,7,1,0,7,c,585.233
1,1,2,7,1,0,7,ct,572.327
1,1,2,7,1,2,7,n,523.219
1,1,3,0,0,0,7,n,823.582
1,1,3,0,0,0,7,c,764.986
1,1,3,0,0,0,7,t,799.322
1,1,3,0,0,0,7,ct,745.176
1,1,3,0,0,2,7,n,725.831
1,1,2,7,1,2,7,c,574.157
1,1,3,0,0,2,7,c,739.308
1,1,2,7,1,2,7,t,586.552
1,1,3,0,0,2,7,t,742.505
1,1,3,0,0,2,7,ct,799.272
1,1,3,0,0,3,7,n,725.673
1,1,3,0,0,3,7,c,739.388
1,1,2,7,1,3,7,n,521.282
1,1,2,7,1,2,7,ct,603.841
1,1,3,0,1,0,7,n,780.094
1,1,3,0,0,3,7,t,762.622
1,1,3,0,1,0,7,c,805.756
1,1,3,0,1,0,7,t,825.699
1,1,3,0,1,0,7,ct,836.054
1,1,3,0,0,3,7,ct,791.666
1,1,3,0,1,2,7,n,573.314
1,1,3,0,1,2,7,c,546.934
1,1,3,0,1,2,7,t,661.359
1,1,3,0,1,2,7,ct,603.535
1,1,2,7,1,3,7,t,621.696
1,1,2,7,1,3,7,c,524.874
1,1,3,1,0,0,7,n,712.843
1,1,3,0,1,3,7,n,566.028
1,1,3,1,0,0,7,c,724.970
1,1,3,1,0,0,7,t,731.836
1,1,3,1,0,0,7,ct,770.052
1,1,3,0,1,3,7,c,590.661
1,1,3,1,0,2,7,n,594.950
1,1,3,0,1,3,7,t,640.215
1,1,3,1,0,2,7,c,665.490
1,1,3,0,1,3,7,ct,585.707
1,1,3,1,0,2,7,t,671.321
1,1,3,1,1,0,7,n,736.109
1,1,2,7,1,3,7,ct,620.324
1,1,3,1,0,2,7,ct,713.888
1,1,3,1,1,0,7,c,773.369
1,1,3,1,0,3,7,n,577.637
1,1,3,1,1,0,7,t,790.880
1,1,3,1,1,0,7,ct,759.182
1,1,3,1,0,3,7,c,597.904
1,1,3,1,0,3,7,t,623.456
1,1,3,1,0,3,7,ct,599.077
1,1,3,1,1,2,7,n,548.050
1,1,3,1,1,2,7,c,677.373
1,1,3,2,0,0,7,n,699.311
1,1,3,1,1,2,7,t,651.272
1,1,3,1,1,2,7,ct,622.591
1,1,3,2,0,0,7,c,717.406
1,1,3,2,0,0,7,t,733.983
1,1,3,1,1,3,7,n,589.195
1,1,3,2,0,0,7,ct,756.680
1,1,3,1,1,3,7,c,640.231
1,1,3,2,0,2,7,n,577.362
1,1,3,1,1,3,7,t,656.460
1,1,3,2,0,2,7,c,653.470
1,1,3,1,1,3,7,ct,599.216
1,1,3,2,0,2,7,t,665.916
1,1,3,2,0,2,7,ct,711.947
1,1,3,2,0,3,7,n,537.600
1,1,3,2,1,0,7,n,671.735
1,1,3,2,0,3,7,c,615.660
1,1,3,2,1,0,7,c,705.939
1,1,3,2,0,3,7,t,638.657
1,1,3,2,1,0,7,t,768.587
1,1,3,2,1,0,7,ct,731.304
1,1,3,2,0,3,7,ct,610.246
1,1,3,2,1,2,7,n,534.964
1,1,3,2,1,2,7,c,607.941
1,1,3,2,1,2,7,ct,589.737
1,1,3,2,1,2,7,t,563.219
1,1,3,2,1,3,7,n,638.906
1,1,3,2,1,3,7,c,644.457
1,1,3,4,0,0,7,n,630.322
1,1,3,2,1,3,7,t,712.876
1,1,3,2,1,3,7,ct,680.328
1,1,3,4,0,0,7,c,653.074
1,1,3,4,0,0,7,t,689.930
1,1,3,4,0,0,7,ct,624.628
1,1,3,4,0,2,7,n,561.744
1,1,3,4,0,2,7,c,679.393
1,1,3,4,0,2,7,t,602.821
1,1,3,4,0,3,7,n,561.807
1,1,3,4,0,2,7,ct,592.916
1,1,3,4,0,3,7,c,604.145
1,1,3,4,0,3,7,t,619.946
1,1,3,4,0,3,7,ct,611.002
1,1,3,4,1,0,7,n,630.540
1,1,3,4,1,0,7,c,637.280
1,1,3,4,1,0,7,t,696.346
1,1,3,4,1,0,7,ct,648.722
1,1,3,4,1,2,7,n,522.525
1,1,3,4,1,2,7,c,626.735
1,1,3,4,1,2,7,t,621.105
1,1,3,4,1,2,7,ct,609.874
1,1,3,4,1,3,7,n,567.711
1,1,3,4,1,3,7,c,657.636
1,1,3,4,1,3,7,t,604.111
1,1,3,4,1,3,7,ct,561.831
1,1,3,7,0,0,7,n,594.826
1,1,3,7,0,0,7,c,621.678
1,1,3,7,0,0,7,t,624.493
1,1,3,7,0,2,7,n,525.199
1,1,3,7,0,0,7,ct,687.570
1,1,3,7,0,2,7,c,637.388
1,1,3,7,0,2,7,t,600.893
1,1,3,7,0,2,7,ct,660.465
1,1,3,7,0,3,7,n,554.698
1,1,3,7,0,3,7,c,681.723
1,1,3,7,0,3,7,t,603.505
1,1,3,7,1,0,7,n,564.791
1,1,3,7,0,3,7,ct,649.077
1,1,3,7,1,0,7,c,618.561
1,1,3,7,1,0,7,t,616.574
1,1,3,7,1,0,7,ct,591.762
1,1,3,7,1,2,7,n,515.751
2,0,0,0,0,0,7,n,916.380
2,0,0,0,0,0,7,c,737.174
2,0,0,0,0,0,7,t,906.619
2,0,0,0,0,0,7,ct,741.982
2,0,0,0,0,2,7,n,828.500
2,0,0,0,0,2,7,c,707.854
2,0,0,0,0,2,7,t,801.343
1,1,3,7,1,2,7,c,581.922
2,0,0,0,0,2,7,ct,714.911
2,0,0,0,0,3,7,n,829.619
2,0,0,0,0,3,7,c,698.254
1,1,3,7,1,3,7,n,520.707
2,0,0,0,1,0,7,n,775.369
2,0,0,0,1,0,7,c,781.084
2,0,0,0,1,0,7,t,796.506
1,1,3,7,1,2,7,t,624.795
2,0,0,0,1,0,7,ct,808.248
2,0,0,0,0,3,7,t,808.567
2,0,0,0,1,2,7,n,523.643
2,0,0,0,1,2,7,t,537.639
2,0,0,0,1,2,7,c,524.469
1,1,3,7,1,2,7,ct,610.735
2,0,0,0,0,3,7,ct,648.473
2,0,0,0,1,2,7,ct,638.582
2,0,0,1,0,0,7,n,757.780
2,0,0,1,0,0,7,c,696.951
2,0,0,0,1,3,7,n,502.723
2,0,0,0,1,3,7,t,514.444
2,0,0,1,0,0,7,t,746.872
2,0,0,1,0,0,7,ct,709.086
1,1,3,7,1,3,7,c,558.065
2,0,0,0,1,3,7,c,507.542
2,0,0,0,1,3,7,ct,586.919
2,0,0,1,0,2,7,n,485.729
2,0,0,1,0,2,7,c,706.157
2,0,0,1,0,2,7,t,623.610
2,0,0,1,1,0,7,n,690.990
2,0,0,1,0,2,7,ct,720.940
2,0,0,1,1,0,7,c,692.517
2,0,0,1,0,3,7,n,538.524
1,1,3,7,1,3,7,t,592.816
2,0,0,1,1,0,7,t,716.142
2,0,0,1,0,3,7,c,777.280
2,0,0,1,1,0,7,ct,752.161
2,0,0,1,0,3,7,t,581.658
2,0,0,1,0,3,7,ct,832.118
2,0,0,1,1,2,7,n,521.730
2,0,0,1,1,2,7,t,527.825
2,0,0,1,1,2,7,c,522.857
2,0,0,1,1,2,7,ct,621.878
2,0,0,2,0,0,7,n,698.909
2,0,0,2,0,0,7,c,683.583
2,0,0,1,1,3,7,n,499.426
2,0,0,2,0,0,7,t,738.695
2,0,0,2,0,0,7,ct,728.272
2,0,0,1,1,3,7,c,504.469
2,0,0,2,0,2,7,n,522.795
2,0,0,1,1,3,7,ct,595.921
2,0,0,1,1,3,7,t,489.355
2,0,0,2,0,2,7,c,703.246
1,1,3,7,1,3,7,ct,562.064
2,0,0,2,1,0,7,n,620.388
2,0,0,2,0,2,7,t,638.790
2,0,0,2,0,2,7,ct,720.671
2,0,0,2,1,0,7,c,620.092
2,0,0,2,1,0,7,t,644.963
2,0,0,2,0,3,7,n,540.291
2,0,0,2,0,3,7,c,652.979
2,0,0,2,0,3,7,t,591.331
2,0,0,2,0,3,7,ct,715.289
2,0,0,2,1,2,7,n,508.142
2,0,0,2,1,0,7,ct,720.090
2,0,0,2,1,2,7,c,562.536
2,0,0,2,1,2,7,t,518.814
2,0,0,2,1,2,7,ct,617.968
2,0,0,4,0,0,7,n,549.241
2,0,0,2,1,3,7,n,508.034
2,0,0,2,1,3,7,c,565.922
2,0,0,4,0,0,7,c,656.675
2,0,0,2,1,3,7,t,520.612
2,0,0,2,1,3,7,ct,586.805
2,0,0,4,0,0,7,t,615.094
2,0,0,4,0,0,7,ct,692.817
2,0,0,4,0,2,7,n,522.489
2,0,0,4,0,2,7,c,664.540
2,0,0,4,1,0,7,n,534.519
2,0,0,4,0,2,7,t,530.539
2,0,0,4,0,2,7,ct,736.284
2,0,0,4,0,3,7,n,517.908
2,0,0,4,0,3,7,c,638.150
2,0,0,4,0,3,7,t,574.284
2,0,0,4,1,0,7,c,537.157
2,0,0,4,0,3,7,ct,679.862
2,0,0,4,1,0,7,t,555.583
2,0,0,4,1,0,7,ct,608.599
2,0,0,4,1,2,7,n,491.222
2,0,0,4,1,2,7,c,464.391
2,0,0,4,1,2,7,t,451.332
2,0,0,4,1,3,7,n,496.658
2,0,0,4,1,2,7,ct,597.744
2,0,0,4,1,3,7,c,548.223
2,0,0,4,1,3,7,t,516.199
2,0,0,7,0,0,7,n,513.803
2,0,0,4,1,3,7,ct,591.355
2,0,0,7,0,0,7,c,680.015
2,0,0,7,0,0,7,t,592.764
2,0,0,7,0,0,7,ct,661.584
2,0,0,7,0,2,7,n,554.505
2,0,0,7,0,2,7,c,615.548
2,0,0,7,0,2,7,t,537.846
2,0,0,7,0,2,7,ct,624.014
2,0,0,7,0,3,7,n,502.901
2,0,0,7,1,0,7,n,498.824
2,0,0,7,0,3,7,c,629.235
2,0,0,7,1,0,7,c,504.484
2,0,0,7,0,3,7,t,550.949
2,0,0,7,1,0,7,t,516.991
2,0,0,7,0,3,7,ct,660.348
2,0,0,7,1,0,7,ct,521.003
2,0,0,7,1,2,7,n,521.053
2,0,2,0,0,0,7,n,782.155
2,0,2,0,0,0,7,c,630.838
2,0,0,7,1,2,7,c,509.012
2,0,2,0,0,0,7,t,803.517
2,0,2,0,0,0,7,ct,638.916
2,0,0,7,1,2,7,t,490.234
2,0,2,0,0,2,7,n,745.650
2,0,2,0,0,2,7,c,725.791
2,0,2,0,0,2,7,t,845.130
2,0,2,0,0,2,7,ct,758.838
2,0,2,0,0,3,7,n,764.344
2,0,0,7,1,3,7,n,514.430
2,0,0,7,1,2,7,ct,533.513
2,0,2,0,0,3,7,c,709.498
2,0,2,0,1,0,7,n,724.417
2,0,2,0,0,3,7,t,778.379
2,0,2,0,1,0,7,c,752.438
2,0,2,0,1,0,7,t,756.116
2,0,2,0,1,0,7,ct,758.393
2,0,2,0,0,3,7,ct,603.075
2,0,0,7,1,3,7,c,523.986
2,0,0,7,1,3,7,t,481.721
2,0,2,0,1,2,7,n,512.280
2,0,2,0,1,2,7,c,616.779
2,0,2,0,1,2,7,t,648.490
2,0,2,1,0,0,7,n,732.281
2,0,2,0,1,2,7,ct,630.175
2,0,2,1,0,0,7,c,704.392
2,0,2,1,0,0,7,t,807.370
2,0,2,1,0,0,7,ct,718.073
2,0,2,0,1,3,7,n,489.469
2,0,2,1,0,2,7,n,575.107
2,0,2,0,1,3,7,c,540.229
2,0,2,0,1,3,7,t,543.089
2,0,2,1,0,2,7,c,668.148
2,0,2,0,1,3,7,ct,635.597
2,0,2,1,0,2,7,t,605.388
2,0,2,1,0,2,7,ct,736.287
2,0,2,1,1,0,7,n,678.134
2,0,2,1,1,0,7,c,675.250
2,0,0,7,1,3,7,ct,520.645
2,0,2,1,0,3,7,n,530.776
2,0,2,1,1,0,7,t,701.093
2,0,2,1,0,3,7,c,712.082
2,0,2,1,0,3,7,t,547.957
2,0,2,1,1,0,7,ct,717.764
2,0,2,1,0,3,7,ct,756.058
2,0,2,1,1,2,7,n,487.377
2,0,2,1,1,2,7,c,533.593
2,0,2,1,1,2,7,t,537.289
2,0,2,2,0,0,7,n,737.989
2,0,2,1,1,2,7,ct,617.966
2,0,2,2,0,0,7,c,676.560
2,0,2,1,1,3,7,n,518.393
2,0,2,2,0,0,7,t,754.559
2,0,2,2,0,0,7,ct,727.403
2,0,2,2,0,2,7,n,554.604
2,0,2,1,1,3,7,t,556.795
2,0,2,1,1,3,7,c,549.151
2,0,2,2,0,2,7,c,645.465
2,0,2,1,1,3,7,ct,645.217
2,0,2,2,0,2,7,t,614.221
2,0,2,2,0,2,7,ct,652.910
2,0,2,2,0,3,7,n,539.996
2,0,2,2,1,0,7,n,627.249
2,0,2,2,0,3,7,c,587.137
2,0,2,2,1,0,7,c,631.170
2,0,2,2,0,3,7,t,583.699
2,0,2,2,0,3,7,ct,598.509
2,0,2,2,1,0,7,t,657.748
2,0,2,2,1,0,7,ct,654.626
2,0,2,2,1,2,7,n,506.151
2,0,2,2,1,2,7,c,549.991
2,0,2,2,1,2,7,t,547.185
2,0,2,2,1,2,7,ct,630.156
2,0,2,2,1,3,7,n,535.647
2,0,2,2,1,3,7,c,550.107
2,0,2,4,0,0,7,n,602.505
2,0,2,2,1,3,7,t,620.123
2,0,2,4,0,0,7,c,599.425
2,0,2,2,1,3,7,ct,610.632
2,0,2,4,0,0,7,t,655.126
2,0,2,4,0,0,7,ct,605.713
2,0,2,4,0,2,7,n,497.344
2,0,2,4,0,2,7,c,642.149
2,0,2,4,0,2,7,t,526.859
2,0,2,4,0,3,7,n,524.017
2,0,2,4,0,2,7,ct,654.138
2,0,2,4,0,3,7,c,601.539
2,0,2,4,0,3,7,t,527.558
2,0,2,4,0,3,7,ct,611.535
2,0,2,4,1,0,7,n,557.183
2,0,2,4,1,0,7,c,564.340
2,0,2,4,1,0,7,t,582.240
2,0,2,4,1,0,7,ct,622.333
2,0,2,4,1,2,7,n,543.114
2,0,2,4,1,2,7,c,479.780
2,0,2,4,1,2,7,t,523.998
2,0,2,4,1,2,7,ct,572.734
2,0,2,4,1,3,7,n,489.874
2,0,2,4,1,3,7,c,485.666
2,0,2,4,1,3,7,t,550.474
2,0,2,4,1,3,7,ct,565.414
2,0,2,7,0,0,7,n,567.791
2,0,2,7,0,0,7,t,572.500
2,0,2,7,0,0,7,c,621.162
2,0,2,7,0,0,7,ct,617.220
2,0,2,7,0,2,7,n,508.970
2,0,2,7,0,2,7,c,613.313
2,0,2,7,0,2,7,t,525.475
2,0,2,7,0,2,7,ct,617.686
2,0,2,7,0,3,7,n,518.584
2,0,2,7,0,3,7,c,612.122
2,0,2,7,0,3,7,t,530.709
2,0,2,7,1,0,7,n,485.802
2,0,2,7,0,3,7,ct,603.149
2,0,2,7,1,0,7,c,531.185
2,0,2,7,1,0,7,t,573.400
2,0,2,7,1,0,7,ct,603.544
2,0,2,7,1,2,7,n,515.946
2,0,3,0,0,0,7,n,802.717
2,0,3,0,0,0,7,c,723.575
2,0,3,0,0,0,7,t,810.836
2,0,2,7,1,2,7,c,535.743
2,0,3,0,0,0,7,ct,726.147
2,0,2,7,1,2,7,t,489.071
2,0,3,0,0,2,7,n,746.523
2,0,3,0,0,2,7,c,732.511
2,0,3,0,0,2,7,t,856.178
2,0,2,7,1,3,7,n,484.233
2,0,3,0,0,2,7,ct,738.131
2,0,2,7,1,2,7,ct,588.686
2,0,3,0,1,0,7,n,724.203
2,0,3,0,0,3,7,n,749.820
2,0,3,0,1,0,7,c,739.454
2,0,3,0,0,3,7,c,769.225
2,0,3,0,1,0,7,t,770.826
2,0,3,0,1,0,7,ct,798.142
2,0,3,0,0,3,7,t,850.837
2,0,3,0,0,3,7,ct,917.085
2,0,2,7,1,3,7,c,506.191
2,0,3,0,1,2,7,n,549.133
2,0,2,7,1,3,7,t,505.084
2,0,3,0,1,2,7,c,622.347
2,0,3,0,1,2,7,t,628.021
2,0,3,0,1,2,7,ct,584.657
2,0,3,1,0,0,7,n,706.861
2,0,3,1,0,0,7,c,752.881
2,0,3,0,1,3,7,n,534.830
2,0,2,7,1,3,7,ct,519.685
2,0,3,0,1,3,7,c,542.148
2,0,3,1,0,0,7,t,809.438
2,0,3,1,0,0,7,ct,744.804
2,0,3,0,1,3,7,t,551.718
2,0,3,1,0,2,7,c,719.621
2,0,3,1,0,2,7,n,560.412
2,0,3,0,1,3,7,ct,596.492
2,0,3,1,0,2,7,ct,728.040
2,0,3,1,0,2,7,t,679.873
2,0,3,1,1,0,7,n,672.129
2,0,3,1,1,0,7,c,670.844
2,0,3,1,0,3,7,n,529.709
2,0,3,1,0,3,7,c,727.145
2,0,3,1,1,0,7,t,681.559
2,0,3,1,1,0,7,ct,742.316
2,0,3,1,0,3,7,ct,762.229
2,0,3,1,0,3,7,t,580.060
2,0,3,1,1,2,7,n,548.231
2,0,3,1,1,2,7,c,571.841
2,0,3,1,1,2,7,t,554.514
2,0,3,1,1,2,7,ct,607.681
2,0,3,2,0,0,7,n,734.804
2,0,3,2,0,0,7,c,695.100
2,0,3,1,1,3,7,n,534.083
2,0,3,1,1,3,7,c,559.267
2,0,3,2,0,0,7,t,764.027
2,0,3,2,0,0,7,ct,693.685
2,0,3,1,1,3,7,ct,575.507
2,0,3,1,1,3,7,t,524.363
2,0,3,2,0,2,7,n,597.224
2,0,3,2,0,2,7,c,678.073
2,0,3,2,0,2,7,t,668.242
2,0,3,2,0,2,7,ct,707.440
2,0,3,2,1,0,7,n,638.805
2,0,3,2,0,3,7,n,531.551
2,0,3,2,1,0,7,c,649.161
2,0,3,2,0,3,7,c,649.650
2,0,3,2,1,0,7,t,659.821
2,0,3,2,0,3,7,ct,654.543
2,0,3,2,1,0,7,ct,671.505
2,0,3,2,0,3,7,t,629.528
2,0,3,2,1,2,7,n,551.025
2,0,3,2,1,2,7,c,543.931
2,0,3,2,1,2,7,t,551.216
2,0,3,2,1,2,7,ct,582.339
2,0,3,2,1,3,7,n,575.445
2,0,3,2,1,3,7,c,591.630
2,0,3,2,1,3,7,t,582.374
2,0,3,2,1,3,7,ct,596.451
2,0,3,4,0,0,7,n,514.216
2,0,3,4,0,0,7,c,620.989
2,0,3,4,0,0,7,t,605.240
2,0,3,4,0,0,7,ct,694.179
2,0,3,4,0,2,7,n,474.702
2,0,3,4,0,2,7,c,638.569
2,0,3,4,0,2,7,t,528.883
2,0,3,4,0,3,7,n,481.279
2,0,3,4,0,2,7,ct,623.200
2,0,3,4,0,3,7,c,613.933
2,0,3,4,0,3,7,ct,644.115
2,0,3,4,0,3,7,t,567.073
2,0,3,4,1,0,7,n,558.838
2,0,3,4,1,0,7,c,543.884
2,0,3,4,1,0,7,t,606.534
2,0,3,4,1,0,7,ct,587.460
2,0,3,4,1,2,7,n,545.470
2,0,3,4,1,2,7,c,533.670
2,0,3,4,1,2,7,t,574.565
2,0,3,4,1,2,7,ct,593.377
2,0,3,4,1,3,7,n,535.326
2,0,3,4,1,3,7,c,580.228
2,0,3,4,1,3,7,t,572.974
2,0,3,4,1,3,7,ct,549.212
2,0,3,7,0,0,7,n,569.748
2,0,3,7,0,0,7,c,665.056
2,0,3,7,0,0,7,t,566.701
2,0,3,7,0,2,7,n,527.629
2,0,3,7,0,0,7,ct,666.301
2,0,3,7,0,2,7,c,644.643
2,0,3,7,0,2,7,t,550.662
2,0,3,7,0,2,7,ct,617.937
2,0,3,7,0,3,7,n,546.145
2,0,3,7,0,3,7,c,625.765
2,0,3,7,0,3,7,t,557.501
2,0,3,7,0,3,7,ct,652.636
2,0,3,7,1,0,7,n,546.551
2,0,3,7,1,0,7,c,578.092
2,0,3,7,1,0,7,t,587.931
2,0,3,7,1,0,7,ct,578.066
2,0,3,7,1,2,7,n,545.672
2,0,3,7,1,2,7,c,553.828
2,0,3,7,1,2,7,t,554.175
2,0,3,7,1,2,7,ct,595.088
2,0,3,7,1,3,7,n,554.926
2,0,3,7,1,3,7,c,563.107
2,0,3,7,1,3,7,t,561.973
2,0,3,7,1,3,7,ct,613.429
1,0,2,2,1,3,7,c,431.983
1,0,3,1,1,3,7,n,435.762
1,0,0,4,1,2,7,c,442.012